{"meta": {"format": 3, "version": "7.10.4", "timestamp": "2025-11-23T16:41:03.291269", "branch_coverage": true, "show_contexts": false}, "files": {"src/api/__init__.py": {"executed_lines": [2, 4], "summary": {"covered_lines": 1, "num_statements": 1, "percent_covered": 100.0, "percent_covered_display": "100", "missing_lines": 0, "excluded_lines": 0, "num_branches": 0, "num_partial_branches": 0, "covered_branches": 0, "missing_branches": 0}, "missing_lines": [], "excluded_lines": [], "executed_branches": [], "missing_branches": [], "functions": {"": {"executed_lines": [2, 4], "summary": {"covered_lines": 1, "num_statements": 1, "percent_covered": 100.0, "percent_covered_display": "100", "missing_lines": 0, "excluded_lines": 0, "num_branches": 0, "num_partial_branches": 0, "covered_branches": 0, "missing_branches": 0}, "missing_lines": [], "excluded_lines": [], "executed_branches": [], "missing_branches": []}}, "classes": {"": {"executed_lines": [2, 4], "summary": {"covered_lines": 1, "num_statements": 1, "percent_covered": 100.0, "percent_covered_display": "100", "missing_lines": 0, "excluded_lines": 0, "num_branches": 0, "num_partial_branches": 0, "covered_branches": 0, "missing_branches": 0}, "missing_lines": [], "excluded_lines": [], "executed_branches": [], "missing_branches": []}}}, "src/api/main.py": {"executed_lines": [3, 5, 7, 8, 10, 12, 13, 14, 15, 16, 17, 18, 19, 20, 21, 22, 23, 24, 26, 29, 31, 32, 33, 42, 43, 44, 45, 46, 52, 54, 58, 59, 64, 65, 66, 68, 70, 73], "summary": {"covered_lines": 37, "num_statements": 43, "percent_covered": 82.97872340425532, "percent_covered_display": "83", "missing_lines": 6, "excluded_lines": 0, "num_branches": 4, "num_partial_branches": 2, "covered_branches": 2, "missing_branches": 2}, "missing_lines": [47, 48, 49, 50, 51, 71], "excluded_lines": [], "executed_branches": [[43, 44], [46, 52]], "missing_branches": [[43, 45], [46, 47]], "functions": {"lifespan": {"executed_lines": [32, 33, 42, 43, 44, 45, 46, 52, 54], "summary": {"covered_lines": 9, "num_statements": 14, "percent_covered": 61.111111111111114, "percent_covered_display": "61", "missing_lines": 5, "excluded_lines": 0, "num_branches": 4, "num_partial_branches": 2, "covered_branches": 2, "missing_branches": 2}, "missing_lines": [47, 48, 49, 50, 51], "excluded_lines": [], "executed_branches": [[43, 44], [46, 52]], "missing_branches": [[43, 45], [46, 47]]}, "create_app": {"executed_lines": [59, 64, 65, 66, 68, 70, 73], "summary": {"covered_lines": 7, "num_statements": 7, "percent_covered": 100.0, "percent_covered_display": "100", "missing_lines": 0, "excluded_lines": 0, "num_branches": 0, "num_partial_branches": 0, "covered_branches": 0, "missing_branches": 0}, "missing_lines": [], "excluded_lines": [], "executed_branches": [], "missing_branches": []}, "create_app.health_check": {"executed_lines": [], "summary": {"covered_lines": 0, "num_statements": 1, "percent_covered": 0.0, "percent_covered_display": "0", "missing_lines": 1, "excluded_lines": 0, "num_branches": 0, "num_partial_branches": 0, "covered_branches": 0, "missing_branches": 0}, "missing_lines": [71], "excluded_lines": [], "executed_branches": [], "missing_branches": []}, "": {"executed_lines": [3, 5, 7, 8, 10, 12, 13, 14, 15, 16, 17, 18, 19, 20, 21, 22, 23, 24, 26, 29, 31, 58], "summary": {"covered_lines": 21, "num_statements": 21, "percent_covered": 100.0, "percent_covered_display": "100", "missing_lines": 0, "excluded_lines": 0, "num_branches": 0, "num_partial_branches": 0, "covered_branches": 0, "missing_branches": 0}, "missing_lines": [], "excluded_lines": [], "executed_branches": [], "missing_branches": []}}, "classes": {"": {"executed_lines": [3, 5, 7, 8, 10, 12, 13, 14, 15, 16, 17, 18, 19, 20, 21, 22, 23, 24, 26, 29, 31, 32, 33, 42, 43, 44, 45, 46, 52, 54, 58, 59, 64, 65, 66, 68, 70, 73], "summary": {"covered_lines": 37, "num_statements": 43, "percent_covered": 82.97872340425532, "percent_covered_display": "83", "missing_lines": 6, "excluded_lines": 0, "num_branches": 4, "num_partial_branches": 2, "covered_branches": 2, "missing_branches": 2}, "missing_lines": [47, 48, 49, 50, 51, 71], "excluded_lines": [], "executed_branches": [[43, 44], [46, 52]], "missing_branches": [[43, 45], [46, 47]]}}}, "src/api/v1/__init__.py": {"executed_lines": [2, 4], "summary": {"covered_lines": 1, "num_statements": 1, "percent_covered": 100.0, "percent_covered_display": "100", "missing_lines": 0, "excluded_lines": 0, "num_branches": 0, "num_partial_branches": 0, "covered_branches": 0, "missing_branches": 0}, "missing_lines": [], "excluded_lines": [], "executed_branches": [], "missing_branches": [], "functions": {"": {"executed_lines": [2, 4], "summary": {"covered_lines": 1, "num_statements": 1, "percent_covered": 100.0, "percent_covered_display": "100", "missing_lines": 0, "excluded_lines": 0, "num_branches": 0, "num_partial_branches": 0, "covered_branches": 0, "missing_branches": 0}, "missing_lines": [], "excluded_lines": [], "executed_branches": [], "missing_branches": []}}, "classes": {"": {"executed_lines": [2, 4], "summary": {"covered_lines": 1, "num_statements": 1, "percent_covered": 100.0, "percent_covered_display": "100", "missing_lines": 0, "excluded_lines": 0, "num_branches": 0, "num_partial_branches": 0, "covered_branches": 0, "missing_branches": 0}, "missing_lines": [], "excluded_lines": [], "executed_branches": [], "missing_branches": []}}}, "src/api/v1/development_routes.py": {"executed_lines": [2, 6, 8, 9, 10, 12, 13, 14, 15, 17, 21, 22, 25, 27], "summary": {"covered_lines": 13, "num_statements": 20, "percent_covered": 65.0, "percent_covered_display": "65", "missing_lines": 7, "excluded_lines": 0, "num_branches": 0, "num_partial_branches": 0, "covered_branches": 0, "missing_branches": 0}, "missing_lines": [37, 39, 42, 43, 44, 46, 50], "excluded_lines": [], "executed_branches": [], "missing_branches": [], "functions": {"start_development_cycle": {"executed_lines": [], "summary": {"covered_lines": 0, "num_statements": 7, "percent_covered": 0.0, "percent_covered_display": "0", "missing_lines": 7, "excluded_lines": 0, "num_branches": 0, "num_partial_branches": 0, "covered_branches": 0, "missing_branches": 0}, "missing_lines": [37, 39, 42, 43, 44, 46, 50], "excluded_lines": [], "executed_branches": [], "missing_branches": []}, "": {"executed_lines": [2, 6, 8, 9, 10, 12, 13, 14, 15, 17, 21, 22, 25, 27], "summary": {"covered_lines": 13, "num_statements": 13, "percent_covered": 100.0, "percent_covered_display": "100", "missing_lines": 0, "excluded_lines": 0, "num_branches": 0, "num_partial_branches": 0, "covered_branches": 0, "missing_branches": 0}, "missing_lines": [], "excluded_lines": [], "executed_branches": [], "missing_branches": []}}, "classes": {"DevelopmentGoal": {"executed_lines": [], "summary": {"covered_lines": 0, "num_statements": 0, "percent_covered": 100.0, "percent_covered_display": "100", "missing_lines": 0, "excluded_lines": 0, "num_branches": 0, "num_partial_branches": 0, "covered_branches": 0, "missing_branches": 0}, "missing_lines": [], "excluded_lines": [], "executed_branches": [], "missing_branches": []}, "": {"executed_lines": [2, 6, 8, 9, 10, 12, 13, 14, 15, 17, 21, 22, 25, 27], "summary": {"covered_lines": 13, "num_statements": 20, "percent_covered": 65.0, "percent_covered_display": "65", "missing_lines": 7, "excluded_lines": 0, "num_branches": 0, "num_partial_branches": 0, "covered_branches": 0, "missing_branches": 0}, "missing_lines": [37, 39, 42, 43, 44, 46, 50], "excluded_lines": [], "executed_branches": [], "missing_branches": []}}}, "src/api/v1/knowledge_routes.py": {"executed_lines": [3, 5, 7, 8, 10, 11, 13, 16, 18, 25, 26], "summary": {"covered_lines": 10, "num_statements": 11, "percent_covered": 90.9090909090909, "percent_covered_display": "91", "missing_lines": 1, "excluded_lines": 0, "num_branches": 0, "num_partial_branches": 0, "covered_branches": 0, "missing_branches": 0}, "missing_lines": [27], "excluded_lines": [], "executed_branches": [], "missing_branches": [], "functions": {"list_capabilities": {"executed_lines": [25, 26], "summary": {"covered_lines": 2, "num_statements": 3, "percent_covered": 66.66666666666667, "percent_covered_display": "67", "missing_lines": 1, "excluded_lines": 0, "num_branches": 0, "num_partial_branches": 0, "covered_branches": 0, "missing_branches": 0}, "missing_lines": [27], "excluded_lines": [], "executed_branches": [], "missing_branches": []}, "": {"executed_lines": [3, 5, 7, 8, 10, 11, 13, 16, 18], "summary": {"covered_lines": 8, "num_statements": 8, "percent_covered": 100.0, "percent_covered_display": "100", "missing_lines": 0, "excluded_lines": 0, "num_branches": 0, "num_partial_branches": 0, "covered_branches": 0, "missing_branches": 0}, "missing_lines": [], "excluded_lines": [], "executed_branches": [], "missing_branches": []}}, "classes": {"": {"executed_lines": [3, 5, 7, 8, 10, 11, 13, 16, 18, 25, 26], "summary": {"covered_lines": 10, "num_statements": 11, "percent_covered": 90.9090909090909, "percent_covered_display": "91", "missing_lines": 1, "excluded_lines": 0, "num_branches": 0, "num_partial_branches": 0, "covered_branches": 0, "missing_branches": 0}, "missing_lines": [27], "excluded_lines": [], "executed_branches": [], "missing_branches": []}}}, "src/body/__init__.py": {"executed_lines": [2, 4], "summary": {"covered_lines": 1, "num_statements": 1, "percent_covered": 100.0, "percent_covered_display": "100", "missing_lines": 0, "excluded_lines": 0, "num_branches": 0, "num_partial_branches": 0, "covered_branches": 0, "missing_branches": 0}, "missing_lines": [], "excluded_lines": [], "executed_branches": [], "missing_branches": [], "functions": {"": {"executed_lines": [2, 4], "summary": {"covered_lines": 1, "num_statements": 1, "percent_covered": 100.0, "percent_covered_display": "100", "missing_lines": 0, "excluded_lines": 0, "num_branches": 0, "num_partial_branches": 0, "covered_branches": 0, "missing_branches": 0}, "missing_lines": [], "excluded_lines": [], "executed_branches": [], "missing_branches": []}}, "classes": {"": {"executed_lines": [2, 4], "summary": {"covered_lines": 1, "num_statements": 1, "percent_covered": 100.0, "percent_covered_display": "100", "missing_lines": 0, "excluded_lines": 0, "num_branches": 0, "num_partial_branches": 0, "covered_branches": 0, "missing_branches": 0}, "missing_lines": [], "excluded_lines": [], "executed_branches": [], "missing_branches": []}}}, "src/body/actions/base.py": {"executed_lines": [2, 6, 8, 9, 11, 17, 18, 20, 21, 23, 27, 29], "summary": {"covered_lines": 10, "num_statements": 14, "percent_covered": 68.75, "percent_covered_display": "69", "missing_lines": 4, "excluded_lines": 0, "num_branches": 2, "num_partial_branches": 1, "covered_branches": 1, "missing_branches": 1}, "missing_lines": [12, 13, 25, 38], "excluded_lines": [], "executed_branches": [[11, 17]], "missing_branches": [[11, 12]], "functions": {"ActionHandler.name": {"executed_lines": [], "summary": {"covered_lines": 0, "num_statements": 1, "percent_covered": 0.0, "percent_covered_display": "0", "missing_lines": 1, "excluded_lines": 0, "num_branches": 0, "num_partial_branches": 0, "covered_branches": 0, "missing_branches": 0}, "missing_lines": [25], "excluded_lines": [], "executed_branches": [], "missing_branches": []}, "ActionHandler.execute": {"executed_lines": [], "summary": {"covered_lines": 0, "num_statements": 1, "percent_covered": 0.0, "percent_covered_display": "0", "missing_lines": 1, "excluded_lines": 0, "num_branches": 0, "num_partial_branches": 0, "covered_branches": 0, "missing_branches": 0}, "missing_lines": [38], "excluded_lines": [], "executed_branches": [], "missing_branches": []}, "": {"executed_lines": [2, 6, 8, 9, 11, 17, 18, 20, 21, 23, 27, 29], "summary": {"covered_lines": 10, "num_statements": 12, "percent_covered": 78.57142857142857, "percent_covered_display": "79", "missing_lines": 2, "excluded_lines": 0, "num_branches": 2, "num_partial_branches": 1, "covered_branches": 1, "missing_branches": 1}, "missing_lines": [12, 13], "excluded_lines": [], "executed_branches": [[11, 17]], "missing_branches": [[11, 12]]}}, "classes": {"ActionHandler": {"executed_lines": [], "summary": {"covered_lines": 0, "num_statements": 2, "percent_covered": 0.0, "percent_covered_display": "0", "missing_lines": 2, "excluded_lines": 0, "num_branches": 0, "num_partial_branches": 0, "covered_branches": 0, "missing_branches": 0}, "missing_lines": [25, 38], "excluded_lines": [], "executed_branches": [], "missing_branches": []}, "": {"executed_lines": [2, 6, 8, 9, 11, 17, 18, 20, 21, 23, 27, 29], "summary": {"covered_lines": 10, "num_statements": 12, "percent_covered": 78.57142857142857, "percent_covered_display": "79", "missing_lines": 2, "excluded_lines": 0, "num_branches": 2, "num_partial_branches": 1, "covered_branches": 1, "missing_branches": 1}, "missing_lines": [12, 13], "excluded_lines": [], "executed_branches": [[11, 17]], "missing_branches": [[11, 12]]}}}, "src/body/actions/code_actions.py": {"executed_lines": [3, 7, 9, 10, 12, 13, 14, 16, 17, 19, 22, 26, 27, 28, 29, 30, 31, 34, 40, 41, 42, 43, 44, 45, 46, 47, 48, 49, 50, 51, 52, 53, 54, 57, 58, 59, 60, 64, 65, 67, 69, 70, 73, 74, 75, 76, 79, 80, 81, 82, 85, 86, 90, 97, 98, 99, 103, 104, 106, 108, 109, 112, 113, 114, 115, 116, 119, 120, 121, 124, 127, 128, 132, 139, 140, 141, 145, 146, 148, 150, 151, 154, 155, 160, 161, 164, 165, 166, 169, 170, 173, 174, 178, 179, 180, 183, 184, 185, 192, 193, 194], "summary": {"covered_lines": 97, "num_statements": 97, "percent_covered": 96.94656488549619, "percent_covered_display": "97", "missing_lines": 0, "excluded_lines": 0, "num_branches": 34, "num_partial_branches": 4, "covered_branches": 30, "missing_branches": 4}, "missing_lines": [], "excluded_lines": [], "executed_branches": [[26, 27], [26, 31], [27, 26], [27, 28], [28, 26], [28, 29], [29, 30], [45, 46], [45, 47], [75, 76], [75, 79], [80, 81], [80, 82], [85, 86], [85, 90], [97, 98], [115, 116], [115, 119], [120, 121], [120, 124], [127, 128], [127, 132], [139, 140], [160, 161], [160, 164], [165, 166], [165, 169], [173, 174], [173, 178], [192, 193]], "missing_branches": [[29, 26], [97, -73], [139, -112], [192, -154]], "functions": {"_get_symbol_start_end_lines": {"executed_lines": [26, 27, 28, 29, 30, 31], "summary": {"covered_lines": 6, "num_statements": 6, "percent_covered": 92.85714285714286, "percent_covered_display": "93", "missing_lines": 0, "excluded_lines": 0, "num_branches": 8, "num_partial_branches": 1, "covered_branches": 7, "missing_branches": 1}, "missing_lines": [], "excluded_lines": [], "executed_branches": [[26, 27], [26, 31], [27, 26], [27, 28], [28, 26], [28, 29], [29, 30]], "missing_branches": [[29, 26]]}, "_replace_symbol_in_code": {"executed_lines": [40, 41, 42, 43, 44, 45, 46, 47, 48, 49, 50, 51, 52, 53, 54, 57, 58, 59, 60], "summary": {"covered_lines": 19, "num_statements": 19, "percent_covered": 100.0, "percent_covered_display": "100", "missing_lines": 0, "excluded_lines": 0, "num_branches": 2, "num_partial_branches": 0, "covered_branches": 2, "missing_branches": 0}, "missing_lines": [], "excluded_lines": [], "executed_branches": [[45, 46], [45, 47]], "missing_branches": []}, "CreateFileHandler.name": {"executed_lines": [70], "summary": {"covered_lines": 1, "num_statements": 1, "percent_covered": 100.0, "percent_covered_display": "100", "missing_lines": 0, "excluded_lines": 0, "num_branches": 0, "num_partial_branches": 0, "covered_branches": 0, "missing_branches": 0}, "missing_lines": [], "excluded_lines": [], "executed_branches": [], "missing_branches": []}, "CreateFileHandler.execute": {"executed_lines": [74, 75, 76, 79, 80, 81, 82, 85, 86, 90, 97, 98, 99], "summary": {"covered_lines": 13, "num_statements": 13, "percent_covered": 95.23809523809524, "percent_covered_display": "95", "missing_lines": 0, "excluded_lines": 0, "num_branches": 8, "num_partial_branches": 1, "covered_branches": 7, "missing_branches": 1}, "missing_lines": [], "excluded_lines": [], "executed_branches": [[75, 76], [75, 79], [80, 81], [80, 82], [85, 86], [85, 90], [97, 98]], "missing_branches": [[97, -73]]}, "EditFileHandler.name": {"executed_lines": [109], "summary": {"covered_lines": 1, "num_statements": 1, "percent_covered": 100.0, "percent_covered_display": "100", "missing_lines": 0, "excluded_lines": 0, "num_branches": 0, "num_partial_branches": 0, "covered_branches": 0, "missing_branches": 0}, "missing_lines": [], "excluded_lines": [], "executed_branches": [], "missing_branches": []}, "EditFileHandler.execute": {"executed_lines": [113, 114, 115, 116, 119, 120, 121, 124, 127, 128, 132, 139, 140, 141], "summary": {"covered_lines": 14, "num_statements": 14, "percent_covered": 95.45454545454545, "percent_covered_display": "95", "missing_lines": 0, "excluded_lines": 0, "num_branches": 8, "num_partial_branches": 1, "covered_branches": 7, "missing_branches": 1}, "missing_lines": [], "excluded_lines": [], "executed_branches": [[115, 116], [115, 119], [120, 121], [120, 124], [127, 128], [127, 132], [139, 140]], "missing_branches": [[139, -112]]}, "EditFunctionHandler.name": {"executed_lines": [151], "summary": {"covered_lines": 1, "num_statements": 1, "percent_covered": 100.0, "percent_covered_display": "100", "missing_lines": 0, "excluded_lines": 0, "num_branches": 0, "num_partial_branches": 0, "covered_branches": 0, "missing_branches": 0}, "missing_lines": [], "excluded_lines": [], "executed_branches": [], "missing_branches": []}, "EditFunctionHandler.execute": {"executed_lines": [155, 160, 161, 164, 165, 166, 169, 170, 173, 174, 178, 179, 180, 183, 184, 185, 192, 193, 194], "summary": {"covered_lines": 19, "num_statements": 19, "percent_covered": 96.29629629629629, "percent_covered_display": "96", "missing_lines": 0, "excluded_lines": 0, "num_branches": 8, "num_partial_branches": 1, "covered_branches": 7, "missing_branches": 1}, "missing_lines": [], "excluded_lines": [], "executed_branches": [[160, 161], [160, 164], [165, 166], [165, 169], [173, 174], [173, 178], [192, 193]], "missing_branches": [[192, -154]]}, "": {"executed_lines": [3, 7, 9, 10, 12, 13, 14, 16, 17, 19, 22, 34, 64, 65, 67, 69, 73, 103, 104, 106, 108, 112, 145, 146, 148, 150, 154], "summary": {"covered_lines": 23, "num_statements": 23, "percent_covered": 100.0, "percent_covered_display": "100", "missing_lines": 0, "excluded_lines": 0, "num_branches": 0, "num_partial_branches": 0, "covered_branches": 0, "missing_branches": 0}, "missing_lines": [], "excluded_lines": [], "executed_branches": [], "missing_branches": []}}, "classes": {"CreateFileHandler": {"executed_lines": [70, 74, 75, 76, 79, 80, 81, 82, 85, 86, 90, 97, 98, 99], "summary": {"covered_lines": 14, "num_statements": 14, "percent_covered": 95.45454545454545, "percent_covered_display": "95", "missing_lines": 0, "excluded_lines": 0, "num_branches": 8, "num_partial_branches": 1, "covered_branches": 7, "missing_branches": 1}, "missing_lines": [], "excluded_lines": [], "executed_branches": [[75, 76], [75, 79], [80, 81], [80, 82], [85, 86], [85, 90], [97, 98]], "missing_branches": [[97, -73]]}, "EditFileHandler": {"executed_lines": [109, 113, 114, 115, 116, 119, 120, 121, 124, 127, 128, 132, 139, 140, 141], "summary": {"covered_lines": 15, "num_statements": 15, "percent_covered": 95.65217391304348, "percent_covered_display": "96", "missing_lines": 0, "excluded_lines": 0, "num_branches": 8, "num_partial_branches": 1, "covered_branches": 7, "missing_branches": 1}, "missing_lines": [], "excluded_lines": [], "executed_branches": [[115, 116], [115, 119], [120, 121], [120, 124], [127, 128], [127, 132], [139, 140]], "missing_branches": [[139, -112]]}, "EditFunctionHandler": {"executed_lines": [151, 155, 160, 161, 164, 165, 166, 169, 170, 173, 174, 178, 179, 180, 183, 184, 185, 192, 193, 194], "summary": {"covered_lines": 20, "num_statements": 20, "percent_covered": 96.42857142857143, "percent_covered_display": "96", "missing_lines": 0, "excluded_lines": 0, "num_branches": 8, "num_partial_branches": 1, "covered_branches": 7, "missing_branches": 1}, "missing_lines": [], "excluded_lines": [], "executed_branches": [[160, 161], [160, 164], [165, 166], [165, 169], [173, 174], [173, 178], [192, 193]], "missing_branches": [[192, -154]]}, "": {"executed_lines": [3, 7, 9, 10, 12, 13, 14, 16, 17, 19, 22, 26, 27, 28, 29, 30, 31, 34, 40, 41, 42, 43, 44, 45, 46, 47, 48, 49, 50, 51, 52, 53, 54, 57, 58, 59, 60, 64, 65, 67, 69, 73, 103, 104, 106, 108, 112, 145, 146, 148, 150, 154], "summary": {"covered_lines": 48, "num_statements": 48, "percent_covered": 98.27586206896552, "percent_covered_display": "98", "missing_lines": 0, "excluded_lines": 0, "num_branches": 10, "num_partial_branches": 1, "covered_branches": 9, "missing_branches": 1}, "missing_lines": [], "excluded_lines": [], "executed_branches": [[26, 27], [26, 31], [27, 26], [27, 28], [28, 26], [28, 29], [29, 30], [45, 46], [45, 47]], "missing_branches": [[29, 26]]}}}, "src/body/actions/context.py": {"executed_lines": [2, 6, 8, 9, 11, 18, 20, 21, 23, 24, 25, 26], "summary": {"covered_lines": 10, "num_statements": 13, "percent_covered": 73.33333333333333, "percent_covered_display": "73", "missing_lines": 3, "excluded_lines": 0, "num_branches": 2, "num_partial_branches": 1, "covered_branches": 1, "missing_branches": 1}, "missing_lines": [12, 13, 14], "excluded_lines": [], "executed_branches": [[11, 18]], "missing_branches": [[11, 12]], "functions": {"": {"executed_lines": [2, 6, 8, 9, 11, 18, 20, 21, 23, 24, 25, 26], "summary": {"covered_lines": 10, "num_statements": 13, "percent_covered": 73.33333333333333, "percent_covered_display": "73", "missing_lines": 3, "excluded_lines": 0, "num_branches": 2, "num_partial_branches": 1, "covered_branches": 1, "missing_branches": 1}, "missing_lines": [12, 13, 14], "excluded_lines": [], "executed_branches": [[11, 18]], "missing_branches": [[11, 12]]}}, "classes": {"PlanExecutorContext": {"executed_lines": [], "summary": {"covered_lines": 0, "num_statements": 0, "percent_covered": 100.0, "percent_covered_display": "100", "missing_lines": 0, "excluded_lines": 0, "num_branches": 0, "num_partial_branches": 0, "covered_branches": 0, "missing_branches": 0}, "missing_lines": [], "excluded_lines": [], "executed_branches": [], "missing_branches": []}, "": {"executed_lines": [2, 6, 8, 9, 11, 18, 20, 21, 23, 24, 25, 26], "summary": {"covered_lines": 10, "num_statements": 13, "percent_covered": 73.33333333333333, "percent_covered_display": "73", "missing_lines": 3, "excluded_lines": 0, "num_branches": 2, "num_partial_branches": 1, "covered_branches": 1, "missing_branches": 1}, "missing_lines": [12, 13, 14], "excluded_lines": [], "executed_branches": [[11, 18]], "missing_branches": [[11, 12]]}}}, "src/body/actions/file_actions.py": {"executed_lines": [3, 7, 9, 10, 12, 13, 15, 19, 20, 22, 24, 25, 28, 45, 46, 48, 50, 51, 54, 69, 70, 72, 74, 75, 78], "summary": {"covered_lines": 21, "num_statements": 53, "percent_covered": 30.434782608695652, "percent_covered_display": "30", "missing_lines": 32, "excluded_lines": 0, "num_branches": 16, "num_partial_branches": 0, "covered_branches": 0, "missing_branches": 16}, "missing_lines": [29, 30, 31, 32, 33, 34, 35, 36, 39, 40, 41, 55, 56, 57, 58, 59, 60, 63, 64, 65, 79, 80, 81, 82, 83, 84, 87, 88, 89, 90, 91, 92], "excluded_lines": [], "executed_branches": [], "missing_branches": [[30, 31], [30, 32], [33, 34], [33, 35], [35, 36], [35, 39], [56, 57], [56, 58], [59, 60], [59, 63], [80, 81], [80, 82], [83, 84], [83, 88], [90, -78], [90, 91]], "functions": {"ReadFileHandler.name": {"executed_lines": [25], "summary": {"covered_lines": 1, "num_statements": 1, "percent_covered": 100.0, "percent_covered_display": "100", "missing_lines": 0, "excluded_lines": 0, "num_branches": 0, "num_partial_branches": 0, "covered_branches": 0, "missing_branches": 0}, "missing_lines": [], "excluded_lines": [], "executed_branches": [], "missing_branches": []}, "ReadFileHandler.execute": {"executed_lines": [], "summary": {"covered_lines": 0, "num_statements": 11, "percent_covered": 0.0, "percent_covered_display": "0", "missing_lines": 11, "excluded_lines": 0, "num_branches": 6, "num_partial_branches": 0, "covered_branches": 0, "missing_branches": 6}, "missing_lines": [29, 30, 31, 32, 33, 34, 35, 36, 39, 40, 41], "excluded_lines": [], "executed_branches": [], "missing_branches": [[30, 31], [30, 32], [33, 34], [33, 35], [35, 36], [35, 39]]}, "ListFilesHandler.name": {"executed_lines": [51], "summary": {"covered_lines": 1, "num_statements": 1, "percent_covered": 100.0, "percent_covered_display": "100", "missing_lines": 0, "excluded_lines": 0, "num_branches": 0, "num_partial_branches": 0, "covered_branches": 0, "missing_branches": 0}, "missing_lines": [], "excluded_lines": [], "executed_branches": [], "missing_branches": []}, "ListFilesHandler.execute": {"executed_lines": [], "summary": {"covered_lines": 0, "num_statements": 9, "percent_covered": 0.0, "percent_covered_display": "0", "missing_lines": 9, "excluded_lines": 0, "num_branches": 4, "num_partial_branches": 0, "covered_branches": 0, "missing_branches": 4}, "missing_lines": [55, 56, 57, 58, 59, 60, 63, 64, 65], "excluded_lines": [], "executed_branches": [], "missing_branches": [[56, 57], [56, 58], [59, 60], [59, 63]]}, "DeleteFileHandler.name": {"executed_lines": [75], "summary": {"covered_lines": 1, "num_statements": 1, "percent_covered": 100.0, "percent_covered_display": "100", "missing_lines": 0, "excluded_lines": 0, "num_branches": 0, "num_partial_branches": 0, "covered_branches": 0, "missing_branches": 0}, "missing_lines": [], "excluded_lines": [], "executed_branches": [], "missing_branches": []}, "DeleteFileHandler.execute": {"executed_lines": [], "summary": {"covered_lines": 0, "num_statements": 12, "percent_covered": 0.0, "percent_covered_display": "0", "missing_lines": 12, "excluded_lines": 0, "num_branches": 6, "num_partial_branches": 0, "covered_branches": 0, "missing_branches": 6}, "missing_lines": [79, 80, 81, 82, 83, 84, 87, 88, 89, 90, 91, 92], "excluded_lines": [], "executed_branches": [], "missing_branches": [[80, 81], [80, 82], [83, 84], [83, 88], [90, -78], [90, 91]]}, "": {"executed_lines": [3, 7, 9, 10, 12, 13, 15, 19, 20, 22, 24, 28, 45, 46, 48, 50, 54, 69, 70, 72, 74, 78], "summary": {"covered_lines": 18, "num_statements": 18, "percent_covered": 100.0, "percent_covered_display": "100", "missing_lines": 0, "excluded_lines": 0, "num_branches": 0, "num_partial_branches": 0, "covered_branches": 0, "missing_branches": 0}, "missing_lines": [], "excluded_lines": [], "executed_branches": [], "missing_branches": []}}, "classes": {"ReadFileHandler": {"executed_lines": [25], "summary": {"covered_lines": 1, "num_statements": 12, "percent_covered": 5.555555555555555, "percent_covered_display": "6", "missing_lines": 11, "excluded_lines": 0, "num_branches": 6, "num_partial_branches": 0, "covered_branches": 0, "missing_branches": 6}, "missing_lines": [29, 30, 31, 32, 33, 34, 35, 36, 39, 40, 41], "excluded_lines": [], "executed_branches": [], "missing_branches": [[30, 31], [30, 32], [33, 34], [33, 35], [35, 36], [35, 39]]}, "ListFilesHandler": {"executed_lines": [51], "summary": {"covered_lines": 1, "num_statements": 10, "percent_covered": 7.142857142857143, "percent_covered_display": "7", "missing_lines": 9, "excluded_lines": 0, "num_branches": 4, "num_partial_branches": 0, "covered_branches": 0, "missing_branches": 4}, "missing_lines": [55, 56, 57, 58, 59, 60, 63, 64, 65], "excluded_lines": [], "executed_branches": [], "missing_branches": [[56, 57], [56, 58], [59, 60], [59, 63]]}, "DeleteFileHandler": {"executed_lines": [75], "summary": {"covered_lines": 1, "num_statements": 13, "percent_covered": 5.2631578947368425, "percent_covered_display": "5", "missing_lines": 12, "excluded_lines": 0, "num_branches": 6, "num_partial_branches": 0, "covered_branches": 0, "missing_branches": 6}, "missing_lines": [79, 80, 81, 82, 83, 84, 87, 88, 89, 90, 91, 92], "excluded_lines": [], "executed_branches": [], "missing_branches": [[80, 81], [80, 82], [83, 84], [83, 88], [90, -78], [90, 91]]}, "": {"executed_lines": [3, 7, 9, 10, 12, 13, 15, 19, 20, 22, 24, 28, 45, 46, 48, 50, 54, 69, 70, 72, 74, 78], "summary": {"covered_lines": 18, "num_statements": 18, "percent_covered": 100.0, "percent_covered_display": "100", "missing_lines": 0, "excluded_lines": 0, "num_branches": 0, "num_partial_branches": 0, "covered_branches": 0, "missing_branches": 0}, "missing_lines": [], "excluded_lines": [], "executed_branches": [], "missing_branches": []}}}, "src/body/actions/governance_actions.py": {"executed_lines": [3, 7, 9, 11, 13, 14, 16, 17, 19, 23, 24, 26, 28, 29, 32], "summary": {"covered_lines": 13, "num_statements": 29, "percent_covered": 39.39393939393939, "percent_covered_display": "39", "missing_lines": 16, "excluded_lines": 0, "num_branches": 4, "num_partial_branches": 0, "covered_branches": 0, "missing_branches": 4}, "missing_lines": [33, 34, 35, 36, 37, 38, 39, 42, 45, 51, 54, 55, 56, 57, 58, 59], "excluded_lines": [], "executed_branches": [], "missing_branches": [[36, 37], [36, 38], [57, -32], [57, 58]], "functions": {"CreateProposalHandler.name": {"executed_lines": [29], "summary": {"covered_lines": 1, "num_statements": 1, "percent_covered": 100.0, "percent_covered_display": "100", "missing_lines": 0, "excluded_lines": 0, "num_branches": 0, "num_partial_branches": 0, "covered_branches": 0, "missing_branches": 0}, "missing_lines": [], "excluded_lines": [], "executed_branches": [], "missing_branches": []}, "CreateProposalHandler.execute": {"executed_lines": [], "summary": {"covered_lines": 0, "num_statements": 16, "percent_covered": 0.0, "percent_covered_display": "0", "missing_lines": 16, "excluded_lines": 0, "num_branches": 4, "num_partial_branches": 0, "covered_branches": 0, "missing_branches": 4}, "missing_lines": [33, 34, 35, 36, 37, 38, 39, 42, 45, 51, 54, 55, 56, 57, 58, 59], "excluded_lines": [], "executed_branches": [], "missing_branches": [[36, 37], [36, 38], [57, -32], [57, 58]]}, "": {"executed_lines": [3, 7, 9, 11, 13, 14, 16, 17, 19, 23, 24, 26, 28, 32], "summary": {"covered_lines": 12, "num_statements": 12, "percent_covered": 100.0, "percent_covered_display": "100", "missing_lines": 0, "excluded_lines": 0, "num_branches": 0, "num_partial_branches": 0, "covered_branches": 0, "missing_branches": 0}, "missing_lines": [], "excluded_lines": [], "executed_branches": [], "missing_branches": []}}, "classes": {"CreateProposalHandler": {"executed_lines": [29], "summary": {"covered_lines": 1, "num_statements": 17, "percent_covered": 4.761904761904762, "percent_covered_display": "5", "missing_lines": 16, "excluded_lines": 0, "num_branches": 4, "num_partial_branches": 0, "covered_branches": 0, "missing_branches": 4}, "missing_lines": [33, 34, 35, 36, 37, 38, 39, 42, 45, 51, 54, 55, 56, 57, 58, 59], "excluded_lines": [], "executed_branches": [], "missing_branches": [[36, 37], [36, 38], [57, -32], [57, 58]]}, "": {"executed_lines": [3, 7, 9, 11, 13, 14, 16, 17, 19, 23, 24, 26, 28, 32], "summary": {"covered_lines": 12, "num_statements": 12, "percent_covered": 100.0, "percent_covered_display": "100", "missing_lines": 0, "excluded_lines": 0, "num_branches": 0, "num_partial_branches": 0, "covered_branches": 0, "missing_branches": 0}, "missing_lines": [], "excluded_lines": [], "executed_branches": [], "missing_branches": []}}}, "src/body/actions/healing_actions.py": {"executed_lines": [2, 6, 8, 9, 10, 11, 12, 13, 14, 18, 19, 21, 23, 25, 28, 33, 37, 38, 40, 42, 43, 46, 56, 57, 59, 61, 62, 65], "summary": {"covered_lines": 24, "num_statements": 28, "percent_covered": 85.71428571428571, "percent_covered_display": "86", "missing_lines": 4, "excluded_lines": 0, "num_branches": 0, "num_partial_branches": 0, "covered_branches": 0, "missing_branches": 0}, "missing_lines": [48, 49, 52, 70], "excluded_lines": [], "executed_branches": [], "missing_branches": [], "functions": {"FixDocstringsHandler.name": {"executed_lines": [25], "summary": {"covered_lines": 1, "num_statements": 1, "percent_covered": 100.0, "percent_covered_display": "100", "missing_lines": 0, "excluded_lines": 0, "num_branches": 0, "num_partial_branches": 0, "covered_branches": 0, "missing_branches": 0}, "missing_lines": [], "excluded_lines": [], "executed_branches": [], "missing_branches": []}, "FixDocstringsHandler.execute": {"executed_lines": [33], "summary": {"covered_lines": 1, "num_statements": 1, "percent_covered": 100.0, "percent_covered_display": "100", "missing_lines": 0, "excluded_lines": 0, "num_branches": 0, "num_partial_branches": 0, "covered_branches": 0, "missing_branches": 0}, "missing_lines": [], "excluded_lines": [], "executed_branches": [], "missing_branches": []}, "FixHeadersHandler.name": {"executed_lines": [43], "summary": {"covered_lines": 1, "num_statements": 1, "percent_covered": 100.0, "percent_covered_display": "100", "missing_lines": 0, "excluded_lines": 0, "num_branches": 0, "num_partial_branches": 0, "covered_branches": 0, "missing_branches": 0}, "missing_lines": [], "excluded_lines": [], "executed_branches": [], "missing_branches": []}, "FixHeadersHandler.execute": {"executed_lines": [], "summary": {"covered_lines": 0, "num_statements": 3, "percent_covered": 0.0, "percent_covered_display": "0", "missing_lines": 3, "excluded_lines": 0, "num_branches": 0, "num_partial_branches": 0, "covered_branches": 0, "missing_branches": 0}, "missing_lines": [48, 49, 52], "excluded_lines": [], "executed_branches": [], "missing_branches": []}, "FormatCodeHandler.name": {"executed_lines": [62], "summary": {"covered_lines": 1, "num_statements": 1, "percent_covered": 100.0, "percent_covered_display": "100", "missing_lines": 0, "excluded_lines": 0, "num_branches": 0, "num_partial_branches": 0, "covered_branches": 0, "missing_branches": 0}, "missing_lines": [], "excluded_lines": [], "executed_branches": [], "missing_branches": []}, "FormatCodeHandler.execute": {"executed_lines": [], "summary": {"covered_lines": 0, "num_statements": 1, "percent_covered": 0.0, "percent_covered_display": "0", "missing_lines": 1, "excluded_lines": 0, "num_branches": 0, "num_partial_branches": 0, "covered_branches": 0, "missing_branches": 0}, "missing_lines": [70], "excluded_lines": [], "executed_branches": [], "missing_branches": []}, "": {"executed_lines": [2, 6, 8, 9, 10, 11, 12, 13, 14, 18, 19, 21, 23, 28, 37, 38, 40, 42, 46, 56, 57, 59, 61, 65], "summary": {"covered_lines": 20, "num_statements": 20, "percent_covered": 100.0, "percent_covered_display": "100", "missing_lines": 0, "excluded_lines": 0, "num_branches": 0, "num_partial_branches": 0, "covered_branches": 0, "missing_branches": 0}, "missing_lines": [], "excluded_lines": [], "executed_branches": [], "missing_branches": []}}, "classes": {"FixDocstringsHandler": {"executed_lines": [25, 33], "summary": {"covered_lines": 2, "num_statements": 2, "percent_covered": 100.0, "percent_covered_display": "100", "missing_lines": 0, "excluded_lines": 0, "num_branches": 0, "num_partial_branches": 0, "covered_branches": 0, "missing_branches": 0}, "missing_lines": [], "excluded_lines": [], "executed_branches": [], "missing_branches": []}, "FixHeadersHandler": {"executed_lines": [43], "summary": {"covered_lines": 1, "num_statements": 4, "percent_covered": 25.0, "percent_covered_display": "25", "missing_lines": 3, "excluded_lines": 0, "num_branches": 0, "num_partial_branches": 0, "covered_branches": 0, "missing_branches": 0}, "missing_lines": [48, 49, 52], "excluded_lines": [], "executed_branches": [], "missing_branches": []}, "FormatCodeHandler": {"executed_lines": [62], "summary": {"covered_lines": 1, "num_statements": 2, "percent_covered": 50.0, "percent_covered_display": "50", "missing_lines": 1, "excluded_lines": 0, "num_branches": 0, "num_partial_branches": 0, "covered_branches": 0, "missing_branches": 0}, "missing_lines": [70], "excluded_lines": [], "executed_branches": [], "missing_branches": []}, "": {"executed_lines": [2, 6, 8, 9, 10, 11, 12, 13, 14, 18, 19, 21, 23, 28, 37, 38, 40, 42, 46, 56, 57, 59, 61, 65], "summary": {"covered_lines": 20, "num_statements": 20, "percent_covered": 100.0, "percent_covered_display": "100", "missing_lines": 0, "excluded_lines": 0, "num_branches": 0, "num_partial_branches": 0, "covered_branches": 0, "missing_branches": 0}, "missing_lines": [], "excluded_lines": [], "executed_branches": [], "missing_branches": []}}}, "src/body/actions/healing_actions_extended.py": {"executed_lines": [3, 7, 9, 11, 12, 13, 14, 15, 16, 18, 22, 23, 25, 27, 28, 31, 33, 34, 35, 47, 54, 55, 57, 59, 60, 63, 65, 66, 67, 79, 86, 87, 89, 91, 92, 95, 97, 99, 100, 101, 103, 104, 105, 106, 107, 114, 115, 117, 119, 120, 123, 125, 127, 128, 129, 136, 137, 139, 141, 142, 145, 147, 148, 149, 153], "summary": {"covered_lines": 59, "num_statements": 74, "percent_covered": 80.26315789473684, "percent_covered_display": "80", "missing_lines": 15, "excluded_lines": 0, "num_branches": 2, "num_partial_branches": 0, "covered_branches": 2, "missing_branches": 0}, "missing_lines": [48, 49, 50, 80, 81, 82, 108, 109, 110, 130, 131, 132, 154, 155, 156], "excluded_lines": [], "executed_branches": [[100, 101], [100, 103]], "missing_branches": [], "functions": {"FixUnusedImportsHandler.name": {"executed_lines": [28], "summary": {"covered_lines": 1, "num_statements": 1, "percent_covered": 100.0, "percent_covered_display": "100", "missing_lines": 0, "excluded_lines": 0, "num_branches": 0, "num_partial_branches": 0, "covered_branches": 0, "missing_branches": 0}, "missing_lines": [], "excluded_lines": [], "executed_branches": [], "missing_branches": []}, "FixUnusedImportsHandler.execute": {"executed_lines": [33, 34, 35, 47], "summary": {"covered_lines": 4, "num_statements": 7, "percent_covered": 57.142857142857146, "percent_covered_display": "57", "missing_lines": 3, "excluded_lines": 0, "num_branches": 0, "num_partial_branches": 0, "covered_branches": 0, "missing_branches": 0}, "missing_lines": [48, 49, 50], "excluded_lines": [], "executed_branches": [], "missing_branches": []}, "RemoveDeadCodeHandler.name": {"executed_lines": [60], "summary": {"covered_lines": 1, "num_statements": 1, "percent_covered": 100.0, "percent_covered_display": "100", "missing_lines": 0, "excluded_lines": 0, "num_branches": 0, "num_partial_branches": 0, "covered_branches": 0, "missing_branches": 0}, "missing_lines": [], "excluded_lines": [], "executed_branches": [], "missing_branches": []}, "RemoveDeadCodeHandler.execute": {"executed_lines": [65, 66, 67, 79], "summary": {"covered_lines": 4, "num_statements": 7, "percent_covered": 57.142857142857146, "percent_covered_display": "57", "missing_lines": 3, "excluded_lines": 0, "num_branches": 0, "num_partial_branches": 0, "covered_branches": 0, "missing_branches": 0}, "missing_lines": [80, 81, 82], "excluded_lines": [], "executed_branches": [], "missing_branches": []}, "EnforceLineLengthHandler.name": {"executed_lines": [92], "summary": {"covered_lines": 1, "num_statements": 1, "percent_covered": 100.0, "percent_covered_display": "100", "missing_lines": 0, "excluded_lines": 0, "num_branches": 0, "num_partial_branches": 0, "covered_branches": 0, "missing_branches": 0}, "missing_lines": [], "excluded_lines": [], "executed_branches": [], "missing_branches": []}, "EnforceLineLengthHandler.execute": {"executed_lines": [97, 99, 100, 101, 103, 104, 105, 106, 107], "summary": {"covered_lines": 9, "num_statements": 12, "percent_covered": 78.57142857142857, "percent_covered_display": "79", "missing_lines": 3, "excluded_lines": 0, "num_branches": 2, "num_partial_branches": 0, "covered_branches": 2, "missing_branches": 0}, "missing_lines": [108, 109, 110], "excluded_lines": [], "executed_branches": [[100, 101], [100, 103]], "missing_branches": []}, "AddPolicyIDsHandler.name": {"executed_lines": [120], "summary": {"covered_lines": 1, "num_statements": 1, "percent_covered": 100.0, "percent_covered_display": "100", "missing_lines": 0, "excluded_lines": 0, "num_branches": 0, "num_partial_branches": 0, "covered_branches": 0, "missing_branches": 0}, "missing_lines": [], "excluded_lines": [], "executed_branches": [], "missing_branches": []}, "AddPolicyIDsHandler.execute": {"executed_lines": [125, 127, 128, 129], "summary": {"covered_lines": 4, "num_statements": 7, "percent_covered": 57.142857142857146, "percent_covered_display": "57", "missing_lines": 3, "excluded_lines": 0, "num_branches": 0, "num_partial_branches": 0, "covered_branches": 0, "missing_branches": 0}, "missing_lines": [130, 131, 132], "excluded_lines": [], "executed_branches": [], "missing_branches": []}, "SortImportsHandler.name": {"executed_lines": [142], "summary": {"covered_lines": 1, "num_statements": 1, "percent_covered": 100.0, "percent_covered_display": "100", "missing_lines": 0, "excluded_lines": 0, "num_branches": 0, "num_partial_branches": 0, "covered_branches": 0, "missing_branches": 0}, "missing_lines": [], "excluded_lines": [], "executed_branches": [], "missing_branches": []}, "SortImportsHandler.execute": {"executed_lines": [147, 148, 149, 153], "summary": {"covered_lines": 4, "num_statements": 7, "percent_covered": 57.142857142857146, "percent_covered_display": "57", "missing_lines": 3, "excluded_lines": 0, "num_branches": 0, "num_partial_branches": 0, "covered_branches": 0, "missing_branches": 0}, "missing_lines": [154, 155, 156], "excluded_lines": [], "executed_branches": [], "missing_branches": []}, "": {"executed_lines": [3, 7, 9, 11, 12, 13, 14, 15, 16, 18, 22, 23, 25, 27, 31, 54, 55, 57, 59, 63, 86, 87, 89, 91, 95, 114, 115, 117, 119, 123, 136, 137, 139, 141, 145], "summary": {"covered_lines": 29, "num_statements": 29, "percent_covered": 100.0, "percent_covered_display": "100", "missing_lines": 0, "excluded_lines": 0, "num_branches": 0, "num_partial_branches": 0, "covered_branches": 0, "missing_branches": 0}, "missing_lines": [], "excluded_lines": [], "executed_branches": [], "missing_branches": []}}, "classes": {"FixUnusedImportsHandler": {"executed_lines": [28, 33, 34, 35, 47], "summary": {"covered_lines": 5, "num_statements": 8, "percent_covered": 62.5, "percent_covered_display": "62", "missing_lines": 3, "excluded_lines": 0, "num_branches": 0, "num_partial_branches": 0, "covered_branches": 0, "missing_branches": 0}, "missing_lines": [48, 49, 50], "excluded_lines": [], "executed_branches": [], "missing_branches": []}, "RemoveDeadCodeHandler": {"executed_lines": [60, 65, 66, 67, 79], "summary": {"covered_lines": 5, "num_statements": 8, "percent_covered": 62.5, "percent_covered_display": "62", "missing_lines": 3, "excluded_lines": 0, "num_branches": 0, "num_partial_branches": 0, "covered_branches": 0, "missing_branches": 0}, "missing_lines": [80, 81, 82], "excluded_lines": [], "executed_branches": [], "missing_branches": []}, "EnforceLineLengthHandler": {"executed_lines": [92, 97, 99, 100, 101, 103, 104, 105, 106, 107], "summary": {"covered_lines": 10, "num_statements": 13, "percent_covered": 80.0, "percent_covered_display": "80", "missing_lines": 3, "excluded_lines": 0, "num_branches": 2, "num_partial_branches": 0, "covered_branches": 2, "missing_branches": 0}, "missing_lines": [108, 109, 110], "excluded_lines": [], "executed_branches": [[100, 101], [100, 103]], "missing_branches": []}, "AddPolicyIDsHandler": {"executed_lines": [120, 125, 127, 128, 129], "summary": {"covered_lines": 5, "num_statements": 8, "percent_covered": 62.5, "percent_covered_display": "62", "missing_lines": 3, "excluded_lines": 0, "num_branches": 0, "num_partial_branches": 0, "covered_branches": 0, "missing_branches": 0}, "missing_lines": [130, 131, 132], "excluded_lines": [], "executed_branches": [], "missing_branches": []}, "SortImportsHandler": {"executed_lines": [142, 147, 148, 149, 153], "summary": {"covered_lines": 5, "num_statements": 8, "percent_covered": 62.5, "percent_covered_display": "62", "missing_lines": 3, "excluded_lines": 0, "num_branches": 0, "num_partial_branches": 0, "covered_branches": 0, "missing_branches": 0}, "missing_lines": [154, 155, 156], "excluded_lines": [], "executed_branches": [], "missing_branches": []}, "": {"executed_lines": [3, 7, 9, 11, 12, 13, 14, 15, 16, 18, 22, 23, 25, 27, 31, 54, 55, 57, 59, 63, 86, 87, 89, 91, 95, 114, 115, 117, 119, 123, 136, 137, 139, 141, 145], "summary": {"covered_lines": 29, "num_statements": 29, "percent_covered": 100.0, "percent_covered_display": "100", "missing_lines": 0, "excluded_lines": 0, "num_branches": 0, "num_partial_branches": 0, "covered_branches": 0, "missing_branches": 0}, "missing_lines": [], "excluded_lines": [], "executed_branches": [], "missing_branches": []}}}, "src/body/actions/registry.py": {"executed_lines": [3, 7, 9, 11, 12, 13, 14, 15, 16, 23, 25, 29, 30, 32, 33, 34, 36, 38, 56, 57, 58, 62, 63, 66, 68], "summary": {"covered_lines": 23, "num_statements": 24, "percent_covered": 92.85714285714286, "percent_covered_display": "93", "missing_lines": 1, "excluded_lines": 0, "num_branches": 4, "num_partial_branches": 1, "covered_branches": 3, "missing_branches": 1}, "missing_lines": [59], "excluded_lines": [], "executed_branches": [[56, 57], [56, 63], [58, 62]], "missing_branches": [[58, 59]], "functions": {"ActionRegistry.__init__": {"executed_lines": [33, 34], "summary": {"covered_lines": 2, "num_statements": 2, "percent_covered": 100.0, "percent_covered_display": "100", "missing_lines": 0, "excluded_lines": 0, "num_branches": 0, "num_partial_branches": 0, "covered_branches": 0, "missing_branches": 0}, "missing_lines": [], "excluded_lines": [], "executed_branches": [], "missing_branches": []}, "ActionRegistry._register_handlers": {"executed_lines": [38, 56, 57, 58, 62, 63], "summary": {"covered_lines": 6, "num_statements": 7, "percent_covered": 81.81818181818181, "percent_covered_display": "82", "missing_lines": 1, "excluded_lines": 0, "num_branches": 4, "num_partial_branches": 1, "covered_branches": 3, "missing_branches": 1}, "missing_lines": [59], "excluded_lines": [], "executed_branches": [[56, 57], [56, 63], [58, 62]], "missing_branches": [[58, 59]]}, "ActionRegistry.get_handler": {"executed_lines": [68], "summary": {"covered_lines": 1, "num_statements": 1, "percent_covered": 100.0, "percent_covered_display": "100", "missing_lines": 0, "excluded_lines": 0, "num_branches": 0, "num_partial_branches": 0, "covered_branches": 0, "missing_branches": 0}, "missing_lines": [], "excluded_lines": [], "executed_branches": [], "missing_branches": []}, "": {"executed_lines": [3, 7, 9, 11, 12, 13, 14, 15, 16, 23, 25, 29, 30, 32, 36, 66], "summary": {"covered_lines": 14, "num_statements": 14, "percent_covered": 100.0, "percent_covered_display": "100", "missing_lines": 0, "excluded_lines": 0, "num_branches": 0, "num_partial_branches": 0, "covered_branches": 0, "missing_branches": 0}, "missing_lines": [], "excluded_lines": [], "executed_branches": [], "missing_branches": []}}, "classes": {"ActionRegistry": {"executed_lines": [33, 34, 38, 56, 57, 58, 62, 63, 68], "summary": {"covered_lines": 9, "num_statements": 10, "percent_covered": 85.71428571428571, "percent_covered_display": "86", "missing_lines": 1, "excluded_lines": 0, "num_branches": 4, "num_partial_branches": 1, "covered_branches": 3, "missing_branches": 1}, "missing_lines": [59], "excluded_lines": [], "executed_branches": [[56, 57], [56, 63], [58, 62]], "missing_branches": [[58, 59]]}, "": {"executed_lines": [3, 7, 9, 11, 12, 13, 14, 15, 16, 23, 25, 29, 30, 32, 36, 66], "summary": {"covered_lines": 14, "num_statements": 14, "percent_covered": 100.0, "percent_covered_display": "100", "missing_lines": 0, "excluded_lines": 0, "num_branches": 0, "num_partial_branches": 0, "covered_branches": 0, "missing_branches": 0}, "missing_lines": [], "excluded_lines": [], "executed_branches": [], "missing_branches": []}}}, "src/body/actions/validation_actions.py": {"executed_lines": [3, 7, 9, 10, 11, 12, 14, 18, 19, 21, 23, 24, 27, 29, 32], "summary": {"covered_lines": 13, "num_statements": 13, "percent_covered": 100.0, "percent_covered_display": "100", "missing_lines": 0, "excluded_lines": 0, "num_branches": 0, "num_partial_branches": 0, "covered_branches": 0, "missing_branches": 0}, "missing_lines": [], "excluded_lines": [], "executed_branches": [], "missing_branches": [], "functions": {"ValidateCodeHandler.name": {"executed_lines": [24], "summary": {"covered_lines": 1, "num_statements": 1, "percent_covered": 100.0, "percent_covered_display": "100", "missing_lines": 0, "excluded_lines": 0, "num_branches": 0, "num_partial_branches": 0, "covered_branches": 0, "missing_branches": 0}, "missing_lines": [], "excluded_lines": [], "executed_branches": [], "missing_branches": []}, "ValidateCodeHandler.execute": {"executed_lines": [29, 32], "summary": {"covered_lines": 2, "num_statements": 2, "percent_covered": 100.0, "percent_covered_display": "100", "missing_lines": 0, "excluded_lines": 0, "num_branches": 0, "num_partial_branches": 0, "covered_branches": 0, "missing_branches": 0}, "missing_lines": [], "excluded_lines": [], "executed_branches": [], "missing_branches": []}, "": {"executed_lines": [3, 7, 9, 10, 11, 12, 14, 18, 19, 21, 23, 27], "summary": {"covered_lines": 10, "num_statements": 10, "percent_covered": 100.0, "percent_covered_display": "100", "missing_lines": 0, "excluded_lines": 0, "num_branches": 0, "num_partial_branches": 0, "covered_branches": 0, "missing_branches": 0}, "missing_lines": [], "excluded_lines": [], "executed_branches": [], "missing_branches": []}}, "classes": {"ValidateCodeHandler": {"executed_lines": [24, 29, 32], "summary": {"covered_lines": 3, "num_statements": 3, "percent_covered": 100.0, "percent_covered_display": "100", "missing_lines": 0, "excluded_lines": 0, "num_branches": 0, "num_partial_branches": 0, "covered_branches": 0, "missing_branches": 0}, "missing_lines": [], "excluded_lines": [], "executed_branches": [], "missing_branches": []}, "": {"executed_lines": [3, 7, 9, 10, 11, 12, 14, 18, 19, 21, 23, 27], "summary": {"covered_lines": 10, "num_statements": 10, "percent_covered": 100.0, "percent_covered_display": "100", "missing_lines": 0, "excluded_lines": 0, "num_branches": 0, "num_partial_branches": 0, "covered_branches": 0, "missing_branches": 0}, "missing_lines": [], "excluded_lines": [], "executed_branches": [], "missing_branches": []}}}, "src/body/cli/__init__.py": {"executed_lines": [2, 4], "summary": {"covered_lines": 1, "num_statements": 1, "percent_covered": 100.0, "percent_covered_display": "100", "missing_lines": 0, "excluded_lines": 0, "num_branches": 0, "num_partial_branches": 0, "covered_branches": 0, "missing_branches": 0}, "missing_lines": [], "excluded_lines": [], "executed_branches": [], "missing_branches": [], "functions": {"": {"executed_lines": [2, 4], "summary": {"covered_lines": 1, "num_statements": 1, "percent_covered": 100.0, "percent_covered_display": "100", "missing_lines": 0, "excluded_lines": 0, "num_branches": 0, "num_partial_branches": 0, "covered_branches": 0, "missing_branches": 0}, "missing_lines": [], "excluded_lines": [], "executed_branches": [], "missing_branches": []}}, "classes": {"": {"executed_lines": [2, 4], "summary": {"covered_lines": 1, "num_statements": 1, "percent_covered": 100.0, "percent_covered_display": "100", "missing_lines": 0, "excluded_lines": 0, "num_branches": 0, "num_partial_branches": 0, "covered_branches": 0, "missing_branches": 0}, "missing_lines": [], "excluded_lines": [], "executed_branches": [], "missing_branches": []}}}, "src/body/cli/admin_cli.py": {"executed_lines": [3, 8, 10, 11, 13, 26, 27, 28, 29, 30, 31, 32, 33, 34, 35, 36, 37, 38, 39, 40, 41, 43, 44, 46, 64, 75, 93, 97, 99, 100, 101, 102, 103, 104, 105, 106, 107, 108, 109, 110, 111, 113, 125, 126, 127, 130, 133, 135, 137, 138, 139, 142, 145], "summary": {"covered_lines": 52, "num_statements": 54, "percent_covered": 95.16129032258064, "percent_covered_display": "95", "missing_lines": 2, "excluded_lines": 0, "num_branches": 8, "num_partial_branches": 1, "covered_branches": 7, "missing_branches": 1}, "missing_lines": [82, 146], "excluded_lines": [], "executed_branches": [[125, -97], [125, 126], [126, 125], [126, 127], [138, -133], [138, 139], [145, -1]], "missing_branches": [[145, 146]], "functions": {"_build_context_service": {"executed_lines": [], "summary": {"covered_lines": 0, "num_statements": 1, "percent_covered": 0.0, "percent_covered_display": "0", "missing_lines": 1, "excluded_lines": 0, "num_branches": 0, "num_partial_branches": 0, "covered_branches": 0, "missing_branches": 0}, "missing_lines": [82], "excluded_lines": [], "executed_branches": [], "missing_branches": []}, "register_all_commands": {"executed_lines": [99, 100, 101, 102, 103, 104, 105, 106, 107, 108, 109, 110, 111, 113, 125, 126, 127], "summary": {"covered_lines": 17, "num_statements": 17, "percent_covered": 100.0, "percent_covered_display": "100", "missing_lines": 0, "excluded_lines": 0, "num_branches": 4, "num_partial_branches": 0, "covered_branches": 4, "missing_branches": 0}, "missing_lines": [], "excluded_lines": [], "executed_branches": [[125, -97], [125, 126], [126, 125], [126, 127]], "missing_branches": []}, "main": {"executed_lines": [137, 138, 139, 142], "summary": {"covered_lines": 4, "num_statements": 4, "percent_covered": 100.0, "percent_covered_display": "100", "missing_lines": 0, "excluded_lines": 0, "num_branches": 2, "num_partial_branches": 0, "covered_branches": 2, "missing_branches": 0}, "missing_lines": [], "excluded_lines": [], "executed_branches": [[138, -133], [138, 139]], "missing_branches": []}, "": {"executed_lines": [3, 8, 10, 11, 13, 26, 27, 28, 29, 30, 31, 32, 33, 34, 35, 36, 37, 38, 39, 40, 41, 43, 44, 46, 64, 75, 93, 97, 130, 133, 135, 145], "summary": {"covered_lines": 31, "num_statements": 32, "percent_covered": 94.11764705882354, "percent_covered_display": "94", "missing_lines": 1, "excluded_lines": 0, "num_branches": 2, "num_partial_branches": 1, "covered_branches": 1, "missing_branches": 1}, "missing_lines": [146], "excluded_lines": [], "executed_branches": [[145, -1]], "missing_branches": [[145, 146]]}}, "classes": {"": {"executed_lines": [3, 8, 10, 11, 13, 26, 27, 28, 29, 30, 31, 32, 33, 34, 35, 36, 37, 38, 39, 40, 41, 43, 44, 46, 64, 75, 93, 97, 99, 100, 101, 102, 103, 104, 105, 106, 107, 108, 109, 110, 111, 113, 125, 126, 127, 130, 133, 135, 137, 138, 139, 142, 145], "summary": {"covered_lines": 52, "num_statements": 54, "percent_covered": 95.16129032258064, "percent_covered_display": "95", "missing_lines": 2, "excluded_lines": 0, "num_branches": 8, "num_partial_branches": 1, "covered_branches": 7, "missing_branches": 1}, "missing_lines": [82, 146], "excluded_lines": [], "executed_branches": [[125, -97], [125, 126], [126, 125], [126, 127], [138, -133], [138, 139], [145, -1]], "missing_branches": [[145, 146]]}}}, "src/body/cli/commands/__init__.py": {"executed_lines": [2, 4], "summary": {"covered_lines": 1, "num_statements": 1, "percent_covered": 100.0, "percent_covered_display": "100", "missing_lines": 0, "excluded_lines": 0, "num_branches": 0, "num_partial_branches": 0, "covered_branches": 0, "missing_branches": 0}, "missing_lines": [], "excluded_lines": [], "executed_branches": [], "missing_branches": [], "functions": {"": {"executed_lines": [2, 4], "summary": {"covered_lines": 1, "num_statements": 1, "percent_covered": 100.0, "percent_covered_display": "100", "missing_lines": 0, "excluded_lines": 0, "num_branches": 0, "num_partial_branches": 0, "covered_branches": 0, "missing_branches": 0}, "missing_lines": [], "excluded_lines": [], "executed_branches": [], "missing_branches": []}}, "classes": {"": {"executed_lines": [2, 4], "summary": {"covered_lines": 1, "num_statements": 1, "percent_covered": 100.0, "percent_covered_display": "100", "missing_lines": 0, "excluded_lines": 0, "num_branches": 0, "num_partial_branches": 0, "covered_branches": 0, "missing_branches": 0}, "missing_lines": [], "excluded_lines": [], "executed_branches": [], "missing_branches": []}}}, "src/body/cli/commands/check.py": {"executed_lines": [3, 8, 10, 12, 13, 14, 15, 17, 18, 21, 22, 23, 24, 25], "summary": {"covered_lines": 13, "num_statements": 13, "percent_covered": 100.0, "percent_covered_display": "100", "missing_lines": 0, "excluded_lines": 0, "num_branches": 0, "num_partial_branches": 0, "covered_branches": 0, "missing_branches": 0}, "missing_lines": [], "excluded_lines": [], "executed_branches": [], "missing_branches": [], "functions": {"": {"executed_lines": [3, 8, 10, 12, 13, 14, 15, 17, 18, 21, 22, 23, 24, 25], "summary": {"covered_lines": 13, "num_statements": 13, "percent_covered": 100.0, "percent_covered_display": "100", "missing_lines": 0, "excluded_lines": 0, "num_branches": 0, "num_partial_branches": 0, "covered_branches": 0, "missing_branches": 0}, "missing_lines": [], "excluded_lines": [], "executed_branches": [], "missing_branches": []}}, "classes": {"": {"executed_lines": [3, 8, 10, 12, 13, 14, 15, 17, 18, 21, 22, 23, 24, 25], "summary": {"covered_lines": 13, "num_statements": 13, "percent_covered": 100.0, "percent_covered_display": "100", "missing_lines": 0, "excluded_lines": 0, "num_branches": 0, "num_partial_branches": 0, "covered_branches": 0, "missing_branches": 0}, "missing_lines": [], "excluded_lines": [], "executed_branches": [], "missing_branches": []}}}, "src/body/cli/commands/coverage.py": {"executed_lines": [3, 10, 12, 13, 14, 15, 17, 18, 19, 21, 22, 23, 24, 25, 26, 28, 29, 30, 33, 36, 42, 44, 47, 49, 56, 58, 59, 60, 61, 62, 65, 66, 67, 68, 69, 70, 71, 73, 74, 77, 79, 93, 94, 95, 96, 97, 98, 99, 100, 103, 104, 105, 108, 109, 110, 125, 127, 196, 197, 198, 199, 200, 201, 202, 203, 204, 205, 206, 207, 208, 209, 210, 222, 223, 224, 232, 239, 240, 241, 242, 243, 244, 245, 246, 247, 250, 263, 264, 267, 269, 280, 281, 282, 283, 284, 285, 286, 287, 288, 289, 290, 293, 294, 295, 296, 297, 298, 301, 302, 305, 306, 307, 308, 309, 310, 311, 312, 313, 314, 315, 316, 317, 318, 328, 330, 338, 339, 340, 341, 342, 343, 344, 345, 346, 347, 350, 352, 370, 371, 372, 376, 377, 378, 379, 380, 381, 384, 385, 386, 391, 394, 396, 413, 414, 415, 419, 420, 421, 424, 425, 426, 427, 428, 429, 430, 431, 432, 433, 434, 435, 436, 440], "summary": {"covered_lines": 171, "num_statements": 211, "percent_covered": 77.15355805243446, "percent_covered_display": "77", "missing_lines": 40, "excluded_lines": 0, "num_branches": 56, "num_partial_branches": 15, "covered_branches": 35, "missing_branches": 21}, "missing_lines": [43, 101, 102, 114, 115, 116, 119, 120, 121, 122, 211, 212, 213, 214, 216, 217, 220, 225, 252, 255, 256, 257, 258, 259, 260, 261, 291, 292, 319, 320, 321, 322, 323, 324, 325, 387, 388, 389, 422, 423], "excluded_lines": [], "executed_branches": [[42, 44], [61, 62], [61, 66], [67, 68], [67, 71], [69, 70], [97, 98], [97, 99], [100, 103], [104, -77], [104, 105], [108, 109], [198, 199], [198, 202], [203, 204], [203, 207], [207, 208], [224, 232], [243, 244], [246, 247], [282, 283], [282, 286], [290, 293], [294, 295], [301, 302], [310, 311], [310, 318], [346, -328], [346, 347], [384, 385], [386, -370], [421, 424], [427, 428], [427, 432], [435, 436]], "missing_branches": [[42, 43], [69, 67], [100, 101], [108, 114], [207, 211], [211, 212], [211, 216], [224, 225], [243, 245], [246, 252], [255, 256], [255, 257], [290, 291], [294, 301], [301, -267], [384, 386], [386, 387], [388, -370], [388, 389], [421, 422], [435, -413]], "functions": {"_ensure_context": {"executed_lines": [42, 44], "summary": {"covered_lines": 2, "num_statements": 3, "percent_covered": 60.0, "percent_covered_display": "60", "missing_lines": 1, "excluded_lines": 0, "num_branches": 2, "num_partial_branches": 1, "covered_branches": 1, "missing_branches": 1}, "missing_lines": [43], "excluded_lines": [], "executed_branches": [[42, 44]], "missing_branches": [[42, 43]]}, "check_coverage": {"executed_lines": [56, 58, 73, 74], "summary": {"covered_lines": 4, "num_statements": 4, "percent_covered": 100.0, "percent_covered_display": "100", "missing_lines": 0, "excluded_lines": 0, "num_branches": 0, "num_partial_branches": 0, "covered_branches": 0, "missing_branches": 0}, "missing_lines": [], "excluded_lines": [], "executed_branches": [], "missing_branches": []}, "check_coverage._async_check": {"executed_lines": [59, 60, 61, 62, 65, 66, 67, 68, 69, 70, 71], "summary": {"covered_lines": 11, "num_statements": 11, "percent_covered": 94.11764705882354, "percent_covered_display": "94", "missing_lines": 0, "excluded_lines": 0, "num_branches": 6, "num_partial_branches": 1, "covered_branches": 5, "missing_branches": 1}, "missing_lines": [], "excluded_lines": [], "executed_branches": [[61, 62], [61, 66], [67, 68], [67, 71], [69, 70]], "missing_branches": [[69, 67]]}, "coverage_report": {"executed_lines": [93, 94, 95, 96, 97, 98, 99, 100, 103, 104, 105, 108, 109, 110], "summary": {"covered_lines": 14, "num_statements": 23, "percent_covered": 64.51612903225806, "percent_covered_display": "65", "missing_lines": 9, "excluded_lines": 0, "num_branches": 8, "num_partial_branches": 2, "covered_branches": 6, "missing_branches": 2}, "missing_lines": [101, 102, 114, 115, 116, 119, 120, 121, 122], "excluded_lines": [], "executed_branches": [[97, 98], [97, 99], [100, 103], [104, -77], [104, 105], [108, 109]], "missing_branches": [[100, 101], [108, 114]]}, "remediate_coverage_cmd": {"executed_lines": [196, 197, 198, 199, 200, 201, 202, 203, 204, 205, 206, 207, 208, 209, 210, 222, 263, 264], "summary": {"covered_lines": 18, "num_statements": 25, "percent_covered": 69.6969696969697, "percent_covered_display": "70", "missing_lines": 7, "excluded_lines": 0, "num_branches": 8, "num_partial_branches": 1, "covered_branches": 5, "missing_branches": 3}, "missing_lines": [211, 212, 213, 214, 216, 217, 220], "excluded_lines": [], "executed_branches": [[198, 199], [198, 202], [203, 204], [203, 207], [207, 208]], "missing_branches": [[207, 211], [211, 212], [211, 216]]}, "remediate_coverage_cmd._async_remediate": {"executed_lines": [223, 224, 232, 239, 240, 241, 242, 243, 244, 245, 246, 247, 250], "summary": {"covered_lines": 13, "num_statements": 22, "percent_covered": 53.333333333333336, "percent_covered_display": "53", "missing_lines": 9, "excluded_lines": 0, "num_branches": 8, "num_partial_branches": 3, "covered_branches": 3, "missing_branches": 5}, "missing_lines": [225, 252, 255, 256, 257, 258, 259, 260, 261], "excluded_lines": [], "executed_branches": [[224, 232], [243, 244], [246, 247]], "missing_branches": [[224, 225], [243, 245], [246, 252], [255, 256], [255, 257]]}, "coverage_history": {"executed_lines": [280, 281, 282, 283, 284, 285, 286, 287, 288, 289, 290, 293, 294, 295, 296, 297, 298, 301, 302, 305, 306, 307, 308, 309, 310, 311, 312, 313, 314, 315, 316, 317, 318], "summary": {"covered_lines": 33, "num_statements": 42, "percent_covered": 76.92307692307692, "percent_covered_display": "77", "missing_lines": 9, "excluded_lines": 0, "num_branches": 10, "num_partial_branches": 3, "covered_branches": 7, "missing_branches": 3}, "missing_lines": [291, 292, 319, 320, 321, 322, 323, 324, 325], "excluded_lines": [], "executed_branches": [[282, 283], [282, 286], [290, 293], [294, 295], [301, 302], [310, 311], [310, 318]], "missing_branches": [[290, 291], [294, 301], [301, -267]]}, "show_targets": {"executed_lines": [338, 339, 340, 341, 342, 343, 344, 345, 346, 347], "summary": {"covered_lines": 10, "num_statements": 10, "percent_covered": 100.0, "percent_covered_display": "100", "missing_lines": 0, "excluded_lines": 0, "num_branches": 2, "num_partial_branches": 0, "covered_branches": 2, "missing_branches": 0}, "missing_lines": [], "excluded_lines": [], "executed_branches": [[346, -328], [346, 347]], "missing_branches": []}, "accumulate_tests_command": {"executed_lines": [370, 391], "summary": {"covered_lines": 2, "num_statements": 2, "percent_covered": 100.0, "percent_covered_display": "100", "missing_lines": 0, "excluded_lines": 0, "num_branches": 0, "num_partial_branches": 0, "covered_branches": 0, "missing_branches": 0}, "missing_lines": [], "excluded_lines": [], "executed_branches": [], "missing_branches": []}, "accumulate_tests_command._run": {"executed_lines": [371, 372, 376, 377, 378, 379, 380, 381, 384, 385, 386], "summary": {"covered_lines": 11, "num_statements": 14, "percent_covered": 65.0, "percent_covered_display": "65", "missing_lines": 3, "excluded_lines": 0, "num_branches": 6, "num_partial_branches": 2, "covered_branches": 2, "missing_branches": 4}, "missing_lines": [387, 388, 389], "excluded_lines": [], "executed_branches": [[384, 385], [386, -370]], "missing_branches": [[384, 386], [386, 387], [388, -370], [388, 389]]}, "accumulate_batch_command": {"executed_lines": [413, 440], "summary": {"covered_lines": 2, "num_statements": 2, "percent_covered": 100.0, "percent_covered_display": "100", "missing_lines": 0, "excluded_lines": 0, "num_branches": 0, "num_partial_branches": 0, "covered_branches": 0, "missing_branches": 0}, "missing_lines": [], "excluded_lines": [], "executed_branches": [], "missing_branches": []}, "accumulate_batch_command._run": {"executed_lines": [414, 415, 419, 420, 421, 424, 425, 426, 427, 428, 429, 430, 431, 432, 433, 434, 435, 436], "summary": {"covered_lines": 18, "num_statements": 20, "percent_covered": 84.61538461538461, "percent_covered_display": "85", "missing_lines": 2, "excluded_lines": 0, "num_branches": 6, "num_partial_branches": 2, "covered_branches": 4, "missing_branches": 2}, "missing_lines": [422, 423], "excluded_lines": [], "executed_branches": [[421, 424], [427, 428], [427, 432], [435, 436]], "missing_branches": [[421, 422], [435, -413]]}, "": {"executed_lines": [3, 10, 12, 13, 14, 15, 17, 18, 19, 21, 22, 23, 24, 25, 26, 28, 29, 30, 33, 36, 47, 49, 77, 79, 125, 127, 267, 269, 328, 330, 350, 352, 394, 396], "summary": {"covered_lines": 33, "num_statements": 33, "percent_covered": 100.0, "percent_covered_display": "100", "missing_lines": 0, "excluded_lines": 0, "num_branches": 0, "num_partial_branches": 0, "covered_branches": 0, "missing_branches": 0}, "missing_lines": [], "excluded_lines": [], "executed_branches": [], "missing_branches": []}}, "classes": {"": {"executed_lines": [3, 10, 12, 13, 14, 15, 17, 18, 19, 21, 22, 23, 24, 25, 26, 28, 29, 30, 33, 36, 42, 44, 47, 49, 56, 58, 59, 60, 61, 62, 65, 66, 67, 68, 69, 70, 71, 73, 74, 77, 79, 93, 94, 95, 96, 97, 98, 99, 100, 103, 104, 105, 108, 109, 110, 125, 127, 196, 197, 198, 199, 200, 201, 202, 203, 204, 205, 206, 207, 208, 209, 210, 222, 223, 224, 232, 239, 240, 241, 242, 243, 244, 245, 246, 247, 250, 263, 264, 267, 269, 280, 281, 282, 283, 284, 285, 286, 287, 288, 289, 290, 293, 294, 295, 296, 297, 298, 301, 302, 305, 306, 307, 308, 309, 310, 311, 312, 313, 314, 315, 316, 317, 318, 328, 330, 338, 339, 340, 341, 342, 343, 344, 345, 346, 347, 350, 352, 370, 371, 372, 376, 377, 378, 379, 380, 381, 384, 385, 386, 391, 394, 396, 413, 414, 415, 419, 420, 421, 424, 425, 426, 427, 428, 429, 430, 431, 432, 433, 434, 435, 436, 440], "summary": {"covered_lines": 171, "num_statements": 211, "percent_covered": 77.15355805243446, "percent_covered_display": "77", "missing_lines": 40, "excluded_lines": 0, "num_branches": 56, "num_partial_branches": 15, "covered_branches": 35, "missing_branches": 21}, "missing_lines": [43, 101, 102, 114, 115, 116, 119, 120, 121, 122, 211, 212, 213, 214, 216, 217, 220, 225, 252, 255, 256, 257, 258, 259, 260, 261, 291, 292, 319, 320, 321, 322, 323, 324, 325, 387, 388, 389, 422, 423], "excluded_lines": [], "executed_branches": [[42, 44], [61, 62], [61, 66], [67, 68], [67, 71], [69, 70], [97, 98], [97, 99], [100, 103], [104, -77], [104, 105], [108, 109], [198, 199], [198, 202], [203, 204], [203, 207], [207, 208], [224, 232], [243, 244], [246, 247], [282, 283], [282, 286], [290, 293], [294, 295], [301, 302], [310, 311], [310, 318], [346, -328], [346, 347], [384, 385], [386, -370], [421, 424], [427, 428], [427, 432], [435, 436]], "missing_branches": [[42, 43], [69, 67], [100, 101], [108, 114], [207, 211], [211, 212], [211, 216], [224, 225], [243, 245], [246, 252], [255, 256], [255, 257], [290, 291], [294, 301], [301, -267], [384, 386], [386, 387], [388, -370], [388, 389], [421, 422], [435, -413]]}}}, "src/body/cli/commands/develop.py": {"executed_lines": [33, 40, 42, 44, 45, 46, 47, 49, 50, 51, 52, 53, 54, 55, 57, 58, 60, 67, 69, 229, 231, 250, 252, 268, 270, 291, 293], "summary": {"covered_lines": 26, "num_statements": 89, "percent_covered": 24.299065420560748, "percent_covered_display": "24", "missing_lines": 63, "excluded_lines": 0, "num_branches": 18, "num_partial_branches": 0, "covered_branches": 0, "missing_branches": 18}, "missing_lines": [97, 99, 100, 101, 103, 106, 107, 108, 109, 110, 112, 114, 115, 116, 118, 128, 129, 132, 137, 144, 149, 153, 154, 158, 160, 161, 162, 163, 166, 168, 171, 172, 175, 177, 178, 182, 183, 189, 196, 197, 198, 201, 202, 203, 205, 206, 207, 210, 214, 217, 221, 222, 223, 224, 225, 246, 263, 264, 282, 283, 285, 287, 297], "excluded_lines": [], "executed_branches": [], "missing_branches": [[99, 100], [99, 103], [106, 107], [106, 112], [107, 108], [107, 110], [114, 115], [114, 118], [160, 161], [160, 166], [166, 168], [166, 175], [202, 203], [202, 205], [205, 206], [205, 214], [282, 283], [282, 285]], "functions": {"feature": {"executed_lines": [], "summary": {"covered_lines": 0, "num_statements": 55, "percent_covered": 0.0, "percent_covered_display": "0", "missing_lines": 55, "excluded_lines": 0, "num_branches": 16, "num_partial_branches": 0, "covered_branches": 0, "missing_branches": 16}, "missing_lines": [97, 99, 100, 101, 103, 106, 107, 108, 109, 110, 112, 114, 115, 116, 118, 128, 129, 132, 137, 144, 149, 153, 154, 158, 160, 161, 162, 163, 166, 168, 171, 172, 175, 177, 178, 182, 183, 189, 196, 197, 198, 201, 202, 203, 205, 206, 207, 210, 214, 217, 221, 222, 223, 224, 225], "excluded_lines": [], "executed_branches": [], "missing_branches": [[99, 100], [99, 103], [106, 107], [106, 112], [107, 108], [107, 110], [114, 115], [114, 118], [160, 161], [160, 166], [166, 168], [166, 175], [202, 203], [202, 205], [205, 206], [205, 214]]}, "fix": {"executed_lines": [], "summary": {"covered_lines": 0, "num_statements": 1, "percent_covered": 0.0, "percent_covered_display": "0", "missing_lines": 1, "excluded_lines": 0, "num_branches": 0, "num_partial_branches": 0, "covered_branches": 0, "missing_branches": 0}, "missing_lines": [246], "excluded_lines": [], "executed_branches": [], "missing_branches": []}, "test": {"executed_lines": [], "summary": {"covered_lines": 0, "num_statements": 2, "percent_covered": 0.0, "percent_covered_display": "0", "missing_lines": 2, "excluded_lines": 0, "num_branches": 0, "num_partial_branches": 0, "covered_branches": 0, "missing_branches": 0}, "missing_lines": [263, 264], "excluded_lines": [], "executed_branches": [], "missing_branches": []}, "refactor": {"executed_lines": [], "summary": {"covered_lines": 0, "num_statements": 4, "percent_covered": 0.0, "percent_covered_display": "0", "missing_lines": 4, "excluded_lines": 0, "num_branches": 2, "num_partial_branches": 0, "covered_branches": 0, "missing_branches": 2}, "missing_lines": [282, 283, 285, 287], "excluded_lines": [], "executed_branches": [], "missing_branches": [[282, 283], [282, 285]]}, "info": {"executed_lines": [], "summary": {"covered_lines": 0, "num_statements": 1, "percent_covered": 0.0, "percent_covered_display": "0", "missing_lines": 1, "excluded_lines": 0, "num_branches": 0, "num_partial_branches": 0, "covered_branches": 0, "missing_branches": 0}, "missing_lines": [297], "excluded_lines": [], "executed_branches": [], "missing_branches": []}, "": {"executed_lines": [33, 40, 42, 44, 45, 46, 47, 49, 50, 51, 52, 53, 54, 55, 57, 58, 60, 67, 69, 229, 231, 250, 252, 268, 270, 291, 293], "summary": {"covered_lines": 26, "num_statements": 26, "percent_covered": 100.0, "percent_covered_display": "100", "missing_lines": 0, "excluded_lines": 0, "num_branches": 0, "num_partial_branches": 0, "covered_branches": 0, "missing_branches": 0}, "missing_lines": [], "excluded_lines": [], "executed_branches": [], "missing_branches": []}}, "classes": {"": {"executed_lines": [33, 40, 42, 44, 45, 46, 47, 49, 50, 51, 52, 53, 54, 55, 57, 58, 60, 67, 69, 229, 231, 250, 252, 268, 270, 291, 293], "summary": {"covered_lines": 26, "num_statements": 89, "percent_covered": 24.299065420560748, "percent_covered_display": "24", "missing_lines": 63, "excluded_lines": 0, "num_branches": 18, "num_partial_branches": 0, "covered_branches": 0, "missing_branches": 18}, "missing_lines": [97, 99, 100, 101, 103, 106, 107, 108, 109, 110, 112, 114, 115, 116, 118, 128, 129, 132, 137, 144, 149, 153, 154, 158, 160, 161, 162, 163, 166, 168, 171, 172, 175, 177, 178, 182, 183, 189, 196, 197, 198, 201, 202, 203, 205, 206, 207, 210, 214, 217, 221, 222, 223, 224, 225, 246, 263, 264, 282, 283, 285, 287, 297], "excluded_lines": [], "executed_branches": [], "missing_branches": [[99, 100], [99, 103], [106, 107], [106, 112], [107, 108], [107, 110], [114, 115], [114, 118], [160, 161], [160, 166], [166, 168], [166, 175], [202, 203], [202, 205], [205, 206], [205, 214], [282, 283], [282, 285]]}}}, "src/body/cli/commands/enrich.py": {"executed_lines": [2, 6, 8, 10, 11, 13, 14, 16, 17, 19, 22, 24], "summary": {"covered_lines": 11, "num_statements": 13, "percent_covered": 84.61538461538461, "percent_covered_display": "85", "missing_lines": 2, "excluded_lines": 0, "num_branches": 0, "num_partial_branches": 0, "covered_branches": 0, "missing_branches": 0}, "missing_lines": [31, 33], "excluded_lines": [], "executed_branches": [], "missing_branches": [], "functions": {"enrich_symbols_command": {"executed_lines": [], "summary": {"covered_lines": 0, "num_statements": 2, "percent_covered": 0.0, "percent_covered_display": "0", "missing_lines": 2, "excluded_lines": 0, "num_branches": 0, "num_partial_branches": 0, "covered_branches": 0, "missing_branches": 0}, "missing_lines": [31, 33], "excluded_lines": [], "executed_branches": [], "missing_branches": []}, "": {"executed_lines": [2, 6, 8, 10, 11, 13, 14, 16, 17, 19, 22, 24], "summary": {"covered_lines": 11, "num_statements": 11, "percent_covered": 100.0, "percent_covered_display": "100", "missing_lines": 0, "excluded_lines": 0, "num_branches": 0, "num_partial_branches": 0, "covered_branches": 0, "missing_branches": 0}, "missing_lines": [], "excluded_lines": [], "executed_branches": [], "missing_branches": []}}, "classes": {"": {"executed_lines": [2, 6, 8, 10, 11, 13, 14, 16, 17, 19, 22, 24], "summary": {"covered_lines": 11, "num_statements": 13, "percent_covered": 84.61538461538461, "percent_covered_display": "85", "missing_lines": 2, "excluded_lines": 0, "num_branches": 0, "num_partial_branches": 0, "covered_branches": 0, "missing_branches": 0}, "missing_lines": [31, 33], "excluded_lines": [], "executed_branches": [], "missing_branches": []}}}, "src/body/cli/commands/fix/__init__.py": {"executed_lines": [2, 6, 8, 9, 10, 11, 12, 14, 15, 17, 18, 19, 20, 21, 23, 24, 26, 127, 128, 130, 142, 145, 151, 161, 169, 171, 187, 188, 189, 191, 216], "summary": {"covered_lines": 30, "num_statements": 54, "percent_covered": 48.38709677419355, "percent_covered_display": "48", "missing_lines": 24, "excluded_lines": 0, "num_branches": 8, "num_partial_branches": 0, "covered_branches": 0, "missing_branches": 8}, "missing_lines": [131, 132, 133, 134, 135, 136, 137, 138, 139, 140, 147, 148, 158, 181, 182, 183, 184, 204, 205, 206, 207, 208, 209, 212], "excluded_lines": [], "executed_branches": [], "missing_branches": [[137, 138], [137, 140], [181, 182], [181, 183], [183, -169], [183, 184], [204, 205], [204, 207]], "functions": {"handle_command_errors": {"executed_lines": [130, 142], "summary": {"covered_lines": 2, "num_statements": 2, "percent_covered": 100.0, "percent_covered_display": "100", "missing_lines": 0, "excluded_lines": 0, "num_branches": 0, "num_partial_branches": 0, "covered_branches": 0, "missing_branches": 0}, "missing_lines": [], "excluded_lines": [], "executed_branches": [], "missing_branches": []}, "handle_command_errors.wrapper": {"executed_lines": [], "summary": {"covered_lines": 0, "num_statements": 10, "percent_covered": 0.0, "percent_covered_display": "0", "missing_lines": 10, "excluded_lines": 0, "num_branches": 2, "num_partial_branches": 0, "covered_branches": 0, "missing_branches": 2}, "missing_lines": [131, 132, 133, 134, 135, 136, 137, 138, 139, 140], "excluded_lines": [], "executed_branches": [], "missing_branches": [[137, 138], [137, 140]]}, "_run_with_progress": {"executed_lines": [], "summary": {"covered_lines": 0, "num_statements": 2, "percent_covered": 0.0, "percent_covered_display": "0", "missing_lines": 2, "excluded_lines": 0, "num_branches": 0, "num_partial_branches": 0, "covered_branches": 0, "missing_branches": 0}, "missing_lines": [147, 148], "excluded_lines": [], "executed_branches": [], "missing_branches": []}, "_confirm_dangerous_operation": {"executed_lines": [], "summary": {"covered_lines": 0, "num_statements": 1, "percent_covered": 0.0, "percent_covered_display": "0", "missing_lines": 1, "excluded_lines": 0, "num_branches": 0, "num_partial_branches": 0, "covered_branches": 0, "missing_branches": 0}, "missing_lines": [158], "excluded_lines": [], "executed_branches": [], "missing_branches": []}, "fix_callback": {"executed_lines": [], "summary": {"covered_lines": 0, "num_statements": 4, "percent_covered": 0.0, "percent_covered_display": "0", "missing_lines": 4, "excluded_lines": 0, "num_branches": 4, "num_partial_branches": 0, "covered_branches": 0, "missing_branches": 4}, "missing_lines": [181, 182, 183, 184], "excluded_lines": [], "executed_branches": [], "missing_branches": [[181, 182], [181, 183], [183, -169], [183, 184]]}, "fix_line_lengths_command": {"executed_lines": [], "summary": {"covered_lines": 0, "num_statements": 7, "percent_covered": 0.0, "percent_covered_display": "0", "missing_lines": 7, "excluded_lines": 0, "num_branches": 2, "num_partial_branches": 0, "covered_branches": 0, "missing_branches": 2}, "missing_lines": [204, 205, 206, 207, 208, 209, 212], "excluded_lines": [], "executed_branches": [], "missing_branches": [[204, 205], [204, 207]]}, "": {"executed_lines": [2, 6, 8, 9, 10, 11, 12, 14, 15, 17, 18, 19, 20, 21, 23, 24, 26, 127, 128, 145, 151, 161, 169, 171, 187, 188, 189, 191, 216], "summary": {"covered_lines": 28, "num_statements": 28, "percent_covered": 100.0, "percent_covered_display": "100", "missing_lines": 0, "excluded_lines": 0, "num_branches": 0, "num_partial_branches": 0, "covered_branches": 0, "missing_branches": 0}, "missing_lines": [], "excluded_lines": [], "executed_branches": [], "missing_branches": []}}, "classes": {"": {"executed_lines": [2, 6, 8, 9, 10, 11, 12, 14, 15, 17, 18, 19, 20, 21, 23, 24, 26, 127, 128, 130, 142, 145, 151, 161, 169, 171, 187, 188, 189, 191, 216], "summary": {"covered_lines": 30, "num_statements": 54, "percent_covered": 48.38709677419355, "percent_covered_display": "48", "missing_lines": 24, "excluded_lines": 0, "num_branches": 8, "num_partial_branches": 0, "covered_branches": 0, "missing_branches": 8}, "missing_lines": [131, 132, 133, 134, 135, 136, 137, 138, 139, 140, 147, 148, 158, 181, 182, 183, 184, 204, 205, 206, 207, 208, 209, 212], "excluded_lines": [], "executed_branches": [], "missing_branches": [[137, 138], [137, 140], [181, 182], [181, 183], [183, -169], [183, 184], [204, 205], [204, 207]]}}}, "src/body/cli/commands/fix/all_commands.py": {"executed_lines": [2, 9, 11, 12, 14, 16, 17, 18, 19, 20, 21, 22, 23, 24, 26, 32, 38, 44, 50, 51, 52, 54], "summary": {"covered_lines": 21, "num_statements": 67, "percent_covered": 21.649484536082475, "percent_covered_display": "22", "missing_lines": 46, "excluded_lines": 0, "num_branches": 30, "num_partial_branches": 0, "covered_branches": 0, "missing_branches": 30}, "missing_lines": [40, 41, 46, 47, 75, 76, 78, 79, 80, 82, 83, 87, 89, 95, 96, 98, 100, 107, 108, 113, 114, 119, 120, 125, 128, 135, 136, 141, 142, 144, 150, 151, 156, 157, 159, 165, 166, 168, 169, 172, 173, 178, 184, 207, 208, 210], "excluded_lines": [], "executed_branches": [], "missing_branches": [[82, 83], [82, 89], [95, 96], [95, 98], [9
[...]
 [79, 88], [82, 83], [82, 88], [85, 86], [85, 88]]}}}, "src/will/orchestration/intent_guard.py": {"executed_lines": [3, 10, 12, 13, 15, 16, 18, 21, 23, 24, 26, 27, 28, 29, 30, 32, 34, 45, 47, 48, 50, 51, 52, 53, 54, 58, 59, 63, 73, 93, 105, 114, 126, 135, 146, 163], "summary": {"covered_lines": 32, "num_statements": 85, "percent_covered": 29.357798165137616, "percent_covered_display": "29", "missing_lines": 53, "excluded_lines": 0, "num_branches": 24, "num_partial_branches": 0, "covered_branches": 0, "missing_branches": 24}, "missing_lines": [36, 65, 66, 67, 68, 69, 70, 71, 75, 76, 77, 78, 79, 80, 81, 86, 87, 88, 89, 90, 99, 100, 101, 102, 103, 107, 108, 109, 110, 111, 112, 118, 119, 120, 121, 122, 123, 124, 128, 137, 138, 139, 140, 141, 142, 143, 144, 150, 151, 159, 160, 161, 165], "excluded_lines": [], "executed_branches": [], "missing_branches": [[75, 76], [75, 78], [78, -73], [78, 79], [81, 78], [81, 86], [86, 78], [86, 87], [87, 86], [87, 88], [100, 101], [100, 103], [109, 110], [109, 111], [120, 121], [120, 124], [138, 139], [138, 144], [140, 138], [140, 141], [150, 151], [150, 159], [159, 160], [159, 161]], "functions": {"PolicyRule.from_dict": {"executed_lines": [], "summary": {"covered_lines": 0, "num_statements": 1, "percent_covered": 0.0, "percent_covered_display": "0", "missing_lines": 1, "excluded_lines": 0, "num_branches": 0, "num_partial_branches": 0, "covered_branches": 0, "missing_branches": 0}, "missing_lines": [36], "excluded_lines": [], "executed_branches": [], "missing_branches": []}, "IntentGuard.__init__": {"executed_lines": [], "summary": {"covered_lines": 0, "num_statements": 7, "percent_covered": 0.0, "percent_covered_display": "0", "missing_lines": 7, "excluded_lines": 0, "num_branches": 0, "num_partial_branches": 0, "covered_branches": 0, "missing_branches": 0}, "missing_lines": [65, 66, 67, 68, 69, 70, 71], "excluded_lines": [], "executed_branches": [], "missing_branches": []}, "IntentGuard._load_policies": {"executed_lines": [], "summary": {"covered_lines": 0, "num_statements": 12, "percent_covered": 0.0, "percent_covered_display": "0", "missing_lines": 12, "excluded_lines": 0, "num_branches": 10, "num_partial_branches": 0, "covered_branches": 0, "missing_branches": 10}, "missing_lines": [75, 76, 77, 78, 79, 80, 81, 86, 87, 88, 89, 90], "excluded_lines": [], "executed_branches": [], "missing_branches": [[75, 76], [75, 78], [78, -73], [78, 79], [81, 78], [81, 86], [86, 78], [86, 87], [87, 86], [87, 88]]}, "IntentGuard.check_transaction": {"executed_lines": [], "summary": {"covered_lines": 0, "num_statements": 5, "percent_covered": 0.0, "percent_covered_display": "0", "missing_lines": 5, "excluded_lines": 0, "num_branches": 2, "num_partial_branches": 0, "covered_branches": 0, "missing_branches": 2}, "missing_lines": [99, 100, 101, 102, 103], "excluded_lines": [], "executed_branches": [], "missing_branches": [[100, 101], [100, 103]]}, "IntentGuard._check_single_path": {"executed_lines": [], "summary": {"covered_lines": 0, "num_statements": 6, "percent_covered": 0.0, "percent_covered_display": "0", "missing_lines": 6, "excluded_lines": 0, "num_branches": 2, "num_partial_branches": 0, "covered_branches": 0, "missing_branches": 2}, "missing_lines": [107, 108, 109, 110, 111, 112], "excluded_lines": [], "executed_branches": [], "missing_branches": [[109, 110], [109, 111]]}, "IntentGuard._check_constitutional_integrity": {"executed_lines": [], "summary": {"covered_lines": 0, "num_statements": 7, "percent_covered": 0.0, "percent_covered_display": "0", "missing_lines": 7, "excluded_lines": 0, "num_branches": 2, "num_partial_branches": 0, "covered_branches": 0, "missing_branches": 2}, "missing_lines": [118, 119, 120, 121, 122, 123, 124], "excluded_lines": [], "executed_branches": [], "missing_branches": [[120, 121], [120, 124]]}, "IntentGuard._create_constitutional_violation": {"executed_lines": [], "summary": {"covered_lines": 0, "num_statements": 1, "percent_covered": 0.0, "percent_covered_display": "0", "missing_lines": 1, "excluded_lines": 0, "num_branches": 0, "num_partial_branches": 0, "covered_branches": 0, "missing_branches": 0}, "missing_lines": [128], "excluded_lines": [], "executed_branches": [], "missing_branches": []}, "IntentGuard._check_policy_rules": {"executed_lines": [], "summary": {"covered_lines": 0, "num_statements": 8, "percent_covered": 0.0, "percent_covered_display": "0", "missing_lines": 8, "excluded_lines": 0, "num_branches": 4, "num_partial_branches": 0, "covered_branches": 0, "missing_branches": 4}, "missing_lines": [137, 138, 139, 140, 141, 142, 143, 144], "excluded_lines": [], "executed_branches": [], "missing_branches": [[138, 139], [138, 144], [140, 138], [140, 141]]}, "IntentGuard._apply_rule_action": {"executed_lines": [], "summary": {"covered_lines": 0, "num_statements": 5, "percent_covered": 0.0, "percent_covered_display": "0", "missing_lines": 5, "excluded_lines": 0, "num_branches": 4, "num_partial_branches": 0, "covered_branches": 0, "missing_branches": 4}, "missing_lines": [150, 151, 159, 160, 161], "excluded_lines": [], "executed_branches": [], "missing_branches": [[150, 151], [150, 159], [159, 160], [159, 161]]}, "IntentGuard._matches_pattern": {"executed_lines": [], "summary": {"covered_lines": 0, "num_statements": 1, "percent_covered": 0.0, "percent_covered_display": "0", "missing_lines": 1, "excluded_lines": 0, "num_branches": 0, "num_partial_branches": 0, "covered_branches": 0, "missing_branches": 0}, "missing_lines": [165], "excluded_lines": [], "executed_branches": [], "missing_branches": []}, "": {"executed_lines": [3, 10, 12, 13, 15, 16, 18, 21, 23, 24, 26, 27, 28, 29, 30, 32, 34, 45, 47, 48, 50, 51, 52, 53, 54, 58, 59, 63, 73, 93, 105, 114, 126, 135, 146, 163], "summary": {"covered_lines": 32, "num_statements": 32, "percent_covered": 100.0, "percent_covered_display": "100", "missing_lines": 0, "excluded_lines": 0, "num_branches": 0, "num_partial_branches": 0, "covered_branches": 0, "missing_branches": 0}, "missing_lines": [], "excluded_lines": [], "executed_branches": [], "missing_branches": []}}, "classes": {"PolicyRule": {"executed_lines": [], "summary": {"covered_lines": 0, "num_statements": 1, "percent_covered": 0.0, "percent_covered_display": "0", "missing_lines": 1, "excluded_lines": 0, "num_branches": 0, "num_partial_branches": 0, "covered_branches": 0, "missing_branches": 0}, "missing_lines": [36], "excluded_lines": [], "executed_branches": [], "missing_branches": []}, "ViolationReport": {"executed_lines": [], "summary": {"covered_lines": 0, "num_statements": 0, "percent_covered": 100.0, "percent_covered_display": "100", "missing_lines": 0, "excluded_lines": 0, "num_branches": 0, "num_partial_branches": 0, "covered_branches": 0, "missing_branches": 0}, "missing_lines": [], "excluded_lines": [], "executed_branches": [], "missing_branches": []}, "IntentGuard": {"executed_lines": [], "summary": {"covered_lines": 0, "num_statements": 52, "percent_covered": 0.0, "percent_covered_display": "0", "missing_lines": 52, "excluded_lines": 0, "num_branches": 24, "num_partial_branches": 0, "covered_branches": 0, "missing_branches": 24}, "missing_lines": [65, 66, 67, 68, 69, 70, 71, 75, 76, 77, 78, 79, 80, 81, 86, 87, 88, 89, 90, 99, 100, 101, 102, 103, 107, 108, 109, 110, 111, 112, 118, 119, 120, 121, 122, 123, 124, 128, 137, 138, 139, 140, 141, 142, 143, 144, 150, 151, 159, 160, 161, 165], "excluded_lines": [], "executed_branches": [], "missing_branches": [[75, 76], [75, 78], [78, -73], [78, 79], [81, 78], [81, 86], [86, 78], [86, 87], [87, 86], [87, 88], [100, 101], [100, 103], [109, 110], [109, 111], [120, 121], [120, 124], [138, 139], [138, 144], [140, 138], [140, 141], [150, 151], [150, 159], [159, 160], [159, 161]]}, "": {"executed_lines": [3, 10, 12, 13, 15, 16, 18, 21, 23, 24, 26, 27, 28, 29, 30, 32, 34, 45, 47, 48, 50, 51, 52, 53, 54, 58, 59, 63, 73, 93, 105, 114, 126, 135, 146, 163], "summary": {"covered_lines": 32, "num_statements": 32, "percent_covered": 100.0, "percent_covered_display": "100", "missing_lines": 0, "excluded_lines": 0, "num_branches": 0, "num_partial_branches": 0, "covered_branches": 0, "missing_branches": 0}, "missing_lines": [], "excluded_lines": [], "executed_branches": [], "missing_branches": []}}}, "src/will/orchestration/prompt_pipeline.py": {"executed_lines": [2, 15, 17, 18, 20, 23, 27, 28, 34, 41, 44, 45, 46, 47, 49, 75, 77, 79, 105, 107, 109, 118, 120, 122, 157, 162, 165, 170, 171, 172, 173, 174], "summary": {"covered_lines": 30, "num_statements": 73, "percent_covered": 32.967032967032964, "percent_covered_display": "33", "missing_lines": 43, "excluded_lines": 0, "num_branches": 18, "num_partial_branches": 0, "covered_branches": 0, "missing_branches": 18}, "missing_lines": [55, 56, 57, 59, 60, 64, 65, 66, 71, 72, 73, 85, 86, 87, 89, 90, 94, 95, 96, 101, 102, 103, 114, 116, 127, 128, 129, 131, 132, 133, 134, 136, 137, 139, 140, 141, 142, 144, 145, 148, 149, 151, 153], "excluded_lines": [], "executed_branches": [], "missing_branches": [[57, 59], [57, 73], [59, 60], [59, 64], [87, 89], [87, 103], [89, 90], [89, 94], [128, 129], [128, 131], [139, 140], [139, 144], [141, 139], [141, 142], [144, 145], [144, 148], [148, 149], [148, 151]], "functions": {"PromptPipeline.__init__": {"executed_lines": [41, 44, 45, 46, 47], "summary": {"covered_lines": 5, "num_statements": 5, "percent_covered": 100.0, "percent_covered_display": "100", "missing_lines": 0, "excluded_lines": 0, "num_branches": 0, "num_partial_branches": 0, "covered_branches": 0, "missing_branches": 0}, "missing_lines": [], "excluded_lines": [], "executed_branches": [], "missing_branches": []}, "PromptPipeline._replace_context_match": {"executed_lines": [], "summary": {"covered_lines": 0, "num_statements": 11, "percent_covered": 0.0, "percent_covered_display": "0", "missing_lines": 11, "excluded_lines": 0, "num_branches": 4, "num_partial_branches": 0, "covered_branches": 0, "missing_branches": 4}, "missing_lines": [55, 56, 57, 59, 60, 64, 65, 66, 71, 72, 73], "excluded_lines": [], "executed_branches": [], "missing_branches": [[57, 59], [57, 73], [59, 60], [59, 64]]}, "PromptPipeline._inject_context": {"executed_lines": [77], "summary": {"covered_lines": 1, "num_statements": 1, "percent_covered": 100.0, "percent_covered_display": "100", "missing_lines": 0, "excluded_lines": 0, "num_branches": 0, "num_partial_branches": 0, "covered_branches": 0, "missing_branches": 0}, "missing_lines": [], "excluded_lines": [], "executed_branches": [], "missing_branches": []}, "PromptPipeline._replace_include_match": {"executed_lines": [], "summary": {"covered_lines": 0, "num_statements": 11, "percent_covered": 0.0, "percent_covered_display": "0", "missing_lines": 11, "excluded_lines": 0, "num_branches": 4, "num_partial_branches": 0, "covered_branches": 0, "missing_branches": 4}, "missing_lines": [85, 86, 87, 89, 90, 94, 95, 96, 101, 102, 103], "excluded_lines": [], "executed_branches": [], "missing_branches": [[87, 89], [87, 103], [89, 90], [89, 94]]}, "PromptPipeline._inject_includes": {"executed_lines": [107], "summary": {"covered_lines": 1, "num_statements": 1, "percent_covered": 100.0, "percent_covered_display": "100", "missing_lines": 0, "excluded_lines": 0, "num_branches": 0, "num_partial_branches": 0, "covered_branches": 0, "missing_branches": 0}, "missing_lines": [], "excluded_lines": [], "executed_branches": [], "missing_branches": []}, "PromptPipeline._replace_analysis_match": {"executed_lines": [], "summary": {"covered_lines": 0, "num_statements": 2, "percent_covered": 0.0, "percent_covered_display": "0", "missing_lines": 2, "excluded_lines": 0, "num_branches": 0, "num_partial_branches": 0, "covered_branches": 0, "missing_branches": 0}, "missing_lines": [114, 116], "excluded_lines": [], "executed_branches": [], "missing_branches": []}, "PromptPipeline._inject_analysis": {"executed_lines": [120], "summary": {"covered_lines": 1, "num_statements": 1, "percent_covered": 100.0, "percent_covered_display": "100", "missing_lines": 0, "excluded_lines": 0, "num_branches": 0, "num_partial_branches": 0, "covered_branches": 0, "missing_branches": 0}, "missing_lines": [], "excluded_lines": [], "executed_branches": [], "missing_branches": []}, "PromptPipeline._replace_manifest_match": {"executed_lines": [], "summary": {"covered_lines": 0, "num_statements": 19, "percent_covered": 0.0, "percent_covered_display": "0", "missing_lines": 19, "excluded_lines": 0, "num_branches": 10, "num_partial_branches": 0, "covered_branches": 0, "missing_branches": 10}, "missing_lines": [127, 128, 129, 131, 132, 133, 134, 136, 137, 139, 140, 141, 142, 144, 145, 148, 149, 151, 153], "excluded_lines": [], "executed_branches": [], "missing_branches": [[128, 129], [128, 131], [139, 140], [139, 144], [141, 139], [141, 142], [144, 145], [144, 148], [148, 149], [148, 151]]}, "PromptPipeline._inject_manifest": {"executed_lines": [162], "summary": {"covered_lines": 1, "num_statements": 1, "percent_covered": 100.0, "percent_covered_display": "100", "missing_lines": 0, "excluded_lines": 0, "num_branches": 0, "num_partial_branches": 0, "covered_branches": 0, "missing_branches": 0}, "missing_lines": [], "excluded_lines": [], "executed_branches": [], "missing_branches": []}, "PromptPipeline.process": {"executed_lines": [170, 171, 172, 173, 174], "summary": {"covered_lines": 5, "num_statements": 5, "percent_covered": 100.0, "percent_covered_display": "100", "missing_lines": 0, "excluded_lines": 0, "num_branches": 0, "num_partial_branches": 0, "covered_branches": 0, "missing_branches": 0}, "missing_lines": [], "excluded_lines": [], "executed_branches": [], "missing_branches": []}, "": {"executed_lines": [2, 15, 17, 18, 20, 23, 27, 28, 34, 49, 75, 79, 105, 109, 118, 122, 157, 165], "summary": {"covered_lines": 16, "num_statements": 16, "percent_covered": 100.0, "percent_covered_display": "100", "missing_lines": 0, "excluded_lines": 0, "num_branches": 0, "num_partial_branches": 0, "covered_branches": 0, "missing_branches": 0}, "missing_lines": [], "excluded_lines": [], "executed_branches": [], "missing_branches": []}}, "classes": {"PromptPipeline": {"executed_lines": [41, 44, 45, 46, 47, 77, 107, 120, 162, 170, 171, 172, 173, 174], "summary": {"covered_lines": 14, "num_statements": 57, "percent_covered": 18.666666666666668, "percent_covered_display": "19", "missing_lines": 43, "excluded_lines": 0, "num_branches": 18, "num_partial_branches": 0, "covered_branches": 0, "missing_branches": 18}, "missing_lines": [55, 56, 57, 59, 60, 64, 65, 66, 71, 72, 73, 85, 86, 87, 89, 90, 94, 95, 96, 101, 102, 103, 114, 116, 127, 128, 129, 131, 132, 133, 134, 136, 137, 139, 140, 141, 142, 144, 145, 148, 149, 151, 153], "excluded_lines": [], "executed_branches": [], "missing_branches": [[57, 59], [57, 73], [59, 60], [59, 64], [87, 89], [87, 103], [89, 90], [89, 94], [128, 129], [128, 131], [139, 140], [139, 144], [141, 139], [141, 142], [144, 145], [144, 148], [148, 149], [148, 151]]}, "": {"executed_lines": [2, 15, 17, 18, 20, 23, 27, 28, 34, 49, 75, 79, 105, 109, 118, 122, 157, 165], "summary": {"covered_lines": 16, "num_statements": 16, "percent_covered": 100.0, "percent_covered_display": "100", "missing_lines": 0, "excluded_lines": 0, "num_branches": 0, "num_partial_branches": 0, "covered_branches": 0, "missing_branches": 0}, "missing_lines": [], "excluded_lines": [], "executed_branches": [], "missing_branches": []}}}, "src/will/orchestration/self_correction_engine.py": {"executed_lines": [2, 6, 8, 9, 11, 12, 13, 14, 15, 17, 21, 22, 26], "summary": {"covered_lines": 12, "num_statements": 30, "percent_covered": 34.21052631578947, "percent_covered_display": "34", "missing_lines": 18, "excluded_lines": 0, "num_branches": 8, "num_partial_branches": 1, "covered_branches": 1, "missing_branches": 7}, "missing_lines": [18, 34, 37, 38, 39, 41, 42, 47, 55, 56, 58, 60, 61, 66, 68, 71, 72, 79], "excluded_lines": [], "executed_branches": [[17, 21]], "missing_branches": [[17, 18], [41, 42], [41, 47], [60, 61], [60, 66], [71, 72], [71, 79]], "functions": {"attempt_correction": {"executed_lines": [], "summary": {"covered_lines": 0, "num_statements": 17, "percent_covered": 0.0, "percent_covered_display": "0", "missing_lines": 17, "excluded_lines": 0, "num_branches": 6, "num_partial_branches": 0, "covered_branches": 0, "missing_branches": 6}, "missing_lines": [34, 37, 38, 39, 41, 42, 47, 55, 56, 58, 60, 61, 66, 68, 71, 72, 79], "excluded_lines": [], "executed_branches": [], "missing_branches": [[41, 42], [41, 47], [60, 61], [60, 66], [71, 72], [71, 79]]}, "": {"executed_lines": [2, 6, 8, 9, 11, 12, 13, 14, 15, 17, 21, 22, 26], "summary": {"covered_lines": 12, "num_statements": 13, "percent_covered": 86.66666666666667, "percent_covered_display": "87", "missing_lines": 1, "excluded_lines": 0, "num_branches": 2, "num_partial_branches": 1, "covered_branches": 1, "missing_branches": 1}, "missing_lines": [18], "excluded_lines": [], "executed_branches": [[17, 21]], "missing_branches": [[17, 18]]}}, "classes": {"": {"executed_lines": [2, 6, 8, 9, 11, 12, 13, 14, 15, 17, 21, 22, 26], "summary": {"covered_lines": 12, "num_statements": 30, "percent_covered": 34.21052631578947, "percent_covered_display": "34", "missing_lines": 18, "excluded_lines": 0, "num_branches": 8, "num_partial_branches": 1, "covered_branches": 1, "missing_branches": 7}, "missing_lines": [18, 34, 37, 38, 39, 41, 42, 47, 55, 56, 58, 60, 61, 66, 68, 71, 72, 79], "excluded_lines": [], "executed_branches": [[17, 21]], "missing_branches": [[17, 18], [41, 42], [41, 47], [60, 61], [60, 66], [71, 72], [71, 79]]}}}, "src/will/orchestration/validation_pipeline.py": {"executed_lines": [3, 7, 9, 11, 12, 13, 14, 16, 18, 22], "summary": {"covered_lines": 9, "num_statements": 24, "percent_covered": 29.41176470588235, "percent_covered_display": "29", "missing_lines": 15, "excluded_lines": 0, "num_branches": 10, "num_partial_branches": 1, "covered_branches": 1, "missing_branches": 9}, "missing_lines": [17, 29, 30, 31, 32, 33, 34, 35, 36, 37, 40, 41, 42, 43, 44], "excluded_lines": [], "executed_branches": [[16, 18]], "missing_branches": [[16, 17], [30, 31], [30, 32], [34, 35], [34, 40], [35, 36], [35, 37], [40, 41], [40, 42]], "functions": {"validate_code_async": {"executed_lines": [], "summary": {"covered_lines": 0, "num_statements": 14, "percent_covered": 0.0, "percent_covered_display": "0", "missing_lines": 14, "excluded_lines": 0, "num_branches": 8, "num_partial_branches": 0, "covered_branches": 0, "missing_branches": 8}, "missing_lines": [29, 30, 31, 32, 33, 34, 35, 36, 37, 40, 41, 42, 43, 44], "excluded_lines": [], "executed_branches": [], "missing_branches": [[30, 31], [30, 32], [34, 35], [34, 40], [35, 36], [35, 37], [40, 41], [40, 42]]}, "": {"executed_lines": [3, 7, 9, 11, 12, 13, 14, 16, 18, 22], "summary": {"covered_lines": 9, "num_statements": 10, "percent_covered": 83.33333333333333, "percent_covered_display": "83", "missing_lines": 1, "excluded_lines": 0, "num_branches": 2, "num_partial_branches": 1, "covered_branches": 1, "missing_branches": 1}, "missing_lines": [17], "excluded_lines": [], "executed_branches": [[16, 18]], "missing_branches": [[16, 17]]}}, "classes": {"": {"executed_lines": [3, 7, 9, 11, 12, 13, 14, 16, 18, 22], "summary": {"covered_lines": 9, "num_statements": 24, "percent_covered": 29.41176470588235, "percent_covered_display": "29", "missing_lines": 15, "excluded_lines": 0, "num_branches": 10, "num_partial_branches": 1, "covered_branches": 1, "missing_branches": 9}, "missing_lines": [17, 29, 30, 31, 32, 33, 34, 35, 36, 37, 40, 41, 42, 43, 44], "excluded_lines": [], "executed_branches": [[16, 18]], "missing_branches": [[16, 17], [30, 31], [30, 32], [34, 35], [34, 40], [35, 36], [35, 37], [40, 41], [40, 42]]}}}}, "totals": {"covered_lines": 4909, "num_statements": 8905, "percent_covered": 50.14211057119281, "percent_covered_display": "50", "missing_lines": 3996, "excluded_lines": 6, "num_branches": 2002, "num_partial_branches": 164, "covered_branches": 560, "missing_branches": 1442}}