{"meta": {"format": 3, "version": "7.10.4", "timestamp": "2025-11-16T16:04:22.660119", "branch_coverage": false, "show_contexts": false}, "files": {"src/api/__init__.py": {"executed_lines": [2, 4], "summary": {"covered_lines": 1, "num_statements": 1, "percent_covered": 100.0, "percent_covered_display": "100", "missing_lines": 0, "excluded_lines": 0}, "missing_lines": [], "excluded_lines": [], "functions": {"": {"executed_lines": [2, 4], "summary": {"covered_lines": 1, "num_statements": 1, "percent_covered": 100.0, "percent_covered_display": "100", "missing_lines": 0, "excluded_lines": 0}, "missing_lines": [], "excluded_lines": []}}, "classes": {"": {"executed_lines": [2, 4], "summary": {"covered_lines": 1, "num_statements": 1, "percent_covered": 100.0, "percent_covered_display": "100", "missing_lines": 0, "excluded_lines": 0}, "missing_lines": [], "excluded_lines": []}}}, "src/api/main.py": {"executed_lines": [3, 5, 7, 8, 10, 12, 13, 14, 15, 16, 17, 18, 19, 20, 21, 22, 23, 24, 26, 29, 31, 32, 33, 42, 43, 44, 45, 46, 52, 54, 58, 59, 64, 65, 66, 68, 70, 73], "summary": {"covered_lines": 37, "num_statements": 43, "percent_covered": 86.04651162790698, "percent_covered_display": "86", "missing_lines": 6, "excluded_lines": 0}, "missing_lines": [47, 48, 49, 50, 51, 71], "excluded_lines": [], "functions": {"lifespan": {"executed_lines": [32, 33, 42, 43, 44, 45, 46, 52, 54], "summary": {"covered_lines": 9, "num_statements": 14, "percent_covered": 64.28571428571429, "percent_covered_display": "64", "missing_lines": 5, "excluded_lines": 0}, "missing_lines": [47, 48, 49, 50, 51], "excluded_lines": []}, "create_app": {"executed_lines": [59, 64, 65, 66, 68, 70, 73], "summary": {"covered_lines": 7, "num_statements": 7, "percent_covered": 100.0, "percent_covered_display": "100", "missing_lines": 0, "excluded_lines": 0}, "missing_lines": [], "excluded_lines": []}, "create_app.health_check": {"executed_lines": [], "summary": {"covered_lines": 0, "num_statements": 1, "percent_covered": 0.0, "percent_covered_display": "0", "missing_lines": 1, "excluded_lines": 0}, "missing_lines": [71], "excluded_lines": []}, "": {"executed_lines": [3, 5, 7, 8, 10, 12, 13, 14, 15, 16, 17, 18, 19, 20, 21, 22, 23, 24, 26, 29, 31, 58], "summary": {"covered_lines": 21, "num_statements": 21, "percent_covered": 100.0, "percent_covered_display": "100", "missing_lines": 0, "excluded_lines": 0}, "missing_lines": [], "excluded_lines": []}}, "classes": {"": {"executed_lines": [3, 5, 7, 8, 10, 12, 13, 14, 15, 16, 17, 18, 19, 20, 21, 22, 23, 24, 26, 29, 31, 32, 33, 42, 43, 44, 45, 46, 52, 54, 58, 59, 64, 65, 66, 68, 70, 73], "summary": {"covered_lines": 37, "num_statements": 43, "percent_covered": 86.04651162790698, "percent_covered_display": "86", "missing_lines": 6, "excluded_lines": 0}, "missing_lines": [47, 48, 49, 50, 51, 71], "excluded_lines": []}}}, "src/api/v1/__init__.py": {"executed_lines": [2, 4], "summary": {"covered_lines": 1, "num_statements": 1, "percent_covered": 100.0, "percent_covered_display": "100", "missing_lines": 0, "excluded_lines": 0}, "missing_lines": [], "excluded_lines": [], "functions": {"": {"executed_lines": [2, 4], "summary": {"covered_lines": 1, "num_statements": 1, "percent_covered": 100.0, "percent_covered_display": "100", "missing_lines": 0, "excluded_lines": 0}, "missing_lines": [], "excluded_lines": []}}, "classes": {"": {"executed_lines": [2, 4], "summary": {"covered_lines": 1, "num_statements": 1, "percent_covered": 100.0, "percent_covered_display": "100", "missing_lines": 0, "excluded_lines": 0}, "missing_lines": [], "excluded_lines": []}}}, "src/api/v1/development_routes.py": {"executed_lines": [2, 6, 8, 9, 10, 12, 13, 14, 15, 17, 21, 22, 25, 27], "summary": {"covered_lines": 13, "num_statements": 20, "percent_covered": 65.0, "percent_covered_display": "65", "missing_lines": 7, "excluded_lines": 0}, "missing_lines": [37, 39, 42, 43, 44, 46, 50], "excluded_lines": [], "functions": {"start_development_cycle": {"executed_lines": [], "summary": {"covered_lines": 0, "num_statements": 7, "percent_covered": 0.0, "percent_covered_display": "0", "missing_lines": 7, "excluded_lines": 0}, "missing_lines": [37, 39, 42, 43, 44, 46, 50], "excluded_lines": []}, "": {"executed_lines": [2, 6, 8, 9, 10, 12, 13, 14, 15, 17, 21, 22, 25, 27], "summary": {"covered_lines": 13, "num_statements": 13, "percent_covered": 100.0, "percent_covered_display": "100", "missing_lines": 0, "excluded_lines": 0}, "missing_lines": [], "excluded_lines": []}}, "classes": {"DevelopmentGoal": {"executed_lines": [], "summary": {"covered_lines": 0, "num_statements": 0, "percent_covered": 100.0, "percent_covered_display": "100", "missing_lines": 0, "excluded_lines": 0}, "missing_lines": [], "excluded_lines": []}, "": {"executed_lines": [2, 6, 8, 9, 10, 12, 13, 14, 15, 17, 21, 22, 25, 27], "summary": {"covered_lines": 13, "num_statements": 20, "percent_covered": 65.0, "percent_covered_display": "65", "missing_lines": 7, "excluded_lines": 0}, "missing_lines": [37, 39, 42, 43, 44, 46, 50], "excluded_lines": []}}}, "src/api/v1/knowledge_routes.py": {"executed_lines": [3, 5, 7, 8, 10, 11, 13, 16, 18, 25, 26], "summary": {"covered_lines": 10, "num_statements": 11, "percent_covered": 90.9090909090909, "percent_covered_display": "91", "missing_lines": 1, "excluded_lines": 0}, "missing_lines": [27], "excluded_lines": [], "functions": {"list_capabilities": {"executed_lines": [25, 26], "summary": {"covered_lines": 2, "num_statements": 3, "percent_covered": 66.66666666666667, "percent_covered_display": "67", "missing_lines": 1, "excluded_lines": 0}, "missing_lines": [27], "excluded_lines": []}, "": {"executed_lines": [3, 5, 7, 8, 10, 11, 13, 16, 18], "summary": {"covered_lines": 8, "num_statements": 8, "percent_covered": 100.0, "percent_covered_display": "100", "missing_lines": 0, "excluded_lines": 0}, "missing_lines": [], "excluded_lines": []}}, "classes": {"": {"executed_lines": [3, 5, 7, 8, 10, 11, 13, 16, 18, 25, 26], "summary": {"covered_lines": 10, "num_statements": 11, "percent_covered": 90.9090909090909, "percent_covered_display": "91", "missing_lines": 1, "excluded_lines": 0}, "missing_lines": [27], "excluded_lines": []}}}, "src/body/__init__.py": {"executed_lines": [2, 4], "summary": {"covered_lines": 1, "num_statements": 1, "percent_covered": 100.0, "percent_covered_display": "100", "missing_lines": 0, "excluded_lines": 0}, "missing_lines": [], "excluded_lines": [], "functions": {"": {"executed_lines": [2, 4], "summary": {"covered_lines": 1, "num_statements": 1, "percent_covered": 100.0, "percent_covered_display": "100", "missing_lines": 0, "excluded_lines": 0}, "missing_lines": [], "excluded_lines": []}}, "classes": {"": {"executed_lines": [2, 4], "summary": {"covered_lines": 1, "num_statements": 1, "percent_covered": 100.0, "percent_covered_display": "100", "missing_lines": 0, "excluded_lines": 0}, "missing_lines": [], "excluded_lines": []}}}, "src/body/actions/base.py": {"executed_lines": [2, 6, 8, 9, 11, 17, 18, 20, 21, 23, 27, 29], "summary": {"covered_lines": 4, "num_statements": 4, "percent_covered": 100.0, "percent_covered_display": "100", "missing_lines": 0, "excluded_lines": 21}, "missing_lines": [], "excluded_lines": [11, 12, 13, 20, 21, 22, 23, 24, 25, 27, 28, 29, 30, 31, 32, 33, 34, 35, 36, 37, 38], "functions": {"ActionHandler.name": {"executed_lines": [], "summary": {"covered_lines": 0, "num_statements": 0, "percent_covered": 100.0, "percent_covered_display": "100", "missing_lines": 0, "excluded_lines": 2}, "missing_lines": [], "excluded_lines": [24, 25]}, "ActionHandler.execute": {"executed_lines": [], "summary": {"covered_lines": 0, "num_statements": 0, "percent_covered": 100.0, "percent_covered_display": "100", "missing_lines": 0, "excluded_lines": 9}, "missing_lines": [], "excluded_lines": [30, 31, 32, 33, 34, 35, 36, 37, 38]}, "": {"executed_lines": [2, 6, 8, 9, 11, 17, 18, 20, 21, 23, 27, 29], "summary": {"covered_lines": 4, "num_statements": 4, "percent_covered": 100.0, "percent_covered_display": "100", "missing_lines": 0, "excluded_lines": 10}, "missing_lines": [], "excluded_lines": [11, 12, 13, 20, 21, 22, 23, 27, 28, 29]}}, "classes": {"ActionHandler": {"executed_lines": [], "summary": {"covered_lines": 0, "num_statements": 0, "percent_covered": 100.0, "percent_covered_display": "100", "missing_lines": 0, "excluded_lines": 11}, "missing_lines": [], "excluded_lines": [24, 25, 30, 31, 32, 33, 34, 35, 36, 37, 38]}, "": {"executed_lines": [2, 6, 8, 9, 11, 17, 18, 20, 21, 23, 27, 29], "summary": {"covered_lines": 4, "num_statements": 4, "percent_covered": 100.0, "percent_covered_display": "100", "missing_lines": 0, "excluded_lines": 10}, "missing_lines": [], "excluded_lines": [11, 12, 13, 20, 21, 22, 23, 27, 28, 29]}}}, "src/body/actions/code_actions.py": {"executed_lines": [3, 7, 9, 10, 12, 13, 14, 16, 17, 19, 22, 26, 27, 28, 29, 30, 31, 34, 40, 41, 42, 43, 44, 45, 46, 47, 48, 49, 50, 51, 52, 53, 54, 57, 58, 59, 60, 64, 65, 67, 69, 70, 73, 74, 75, 76, 79, 80, 81, 82, 85, 86, 90, 97, 98, 99, 103, 104, 106, 108, 109, 112, 113, 114, 115, 116, 119, 120, 121, 124, 127, 128, 132, 139, 140, 141, 145, 146, 148, 150, 151, 154, 155, 160, 161, 164, 165, 166, 169, 170, 173, 174, 178, 179, 180, 183, 184, 185, 192, 193, 194], "summary": {"covered_lines": 97, "num_statements": 97, "percent_covered": 100.0, "percent_covered_display": "100", "missing_lines": 0, "excluded_lines": 0}, "missing_lines": [], "excluded_lines": [], "functions": {"_get_symbol_start_end_lines": {"executed_lines": [26, 27, 28, 29, 30, 31], "summary": {"covered_lines": 6, "num_statements": 6, "percent_covered": 100.0, "percent_covered_display": "100", "missing_lines": 0, "excluded_lines": 0}, "missing_lines": [], "excluded_lines": []}, "_replace_symbol_in_code": {"executed_lines": [40, 41, 42, 43, 44, 45, 46, 47, 48, 49, 50, 51, 52, 53, 54, 57, 58, 59, 60], "summary": {"covered_lines": 19, "num_statements": 19, "percent_covered": 100.0, "percent_covered_display": "100", "missing_lines": 0, "excluded_lines": 0}, "missing_lines": [], "excluded_lines": []}, "CreateFileHandler.name": {"executed_lines": [70], "summary": {"covered_lines": 1, "num_statements": 1, "percent_covered": 100.0, "percent_covered_display": "100", "missing_lines": 0, "excluded_lines": 0}, "missing_lines": [], "excluded_lines": []}, "CreateFileHandler.execute": {"executed_lines": [74, 75, 76, 79, 80, 81, 82, 85, 86, 90, 97, 98, 99], "summary": {"covered_lines": 13, "num_statements": 13, "percent_covered": 100.0, "percent_covered_display": "100", "missing_lines": 0, "excluded_lines": 0}, "missing_lines": [], "excluded_lines": []}, "EditFileHandler.name": {"executed_lines": [109], "summary": {"covered_lines": 1, "num_statements": 1, "percent_covered": 100.0, "percent_covered_display": "100", "missing_lines": 0, "excluded_lines": 0}, "missing_lines": [], "excluded_lines": []}, "EditFileHandler.execute": {"executed_lines": [113, 114, 115, 116, 119, 120, 121, 124, 127, 128, 132, 139, 140, 141], "summary": {"covered_lines": 14, "num_statements": 14, "percent_covered": 100.0, "percent_covered_display": "100", "missing_lines": 0, "excluded_lines": 0}, "missing_lines": [], "excluded_lines": []}, "EditFunctionHandler.name": {"executed_lines": [151], "summary": {"covered_lines": 1, "num_statements": 1, "percent_covered": 100.0, "percent_covered_display": "100", "missing_lines": 0, "excluded_lines": 0}, "missing_lines": [], "excluded_lines": []}, "EditFunctionHandler.execute": {"executed_lines": [155, 160, 161, 164, 165, 166, 169, 170, 173, 174, 178, 179, 180, 183, 184, 185, 192, 193, 194], "summary": {"covered_lines": 19, "num_statements": 19, "percent_covered": 100.0, "percent_covered_display": "100", "missing_lines": 0, "excluded_lines": 0}, "missing_lines": [], "excluded_lines": []}, "": {"executed_lines": [3, 7, 9, 10, 12, 13, 14, 16, 17, 19, 22, 34, 64, 65, 67, 69, 73, 103, 104, 106, 108, 112, 145, 146, 148, 150, 154], "summary": {"covered_lines": 23, "num_statements": 23, "percent_covered": 100.0, "percent_covered_display": "100", "missing_lines": 0, "excluded_lines": 0}, "missing_lines": [], "excluded_lines": []}}, "classes": {"CreateFileHandler": {"executed_lines": [70, 74, 75, 76, 79, 80, 81, 82, 85, 86, 90, 97, 98, 99], "summary": {"covered_lines": 14, "num_statements": 14, "percent_covered": 100.0, "percent_covered_display": "100", "missing_lines": 0, "excluded_lines": 0}, "missing_lines": [], "excluded_lines": []}, "EditFileHandler": {"executed_lines": [109, 113, 114, 115, 116, 119, 120, 121, 124, 127, 128, 132, 139, 140, 141], "summary": {"covered_lines": 15, "num_statements": 15, "percent_covered": 100.0, "percent_covered_display": "100", "missing_lines": 0, "excluded_lines": 0}, "missing_lines": [], "excluded_lines": []}, "EditFunctionHandler": {"executed_lines": [151, 155, 160, 161, 164, 165, 166, 169, 170, 173, 174, 178, 179, 180, 183, 184, 185, 192, 193, 194], "summary": {"covered_lines": 20, "num_statements": 20, "percent_covered": 100.0, "percent_covered_display": "100", "missing_lines": 0, "excluded_lines": 0}, "missing_lines": [], "excluded_lines": []}, "": {"executed_lines": [3, 7, 9, 10, 12, 13, 14, 16, 17, 19, 22, 26, 27, 28, 29, 30, 31, 34, 40, 41, 42, 43, 44, 45, 46, 47, 48, 49, 50, 51, 52, 53, 54, 57, 58, 59, 60, 64, 65, 67, 69, 73, 103, 104, 106, 108, 112, 145, 146, 148, 150, 154], "summary": {"covered_lines": 48, "num_statements": 48, "percent_covered": 100.0, "percent_covered_display": "100", "missing_lines": 0, "excluded_lines": 0}, "missing_lines": [], "excluded_lines": []}}}, "src/body/actions/context.py": {"executed_lines": [2, 6, 8, 9, 11, 18, 20, 21, 23, 24, 25, 26], "summary": {"covered_lines": 9, "num_statements": 9, "percent_covered": 100.0, "percent_covered_display": "100", "missing_lines": 0, "excluded_lines": 4}, "missing_lines": [], "excluded_lines": [11, 12, 13, 14], "functions": {"": {"executed_lines": [2, 6, 8, 9, 11, 18, 20, 21, 23, 24, 25, 26], "summary": {"covered_lines": 9, "num_statements": 9, "percent_covered": 100.0, "percent_covered_display": "100", "missing_lines": 0, "excluded_lines": 4}, "missing_lines": [], "excluded_lines": [11, 12, 13, 14]}}, "classes": {"PlanExecutorContext": {"executed_lines": [], "summary": {"covered_lines": 0, "num_statements": 0, "percent_covered": 100.0, "percent_covered_display": "100", "missing_lines": 0, "excluded_lines": 0}, "missing_lines": [], "excluded_lines": []}, "": {"executed_lines": [2, 6, 8, 9, 11, 18, 20, 21, 23, 24, 25, 26], "summary": {"covered_lines": 9, "num_statements": 9, "percent_covered": 100.0, "percent_covered_display": "100", "missing_lines": 0, "excluded_lines": 4}, "missing_lines": [], "excluded_lines": [11, 12, 13, 14]}}}, "src/body/actions/file_actions.py": {"executed_lines": [3, 7, 9, 10, 12, 13, 15, 19, 20, 22, 24, 25, 28, 45, 46, 48, 50, 51, 54, 69, 70, 72, 74, 75, 78], "summary": {"covered_lines": 21, "num_statements": 53, "percent_covered": 39.62264150943396, "percent_covered_display": "40", "missing_lines": 32, "excluded_lines": 0}, "missing_lines": [29, 30, 31, 32, 33, 34, 35, 36, 39, 40, 41, 55, 56, 57, 58, 59, 60, 63, 64, 65, 79, 80, 81, 82, 83, 84, 87, 88, 89, 90, 91, 92], "excluded_lines": [], "functions": {"ReadFileHandler.name": {"executed_lines": [25], "summary": {"covered_lines": 1, "num_statements": 1, "percent_covered": 100.0, "percent_covered_display": "100", "missing_lines": 0, "excluded_lines": 0}, "missing_lines": [], "excluded_lines": []}, "ReadFileHandler.execute": {"executed_lines": [], "summary": {"covered_lines": 0, "num_statements": 11, "percent_covered": 0.0, "percent_covered_display": "0", "missing_lines": 11, "excluded_lines": 0}, "missing_lines": [29, 30, 31, 32, 33, 34, 35, 36, 39, 40, 41], "excluded_lines": []}, "ListFilesHandler.name": {"executed_lines": [51], "summary": {"covered_lines": 1, "num_statements": 1, "percent_covered": 100.0, "percent_covered_display": "100", "missing_lines": 0, "excluded_lines": 0}, "missing_lines": [], "excluded_lines": []}, "ListFilesHandler.execute": {"executed_lines": [], "summary": {"covered_lines": 0, "num_statements": 9, "percent_covered": 0.0, "percent_covered_display": "0", "missing_lines": 9, "excluded_lines": 0}, "missing_lines": [55, 56, 57, 58, 59, 60, 63, 64, 65], "excluded_lines": []}, "DeleteFileHandler.name": {"executed_lines": [75], "summary": {"covered_lines": 1, "num_statements": 1, "percent_covered": 100.0, "percent_covered_display": "100", "missing_lines": 0, "excluded_lines": 0}, "missing_lines": [], "excluded_lines": []}, "DeleteFileHandler.execute": {"executed_lines": [], "summary": {"covered_lines": 0, "num_statements": 12, "percent_covered": 0.0, "percent_covered_display": "0", "missing_lines": 12, "excluded_lines": 0}, "missing_lines": [79, 80, 81, 82, 83, 84, 87, 88, 89, 90, 91, 92], "excluded_lines": []}, "": {"executed_lines": [3, 7, 9, 10, 12, 13, 15, 19, 20, 22, 24, 28, 45, 46, 48, 50, 54, 69, 70, 72, 74, 78], "summary": {"covered_lines": 18, "num_statements": 18, "percent_covered": 100.0, "percent_covered_display": "100", "missing_lines": 0, "excluded_lines": 0}, "missing_lines": [], "excluded_lines": []}}, "classes": {"ReadFileHandler": {"executed_lines": [25], "summary": {"covered_lines": 1, "num_statements": 12, "percent_covered": 8.333333333333334, "percent_covered_display": "8", "missing_lines": 11, "excluded_lines": 0}, "missing_lines": [29, 30, 31, 32, 33, 34, 35, 36, 39, 40, 41], "excluded_lines": []}, "ListFilesHandler": {"executed_lines": [51], "summary": {"covered_lines": 1, "num_statements": 10, "percent_covered": 10.0, "percent_covered_display": "10", "missing_lines": 9, "excluded_lines": 0}, "missing_lines": [55, 56, 57, 58, 59, 60, 63, 64, 65], "excluded_lines": []}, "DeleteFileHandler": {"executed_lines": [75], "summary": {"covered_lines": 1, "num_statements": 13, "percent_covered": 7.6923076923076925, "percent_covered_display": "8", "missing_lines": 12, "excluded_lines": 0}, "missing_lines": [79, 80, 81, 82, 83, 84, 87, 88, 89, 90, 91, 92], "excluded_lines": []}, "": {"executed_lines": [3, 7, 9, 10, 12, 13, 15, 19, 20, 22, 24, 28, 45, 46, 48, 50, 54, 69, 70, 72, 74, 78], "summary": {"covered_lines": 18, "num_statements": 18, "percent_covered": 100.0, "percent_covered_display": "100", "missing_lines": 0, "excluded_lines": 0}, "missing_lines": [], "excluded_lines": []}}}, "src/body/actions/governance_actions.py": {"executed_lines": [3, 7, 9, 11, 13, 14, 16, 17, 19, 23, 24, 26, 28, 29, 32], "summary": {"covered_lines": 13, "num_statements": 29, "percent_covered": 44.827586206896555, "percent_covered_display": "45", "missing_lines": 16, "excluded_lines": 0}, "missing_lines": [33, 34, 35, 36, 37, 38, 39, 42, 45, 51, 54, 55, 56, 57, 58, 59], "excluded_lines": [], "functions": {"CreateProposalHandler.name": {"executed_lines": [29], "summary": {"covered_lines": 1, "num_statements": 1, "percent_covered": 100.0, "percent_covered_display": "100", "missing_lines": 0, "excluded_lines": 0}, "missing_lines": [], "excluded_lines": []}, "CreateProposalHandler.execute": {"executed_lines": [], "summary": {"covered_lines": 0, "num_statements": 16, "percent_covered": 0.0, "percent_covered_display": "0", "missing_lines": 16, "excluded_lines": 0}, "missing_lines": [33, 34, 35, 36, 37, 38, 39, 42, 45, 51, 54, 55, 56, 57, 58, 59], "excluded_lines": []}, "": {"executed_lines": [3, 7, 9, 11, 13, 14, 16, 17, 19, 23, 24, 26, 28, 32], "summary": {"covered_lines": 12, "num_statements": 12, "percent_covered": 100.0, "percent_covered_display": "100", "missing_lines": 0, "excluded_lines": 0}, "missing_lines": [], "excluded_lines": []}}, "classes": {"CreateProposalHandler": {"executed_lines": [29], "summary": {"covered_lines": 1, "num_statements": 17, "percent_covered": 5.882352941176471, "percent_covered_display": "6", "missing_lines": 16, "excluded_lines": 0}, "missing_lines": [33, 34, 35, 36, 37, 38, 39, 42, 45, 51, 54, 55, 56, 57, 58, 59], "excluded_lines": []}, "": {"executed_lines": [3, 7, 9, 11, 13, 14, 16, 17, 19, 23, 24, 26, 28, 32], "summary": {"covered_lines": 12, "num_statements": 12, "percent_covered": 100.0, "percent_covered_display": "100", "missing_lines": 0, "excluded_lines": 0}, "missing_lines": [], "excluded_lines": []}}}, "src/body/actions/healing_actions.py": {"executed_lines": [2, 6, 8, 9, 10, 11, 12, 13, 14, 18, 19, 21, 23, 25, 28, 33, 37, 38, 40, 42, 43, 46, 56, 57, 59, 61, 62, 65], "summary": {"covered_lines": 24, "num_statements": 28, "percent_covered": 85.71428571428571, "percent_covered_display": "86", "missing_lines": 4, "excluded_lines": 0}, "missing_lines": [48, 49, 52, 70], "excluded_lines": [], "functions": {"FixDocstringsHandler.name": {"executed_lines": [25], "summary": {"covered_lines": 1, "num_statements": 1, "percent_covered": 100.0, "percent_covered_display": "100", "missing_lines": 0, "excluded_lines": 0}, "missing_lines": [], "excluded_lines": []}, "FixDocstringsHandler.execute": {"executed_lines": [33], "summary": {"covered_lines": 1, "num_statements": 1, "percent_covered": 100.0, "percent_covered_display": "100", "missing_lines": 0, "excluded_lines": 0}, "missing_lines": [], "excluded_lines": []}, "FixHeadersHandler.name": {"executed_lines": [43], "summary": {"covered_lines": 1, "num_statements": 1, "percent_covered": 100.0, "percent_covered_display": "100", "missing_lines": 0, "excluded_lines": 0}, "missing_lines": [], "excluded_lines": []}, "FixHeadersHandler.execute": {"executed_lines": [], "summary": {"covered_lines": 0, "num_statements": 3, "percent_covered": 0.0, "percent_covered_display": "0", "missing_lines": 3, "excluded_lines": 0}, "missing_lines": [48, 49, 52], "excluded_lines": []}, "FormatCodeHandler.name": {"executed_lines": [62], "summary": {"covered_lines": 1, "num_statements": 1, "percent_covered": 100.0, "percent_covered_display": "100", "missing_lines": 0, "excluded_lines": 0}, "missing_lines": [], "excluded_lines": []}, "FormatCodeHandler.execute": {"executed_lines": [], "summary": {"covered_lines": 0, "num_statements": 1, "percent_covered": 0.0, "percent_covered_display": "0", "missing_lines": 1, "excluded_lines": 0}, "missing_lines": [70], "excluded_lines": []}, "": {"executed_lines": [2, 6, 8, 9, 10, 11, 12, 13, 14, 18, 19, 21, 23, 28, 37, 38, 40, 42, 46, 56, 57, 59, 61, 65], "summary": {"covered_lines": 20, "num_statements": 20, "percent_covered": 100.0, "percent_covered_display": "100", "missing_lines": 0, "excluded_lines": 0}, "missing_lines": [], "excluded_lines": []}}, "classes": {"FixDocstringsHandler": {"executed_lines": [25, 33], "summary": {"covered_lines": 2, "num_statements": 2, "percent_covered": 100.0, "percent_covered_display": "100", "missing_lines": 0, "excluded_lines": 0}, "missing_lines": [], "excluded_lines": []}, "FixHeadersHandler": {"executed_lines": [43], "summary": {"covered_lines": 1, "num_statements": 4, "percent_covered": 25.0, "percent_covered_display": "25", "missing_lines": 3, "excluded_lines": 0}, "missing_lines": [48, 49, 52], "excluded_lines": []}, "FormatCodeHandler": {"executed_lines": [62], "summary": {"covered_lines": 1, "num_statements": 2, "percent_covered": 50.0, "percent_covered_display": "50", "missing_lines": 1, "excluded_lines": 0}, "missing_lines": [70], "excluded_lines": []}, "": {"executed_lines": [2, 6, 8, 9, 10, 11, 12, 13, 14, 18, 19, 21, 23, 28, 37, 38, 40, 42, 46, 56, 57, 59, 61, 65], "summary": {"covered_lines": 20, "num_statements": 20, "percent_covered": 100.0, "percent_covered_display": "100", "missing_lines": 0, "excluded_lines": 0}, "missing_lines": [], "excluded_lines": []}}}, "src/body/actions/healing_actions_extended.py": {"executed_lines": [3, 7, 9, 11, 12, 13, 14, 15, 16, 18, 22, 23, 25, 27, 28, 31, 33, 34, 35, 47, 54, 55, 57, 59, 60, 63, 65, 66, 67, 79, 86, 87, 89, 91, 92, 95, 97, 99, 100, 101, 103, 104, 105, 106, 107, 114, 115, 117, 119, 120, 123, 125, 127, 128, 129, 136, 137, 139, 141, 142, 145, 147, 148, 149, 153], "summary": {"covered_lines": 59, "num_statements": 74, "percent_covered": 79.72972972972973, "percent_covered_display": "80", "missing_lines": 15, "excluded_lines": 0}, "missing_lines": [48, 49, 50, 80, 81, 82, 108, 109, 110, 130, 131, 132, 154, 155, 156], "excluded_lines": [], "functions": {"FixUnusedImportsHandler.name": {"executed_lines": [28], "summary": {"covered_lines": 1, "num_statements": 1, "percent_covered": 100.0, "percent_covered_display": "100", "missing_lines": 0, "excluded_lines": 0}, "missing_lines": [], "excluded_lines": []}, "FixUnusedImportsHandler.execute": {"executed_lines": [33, 34, 35, 47], "summary": {"covered_lines": 4, "num_statements": 7, "percent_covered": 57.142857142857146, "percent_covered_display": "57", "missing_lines": 3, "excluded_lines": 0}, "missing_lines": [48, 49, 50], "excluded_lines": []}, "RemoveDeadCodeHandler.name": {"executed_lines": [60], "summary": {"covered_lines": 1, "num_statements": 1, "percent_covered": 100.0, "percent_covered_display": "100", "missing_lines": 0, "excluded_lines": 0}, "missing_lines": [], "excluded_lines": []}, "RemoveDeadCodeHandler.execute": {"executed_lines": [65, 66, 67, 79], "summary": {"covered_lines": 4, "num_statements": 7, "percent_covered": 57.142857142857146, "percent_covered_display": "57", "missing_lines": 3, "excluded_lines": 0}, "missing_lines": [80, 81, 82], "excluded_lines": []}, "EnforceLineLengthHandler.name": {"executed_lines": [92], "summary": {"covered_lines": 1, "num_statements": 1, "percent_covered": 100.0, "percent_covered_display": "100", "missing_lines": 0, "excluded_lines": 0}, "missing_lines": [], "excluded_lines": []}, "EnforceLineLengthHandler.execute": {"executed_lines": [97, 99, 100, 101, 103, 104, 105, 106, 107], "summary": {"covered_lines": 9, "num_statements": 12, "percent_covered": 75.0, "percent_covered_display": "75", "missing_lines": 3, "excluded_lines": 0}, "missing_lines": [108, 109, 110], "excluded_lines": []}, "AddPolicyIDsHandler.name": {"executed_lines": [120], "summary": {"covered_lines": 1, "num_statements": 1, "percent_covered": 100.0, "percent_covered_display": "100", "missing_lines": 0, "excluded_lines": 0}, "missing_lines": [], "excluded_lines": []}, "AddPolicyIDsHandler.execute": {"executed_lines": [125, 127, 128, 129], "summary": {"covered_lines": 4, "num_statements": 7, "percent_covered": 57.142857142857146, "percent_covered_display": "57", "missing_lines": 3, "excluded_lines": 0}, "missing_lines": [130, 131, 132], "excluded_lines": []}, "SortImportsHandler.name": {"executed_lines": [142], "summary": {"covered_lines": 1, "num_statements": 1, "percent_covered": 100.0, "percent_covered_display": "100", "missing_lines": 0, "excluded_lines": 0}, "missing_lines": [], "excluded_lines": []}, "SortImportsHandler.execute": {"executed_lines": [147, 148, 149, 153], "summary": {"covered_lines": 4, "num_statements": 7, "percent_covered": 57.142857142857146, "percent_covered_display": "57", "missing_lines": 3, "excluded_lines": 0}, "missing_lines": [154, 155, 156], "excluded_lines": []}, "": {"executed_lines": [3, 7, 9, 11, 12, 13, 14, 15, 16, 18, 22, 23, 25, 27, 31, 54, 55, 57, 59, 63, 86, 87, 89, 91, 95, 114, 115, 117, 119, 123, 136, 137, 139, 141, 145], "summary": {"covered_lines": 29, "num_statements": 29, "percent_covered": 100.0, "percent_covered_display": "100", "missing_lines": 0, "excluded_lines": 0}, "missing_lines": [], "excluded_lines": []}}, "classes": {"FixUnusedImportsHandler": {"executed_lines": [28, 33, 34, 35, 47], "summary": {"covered_lines": 5, "num_statements": 8, "percent_covered": 62.5, "percent_covered_display": "62", "missing_lines": 3, "excluded_lines": 0}, "missing_lines": [48, 49, 50], "excluded_lines": []}, "RemoveDeadCodeHandler": {"executed_lines": [60, 65, 66, 67, 79], "summary": {"covered_lines": 5, "num_statements": 8, "percent_covered": 62.5, "percent_covered_display": "62", "missing_lines": 3, "excluded_lines": 0}, "missing_lines": [80, 81, 82], "excluded_lines": []}, "EnforceLineLengthHandler": {"executed_lines": [92, 97, 99, 100, 101, 103, 104, 105, 106, 107], "summary": {"covered_lines": 10, "num_statements": 13, "percent_covered": 76.92307692307692, "percent_covered_display": "77", "missing_lines": 3, "excluded_lines": 0}, "missing_lines": [108, 109, 110], "excluded_lines": []}, "AddPolicyIDsHandler": {"executed_lines": [120, 125, 127, 128, 129], "summary": {"covered_lines": 5, "num_statements": 8, "percent_covered": 62.5, "percent_covered_display": "62", "missing_lines": 3, "excluded_lines": 0}, "missing_lines": [130, 131, 132], "excluded_lines": []}, "SortImportsHandler": {"executed_lines": [142, 147, 148, 149, 153], "summary": {"covered_lines": 5, "num_statements": 8, "percent_covered": 62.5, "percent_covered_display": "62", "missing_lines": 3, "excluded_lines": 0}, "missing_lines": [154, 155, 156], "excluded_lines": []}, "": {"executed_lines": [3, 7, 9, 11, 12, 13, 14, 15, 16, 18, 22, 23, 25, 27, 31, 54, 55, 57, 59, 63, 86, 87, 89, 91, 95, 114, 115, 117, 119, 123, 136, 137, 139, 141, 145], "summary": {"covered_lines": 29, "num_statements": 29, "percent_covered": 100.0, "percent_covered_display": "100", "missing_lines": 0, "excluded_lines": 0}, "missing_lines": [], "excluded_lines": []}}}, "src/body/actions/registry.py": {"executed_lines": [3, 7, 9, 11, 12, 13, 14, 15, 16, 23, 25, 29, 30, 32, 33, 34, 36, 38, 56, 57, 58, 62, 63, 66, 68], "summary": {"covered_lines": 23, "num_statements": 24, "percent_covered": 95.83333333333333, "percent_covered_display": "96", "missing_lines": 1, "excluded_lines": 0}, "missing_lines": [59], "excluded_lines": [], "functions": {"ActionRegistry.__init__": {"executed_lines": [33, 34], "summary": {"covered_lines": 2, "num_statements": 2, "percent_covered": 100.0, "percent_covered_display": "100", "missing_lines": 0, "excluded_lines": 0}, "missing_lines": [], "excluded_lines": []}, "ActionRegistry._register_handlers": {"executed_lines": [38, 56, 57, 58, 62, 63], "summary": {"covered_lines": 6, "num_statements": 7, "percent_covered": 85.71428571428571, "percent_covered_display": "86", "missing_lines": 1, "excluded_lines": 0}, "missing_lines": [59], "excluded_lines": []}, "ActionRegistry.get_handler": {"executed_lines": [68], "summary": {"covered_lines": 1, "num_statements": 1, "percent_covered": 100.0, "percent_covered_display": "100", "missing_lines": 0, "excluded_lines": 0}, "missing_lines": [], "excluded_lines": []}, "": {"executed_lines": [3, 7, 9, 11, 12, 13, 14, 15, 16, 23, 25, 29, 30, 32, 36, 66], "summary": {"covered_lines": 14, "num_statements": 14, "percent_covered": 100.0, "percent_covered_display": "100", "missing_lines": 0, "excluded_lines": 0}, "missing_lines": [], "excluded_lines": []}}, "classes": {"ActionRegistry": {"executed_lines": [33, 34, 38, 56, 57, 58, 62, 63, 68], "summary": {"covered_lines": 9, "num_statements": 10, "percent_covered": 90.0, "percent_covered_display": "90", "missing_lines": 1, "excluded_lines": 0}, "missing_lines": [59], "excluded_lines": []}, "": {"executed_lines": [3, 7, 9, 11, 12, 13, 14, 15, 16, 23, 25, 29, 30, 32, 36, 66], "summary": {"covered_lines": 14, "num_statements": 14, "percent_covered": 100.0, "percent_covered_display": "100", "missing_lines": 0, "excluded_lines": 0}, "missing_lines": [], "excluded_lines": []}}}, "src/body/actions/validation_actions.py": {"executed_lines": [3, 7, 9, 10, 11, 12, 14, 18, 19, 21, 23, 24, 27, 29, 32], "summary": {"covered_lines": 13, "num_statements": 13, "percent_covered": 100.0, "percent_covered_display": "100", "missing_lines": 0, "excluded_lines": 0}, "missing_lines": [], "excluded_lines": [], "functions": {"ValidateCodeHandler.name": {"executed_lines": [24], "summary": {"covered_lines": 1, "num_statements": 1, "percent_covered": 100.0, "percent_covered_display": "100", "missing_lines": 0, "excluded_lines": 0}, "missing_lines": [], "excluded_lines": []}, "ValidateCodeHandler.execute": {"executed_lines": [29, 32], "summary": {"covered_lines": 2, "num_statements": 2, "percent_covered": 100.0, "percent_covered_display": "100", "missing_lines": 0, "excluded_lines": 0}, "missing_lines": [], "excluded_lines": []}, "": {"executed_lines": [3, 7, 9, 10, 11, 12, 14, 18, 19, 21, 23, 27], "summary": {"covered_lines": 10, "num_statements": 10, "percent_covered": 100.0, "percent_covered_display": "100", "missing_lines": 0, "excluded_lines": 0}, "missing_lines": [], "excluded_lines": []}}, "classes": {"ValidateCodeHandler": {"executed_lines": [24, 29, 32], "summary": {"covered_lines": 3, "num_statements": 3, "percent_covered": 100.0, "percent_covered_display": "100", "missing_lines": 0, "excluded_lines": 0}, "missing_lines": [], "excluded_lines": []}, "": {"executed_lines": [3, 7, 9, 10, 11, 12, 14, 18, 19, 21, 23, 27], "summary": {"covered_lines": 10, "num_statements": 10, "percent_covered": 100.0, "percent_covered_display": "100", "missing_lines": 0, "excluded_lines": 0}, "missing_lines": [], "excluded_lines": []}}}, "src/body/cli/__init__.py": {"executed_lines": [2, 4], "summary": {"covered_lines": 1, "num_statements": 1, "percent_covered": 100.0, "percent_covered_display": "100", "missing_lines": 0, "excluded_lines": 0}, "missing_lines": [], "excluded_lines": [], "functions": {"": {"executed_lines": [2, 4], "summary": {"covered_lines": 1, "num_statements": 1, "percent_covered": 100.0, "percent_covered_display": "100", "missing_lines": 0, "excluded_lines": 0}, "missing_lines": [], "excluded_lines": []}}, "classes": {"": {"executed_lines": [2, 4], "summary": {"covered_lines": 1, "num_statements": 1, "percent_covered": 100.0, "percent_covered_display": "100", "missing_lines": 0, "excluded_lines": 0}, "missing_lines": [], "excluded_lines": []}}}, "src/body/cli/admin_cli.py": {"executed_lines": [3, 8, 10, 11, 13, 26, 27, 28, 29, 30, 31, 32, 33, 34, 35, 36, 37, 39, 40, 42, 60, 72, 74, 75, 76, 77, 78, 79, 80, 81, 82, 83, 84, 85, 87, 99, 100, 101, 104, 107, 109, 111, 112, 113, 116, 119], "summary": {"covered_lines": 44, "num_statements": 44, "percent_covered": 100.0, "percent_covered_display": "100", "missing_lines": 0, "excluded_lines": 2}, "missing_lines": [], "excluded_lines": [119, 120], "functions": {"register_all_commands": {"executed_lines": [74, 75, 76, 77, 78, 79, 80, 81, 82, 83, 84, 85, 87, 99, 100, 101], "summary": {"covered_lines": 16, "num_statements": 16, "percent_covered": 100.0, "percent_covered_display": "100", "missing_lines": 0, "excluded_lines": 0}, "missing_lines": [], "excluded_lines": []}, "main": {"executed_lines": [111, 112, 113, 116], "summary": {"covered_lines": 4, "num_statements": 4, "percent_covered": 100.0, "percent_covered_display": "100", "missing_lines": 0, "excluded_lines": 0}, "missing_lines": [], "excluded_lines": []}, "": {"executed_lines": [3, 8, 10, 11, 13, 26, 27, 28, 29, 30, 31, 32, 33, 34, 35, 36, 37, 39, 40, 42, 60, 72, 104, 107, 109, 119], "summary": {"covered_lines": 24, "num_statements": 24, "percent_covered": 100.0, "percent_covered_display": "100", "missing_lines": 0, "excluded_lines": 2}, "missing_lines": [], "excluded_lines": [119, 120]}}, "classes": {"": {"executed_lines": [3, 8, 10, 11, 13, 26, 27, 28, 29, 30, 31, 32, 33, 34, 35, 36, 37, 39, 40, 42, 60, 72, 74, 75, 76, 77, 78, 79, 80, 81, 82, 83, 84, 85, 87, 99, 100, 101, 104, 107, 109, 111, 112, 113, 116, 119], "summary": {"covered_lines": 44, "num_statements": 44, "percent_covered": 100.0, "percent_covered_display": "100", "missing_lines": 0, "excluded_lines": 2}, "missing_lines": [], "excluded_lines": [119, 120]}}}, "src/body/cli/commands/__init__.py": {"executed_lines": [2, 4], "summary": {"covered_lines": 1, "num_statements": 1, "percent_covered": 100.0, "percent_covered_display": "100", "missing_lines": 0, "excluded_lines": 0}, "missing_lines": [], "excluded_lines": [], "functions": {"": {"executed_lines": [2, 4], "summary": {"covered_lines": 1, "num_statements": 1, "percent_covered": 100.0, "percent_covered_display": "100", "missing_lines": 0, "excluded_lines": 0}, "missing_lines": [], "excluded_lines": []}}, "classes": {"": {"executed_lines": [2, 4], "summary": {"covered_lines": 1, "num_statements": 1, "percent_covered": 100.0, "percent_covered_display": "100", "missing_lines": 0, "excluded_lines": 0}, "missing_lines": [], "excluded_lines": []}}}, "src/body/cli/commands/check.py": {"executed_lines": [3, 8, 10, 12, 13, 14, 15, 17, 18, 21, 22, 23, 24, 25], "summary": {"covered_lines": 13, "num_statements": 13, "percent_covered": 100.0, "percent_covered_display": "100", "missing_lines": 0, "excluded_lines": 0}, "missing_lines": [], "excluded_lines": [], "functions": {"": {"executed_lines": [3, 8, 10, 12, 13, 14, 15, 17, 18, 21, 22, 23, 24, 25], "summary": {"covered_lines": 13, "num_statements": 13, "percent_covered": 100.0, "percent_covered_display": "100", "missing_lines": 0, "excluded_lines": 0}, "missing_lines": [], "excluded_lines": []}}, "classes": {"": {"executed_lines": [3, 8, 10, 12, 13, 14, 15, 17, 18, 21, 22, 23, 24, 25], "summary": {"covered_lines": 13, "num_statements": 13, "percent_covered": 100.0, "percent_covered_display": "100", "missing_lines": 0, "excluded_lines": 0}, "missing_lines": [], "excluded_lines": []}}}, "src/body/cli/commands/coverage.py": {"executed_lines": [3, 10, 12, 13, 14, 15, 17, 18, 19, 21, 22, 23, 24, 25, 26, 28, 29, 30, 33, 36, 47, 49, 77, 79, 125, 127, 267, 269, 328, 330, 350, 352, 394, 396], "summary": {"covered_lines": 33, "num_statements": 211, "percent_covered": 15.639810426540285, "percent_covered_display": "16", "missing_lines": 178, "excluded_lines": 0}, "missing_lines": [42, 43, 44, 56, 58, 59, 60, 61, 62, 65, 66, 67, 68, 69, 70, 71, 73, 74, 93, 94, 95, 96, 97, 98, 99, 100, 101, 102, 103, 104, 105, 108, 109, 110, 114, 115, 116, 119, 120, 121, 122, 196, 197, 198, 199, 200, 201, 202, 203, 204, 205, 206, 207, 208, 209, 210, 211, 212, 213, 214, 216, 217, 220, 222, 223, 224, 225, 232, 239, 240, 241, 242, 243, 244, 245, 246, 247, 250, 252, 255, 256, 257, 258, 259, 260, 261, 263, 264, 280, 281, 282, 283, 284, 285, 286, 287, 288, 289, 290, 291, 292, 293, 294, 295, 296, 297, 298, 301, 302, 305, 306, 307, 308, 309, 310, 311, 312, 313, 314, 315, 316, 317, 318, 319, 320, 321, 322, 323, 324, 325, 338, 339, 340, 341, 342, 343, 344, 345, 346, 347, 370, 371, 372, 376, 377, 378, 379, 380, 381, 384, 385, 386, 387, 388, 389, 391, 413, 414, 415, 419, 420, 421, 422, 423, 424, 425, 426, 427, 428, 429, 430, 431, 432, 433, 434, 435, 436, 440], "excluded_lines": [], "functions": {"_ensure_context": {"executed_lines": [], "summary": {"covered_lines": 0, "num_statements": 3, "percent_covered": 0.0, "percent_covered_display": "0", "missing_lines": 3, "excluded_lines": 0}, "missing_lines": [42, 43, 44], "excluded_lines": []}, "check_coverage": {"executed_lines": [], "summary": {"covered_lines": 0, "num_statements": 4, "percent_covered": 0.0, "percent_covered_display": "0", "missing_lines": 4, "excluded_lines": 0}, "missing_lines": [56, 58, 73, 74], "excluded_lines": []}, "check_coverage._async_check": {"executed_lines": [], "summary": {"covered_lines": 0, "num_statements": 11, "percent_covered": 0.0, "percent_covered_display": "0", "missing_lines": 11, "excluded_lines": 0}, "missing_lines": [59, 60, 61, 62, 65, 66, 67, 68, 69, 70, 71], "excluded_lines": []}, "coverage_report": {"executed_lines": [], "summary": {"covered_lines": 0, "num_statements": 23, "percent_covered": 0.0, "percent_covered_display": "0", "missing_lines": 23, "excluded_lines": 0}, "missing_lines": [93, 94, 95, 96, 97, 98, 99, 100, 101, 102, 103, 104, 105, 108, 109, 110, 114, 115, 116, 119, 120, 121, 122], "excluded_lines": []}, "remediate_coverage_cmd": {"executed_lines": [], "summary": {"covered_lines": 0, "num_statements": 25, "percent_covered": 0.0, "percent_covered_display": "0", "missing_lines": 25, "excluded_lines": 0}, "missing_lines": [196, 197, 198, 199, 200, 201, 202, 203, 204, 205, 206, 207, 208, 209, 210, 211, 212, 213, 214, 216, 217, 220, 222, 263, 264], "excluded_lines": []}, "remediate_coverage_cmd._async_remediate": {"executed_lines": [], "summary": {"covered_lines": 0, "num_statements": 22, "percent_covered": 0.0, "percent_covered_display": "0", "missing_lines": 22, "excluded_lines": 0}, "missing_lines": [223, 224, 225, 232, 239, 240, 241, 242, 243, 244, 245, 246, 247, 250, 252, 255, 256, 257, 258, 259, 260, 261], "excluded_lines": []}, "coverage_history": {"executed_lines": [], "summary": {"covered_lines": 0, "num_statements": 42, "percent_covered": 0.0, "percent_covered_display": "0", "missing_lines": 42, "excluded_lines": 0}, "missing_lines": [280, 281, 282, 283, 284, 285, 286, 287, 288, 289, 290, 291, 292, 293, 294, 295, 296, 297, 298, 301, 302, 305, 306, 307, 308, 309, 310, 311, 312, 313, 314, 315, 316, 317, 318, 319, 320, 321, 322, 323, 324, 325], "excluded_lines": []}, "show_targets": {"executed_lines": [], "summary": {"covered_lines": 0, "num_statements": 10, "percent_covered": 0.0, "percent_covered_display": "0", "missing_lines": 10, "excluded_lines": 0}, "missing_lines": [338, 339, 340, 341, 342, 343, 344, 345, 346, 347], "excluded_lines": []}, "accumulate_tests_command": {"executed_lines": [], "summary": {"covered_lines": 0, "num_statements": 2, "percent_covered": 0.0, "percent_covered_display": "0", "missing_lines": 2, "excluded_lines": 0}, "missing_lines": [370, 391], "excluded_lines": []}, "accumulate_tests_command._run": {"executed_lines": [], "summary": {"covered_lines": 0, "num_statements": 14, "percent_covered": 0.0, "percent_covered_display": "0", "missing_lines": 14, "excluded_lines": 0}, "missing_lines": [371, 372, 376, 377, 378, 379, 380, 381, 384, 385, 386, 387, 388, 389], "excluded_lines": []}, "accumulate_batch_command": {"executed_lines": [], "summary": {"covered_lines": 0, "num_statements": 2, "percent_covered": 0.0, "percent_covered_display": "0", "missing_lines": 2, "excluded_lines": 0}, "missing_lines": [413, 440], "excluded_lines": []}, "accumulate_batch_command._run": {"executed_lines": [], "summary": {"covered_lines": 0, "num_statements": 20, "percent_covered": 0.0, "percent_covered_display": "0", "missing_lines": 20, "excluded_lines": 0}, "missing_lines": [414, 415, 419, 420, 421, 422, 423, 424, 425, 426, 427, 428, 429, 430, 431, 432, 433, 434, 435, 436], "excluded_lines": []}, "": {"executed_lines": [3, 10, 12, 13, 14, 15, 17, 18, 19, 21, 22, 23, 24, 25, 26, 28, 29, 30, 33, 36, 47, 49, 77, 79, 125, 127, 267, 269, 328, 330, 350, 352, 394, 396], "summary": {"covered_lines": 33, "num_statements": 33, "percent_covered": 100.0, "percent_covered_display": "100", "missing_lines": 0, "excluded_lines": 0}, "missing_lines": [], "excluded_lines": []}}, "classes": {"": {"executed_lines": [3, 10, 12, 13, 14, 15, 17, 18, 19, 21, 22, 23, 24, 25, 26, 28, 29, 30, 33, 36, 47, 49, 77, 79, 125, 127, 267, 269, 328, 330, 350, 352, 394, 396], "summary": {"covered_lines": 33, "num_statements": 211, "percent_covered": 15.639810426540285, "percent_covered_display": "16", "missing_lines": 178, "excluded_lines": 0}, "missing_lines": [42, 43, 44, 56, 58, 59, 60, 61, 62, 65, 66, 67, 68, 69, 70, 71, 73, 74, 93, 94, 95, 96, 97, 98, 99, 100, 101, 102, 103, 104, 105, 108, 109, 110, 114, 115, 116, 119, 120, 121, 122, 196, 197, 198, 199, 200, 201, 202, 203, 204, 205, 206, 207, 208, 209, 210, 211, 212, 213, 214, 216, 217, 220, 222, 223, 224, 225, 232, 239, 240, 241, 242, 243, 244, 245, 246, 247, 250, 252, 255, 256, 257, 258, 259, 260, 261, 263, 264, 280, 281, 282, 283, 284, 285, 286, 287, 288, 289, 290, 291, 292, 293, 294, 295, 296, 297, 298, 301, 302, 305, 306, 307, 308, 309, 310, 311, 312, 313, 314, 315, 316, 317, 318, 319, 320, 321, 322, 323, 324, 325, 338, 339, 340, 341, 342, 343, 344, 345, 346, 347, 370, 371, 372, 376, 377, 378, 379, 380, 381, 384, 385, 386, 387, 388, 389, 391, 413, 414, 415, 419, 420, 421, 422, 423, 424, 425, 426, 427, 428, 429, 430, 431, 432, 433, 434, 435, 436, 440], "excluded_lines": []}}}, "src/body/cli/commands/enrich.py": {"executed_lines": [2, 6, 8, 10, 11, 13, 14, 16, 17, 19, 22, 24], "summary": {"covered_lines": 11, "num_statements": 13, "percent_covered": 84.61538461538461, "percent_covered_display": "85", "missing_lines": 2, "excluded_lines": 0}, "missing_lines": [31, 33], "excluded_lines": [], "functions": {"enrich_symbols_command": {"executed_lines": [], "summary": {"covered_lines": 0, "num_statements": 2, "percent_covered": 0.0, "percent_covered_display": "0", "missing_lines": 2, "excluded_lines": 0}, "missing_lines": [31, 33], "excluded_lines": []}, "": {"executed_lines": [2, 6, 8, 10, 11, 13, 14, 16, 17, 19, 22, 24], "summary": {"covered_lines": 11, "num_statements": 11, "percent_covered": 100.0, "percent_covered_display": "100", "missing_lines": 0, "excluded_lines": 0}, "missing_lines": [], "excluded_lines": []}}, "classes": {"": {"executed_lines": [2, 6, 8, 10, 11, 13, 14, 16, 17, 19, 22, 24], "summary": {"covered_lines": 11, "num_statements": 13, "percent_covered": 84.61538461538461, "percent_covered_display": "85", "missing_lines": 2, "excluded_lines": 0}, "missing_lines": [31, 33], "excluded_lines": []}}}, "src/body/cli/commands/fix.py": {"executed_lines": [3, 7, 9, 10, 11, 12, 13, 15, 16, 18, 19, 20, 21, 22, 23, 24, 25, 26, 27, 28, 31, 32, 33, 34, 35, 36, 41, 42, 44, 127, 128, 130, 142, 145, 151, 161, 169, 171, 187, 190, 192, 197, 200, 202, 236, 239, 240, 242, 261, 262, 263, 265, 289, 290, 291, 293, 311, 314, 315, 317, 341, 344, 346, 358, 361, 363, 375, 378, 380, 392, 396, 397, 399, 427, 430, 431, 433, 442, 445, 446, 448, 459, 463, 465, 477, 478, 480, 491, 493], "summary": {"covered_lines": 88, "num_statements": 193, "percent_covered": 45.59585492227979, "percent_covered_display": "46", "missing_lines": 105, "excluded_lines": 0}, "missing_lines": [131, 132, 133, 134, 135, 136, 137, 138, 139, 140, 147, 148, 158, 181, 182, 183, 184, 193, 194, 205, 206, 207, 208, 209, 210, 211, 212, 213, 214, 217, 218, 221, 222, 226, 230, 231, 232, 248, 249, 250, 251, 253, 254, 255, 278, 279, 280, 281, 282, 283, 286, 302, 303, 304, 305, 306, 307, 308, 330, 331, 332, 333, 334, 335, 338, 349, 350, 351, 352, 355, 366, 367, 368, 369, 372, 383, 384, 385, 386, 389, 412, 413, 414, 415, 416, 417, 418, 424, 435, 437, 438, 439, 451, 452, 453, 454, 455, 456, 468, 469, 470, 471, 474, 488, 494], "excluded_lines": [], "functions": {"handle_command_errors": {"executed_lines": [130, 142], "summary": {"covered_lines": 2, "num_statements": 2, "percent_covered": 100.0, "percent_covered_display": "100", "missing_lines": 0, "excluded_lines": 0}, "missing_lines": [], "excluded_lines": []}, "handle_command_errors.wrapper": {"executed_lines": [], "summary": {"covered_lines": 0, "num_statements": 10, "percent_covered": 0.0, "percent_covered_display": "0", "missing_lines": 10, "excluded_lines": 0}, "missing_lines": [131, 132, 133, 134, 135, 136, 137, 138, 139, 140], "excluded_lines": []}, "_run_with_progress": {"executed_lines": [], "summary": {"covered_lines": 0, "num_statements": 2, "percent_covered": 0.0, "percent_covered_display": "0", "missing_lines": 2, "excluded_lines": 0}, "missing_lines": [147, 148], "excluded_lines": []}, "_confirm_dangerous_operation": {"executed_lines": [], "summary": {"covered_lines": 0, "num_statements": 1, "percent_covered": 0.0, "percent_covered_display": "0", "missing_lines": 1, "excluded_lines": 0}, "missing_lines": [158], "excluded_lines": []}, "fix_callback": {"executed_lines": [], "summary": {"covered_lines": 0, "num_statements": 4, "percent_covered": 0.0, "percent_covered_display": "0", "missing_lines": 4, "excluded_lines": 0}, "missing_lines": [181, 182, 183, 184], "excluded_lines": []}, "format_code_wrapper": {"executed_lines": [], "summary": {"covered_lines": 0, "num_statements": 2, "percent_covered": 0.0, "percent_covered_display": "0", "missing_lines": 2, "excluded_lines": 0}, "missing_lines": [193, 194], "excluded_lines": []}, "fix_headers_cmd": {"executed_lines": [], "summary": {"covered_lines": 0, "num_statements": 18, "percent_covered": 0.0, "percent_covered_display": "0", "missing_lines": 18, "excluded_lines": 0}, "missing_lines": [205, 206, 207, 208, 209, 210, 211, 212, 213, 214, 217, 218, 221, 222, 226, 230, 231, 232], "excluded_lines": []}, "fix_docstrings_command": {"executed_lines": [], "summary": {"covered_lines": 0, "num_statements": 7, "percent_covered": 0.0, "percent_covered_display": "0", "missing_lines": 7, "excluded_lines": 0}, "missing_lines": [248, 249, 250, 251, 253, 254, 255], "excluded_lines": []}, "fix_line_lengths_command": {"executed_lines": [], "summary": {"covered_lines": 0, "num_statements": 7, "percent_covered": 0.0, "percent_covered_display": "0", "missing_lines": 7, "excluded_lines": 0}, "missing_lines": [278, 279, 280, 281, 282, 283, 286], "excluded_lines": []}, "fix_clarity_command": {"executed_lines": [], "summary": {"covered_lines": 0, "num_statements": 7, "percent_covered": 0.0, "percent_covered_display": "0", "missing_lines": 7, "excluded_lines": 0}, "missing_lines": [302, 303, 304, 305, 306, 307, 308], "excluded_lines": []}, "complexity_command": {"executed_lines": [], "summary": {"covered_lines": 0, "num_statements": 7, "percent_covered": 0.0, "percent_covered_display": "0", "missing_lines": 7, "excluded_lines": 0}, "missing_lines": [330, 331, 332, 333, 334, 335, 338], "excluded_lines": []}, "assign_ids_command": {"executed_lines": [], "summary": {"covered_lines": 0, "num_statements": 5, "percent_covered": 0.0, "percent_covered_display": "0", "missing_lines": 5, "excluded_lines": 0}, "missing_lines": [349, 350, 351, 352, 355], "excluded_lines": []}, "purge_legacy_tags_command": {"executed_lines": [], "summary": {"covered_lines": 0, "num_statements": 5, "percent_covered": 0.0, "percent_covered_display": "0", "missing_lines": 5, "excluded_lines": 0}, "missing_lines": [366, 367, 368, 369, 372], "excluded_lines": []}, "fix_policy_ids_command": {"executed_lines": [], "summary": {"covered_lines": 0, "num_statements": 5, "percent_covered": 0.0, "percent_covered_display": "0", "missing_lines": 5, "excluded_lines": 0}, "missing_lines": [383, 384, 385, 386, 389], "excluded_lines": []}, "fix_tags_command": {"executed_lines": [], "summary": {"covered_lines": 0, "num_statements": 8, "percent_covered": 0.0, "percent_covered_display": "0", "missing_lines": 8, "excluded_lines": 0}, "missing_lines": [412, 413, 414, 415, 416, 417, 418, 424], "excluded_lines": []}, "sync_db_registry_command": {"executed_lines": [], "summary": {"covered_lines": 0, "num_statements": 4, "percent_covered": 0.0, "percent_covered_display": "0", "missing_lines": 4, "excluded_lines": 0}, "missing_lines": [435, 437, 438, 439], "excluded_lines": []}, "fix_duplicate_ids_command": {"executed_lines": [], "summary": {"covered_lines": 0, "num_statements": 6, "percent_covered": 0.0, "percent_covered_display": "0", "missing_lines": 6, "excluded_lines": 0}, "missing_lines": [451, 452, 453, 454, 455, 456], "excluded_lines": []}, "fix_orphaned_vectors_command": {"executed_lines": [], "summary": {"covered_lines": 0, "num_statements": 5, "percent_covered": 0.0, "percent_covered_display": "0", "missing_lines": 5, "excluded_lines": 0}, "missing_lines": [468, 469, 470, 471, 474], "excluded_lines": []}, "run_all_fixes": {"executed_lines": [], "summary": {"covered_lines": 0, "num_statements": 1, "percent_covered": 0.0, "percent_covered_display": "0", "missing_lines": 1, "excluded_lines": 0}, "missing_lines": [488], "excluded_lines": []}, "list_commands": {"executed_lines": [], "summary": {"covered_lines": 0, "num_statements": 1, "percent_covered": 0.0, "percent_covered_display": "0", "missing_lines": 1, "excluded_lines": 0}, "missing_lines": [494], "excluded_lines": []}, "": {"executed_lines": [3, 7, 9, 10, 11, 12, 13, 15, 16, 18, 19, 20, 21, 22, 23, 24, 25, 26, 27, 28, 31, 32, 33, 34, 35, 36, 41, 42, 44, 127, 128, 145, 151, 161, 169, 171, 187, 190, 192, 197, 200, 202, 236, 239, 240, 242, 261, 262, 263, 265, 289, 290, 291, 293, 311, 314, 315, 317, 341, 344, 346, 358, 361, 363, 375, 378, 380, 392, 396, 397, 399, 427, 430, 431, 433, 442, 445, 446, 448, 459, 463, 465, 477, 478, 480, 491, 493], "summary": {"covered_lines": 86, "num_statements": 86, "percent_covered": 100.0, "percent_covered_display": "100", "missing_lines": 0, "excluded_lines": 0}, "missing_lines": [], "excluded_lines": []}}, "classes": {"": {"executed_lines": [3, 7, 9, 10, 11, 12, 13, 15, 16, 18, 19, 20, 21, 22, 23, 24, 25, 26, 27, 28, 31, 32, 33, 34, 35, 36, 41, 42, 44, 127, 128, 130, 142, 145, 151, 161, 169, 171, 187, 190, 192, 197, 200, 202, 236, 239, 240, 242, 261, 262, 263, 265, 289, 290, 291, 293, 311, 314, 315, 317, 341, 344, 346, 358, 361, 363, 375, 378, 380, 392, 396, 397, 399, 427, 430, 431, 433, 442, 445, 446, 448, 459, 463, 465, 477, 478, 480, 491, 493], "summary": {"covered_lines": 88, "num_statements": 193, "percent_covered": 45.59585492227979, "percent_covered_display": "46", "missing_lines": 105, "excluded_lines": 0}, "missing_lines": [131, 132, 133, 134, 135, 136, 137, 138, 139, 140, 147, 148, 158, 181, 182, 183, 184, 193, 194, 205, 206, 207, 208, 209, 210, 211, 212, 213, 214, 217, 218, 221, 222, 226, 230, 231, 232, 248, 249, 250, 251, 253, 254, 255, 278, 279, 280, 281, 282, 283, 286, 302, 303, 304, 305, 306, 307, 308, 330, 331, 332, 333, 334, 335, 338, 349, 350, 351, 352, 355, 366, 367, 368, 369, 372, 383, 384, 385, 386, 389, 412, 413, 414, 415, 416, 417, 418, 424, 435, 437, 438, 439, 451, 452, 453, 454, 455, 456, 468, 469, 470, 471, 474, 488, 494], "excluded_lines": []}}}, "src/body/cli/commands/inspect.py": {"executed_lines": [2, 6, 8, 9, 11, 12, 13, 15, 16, 17, 18, 19, 20, 21, 22, 23, 25, 26, 31, 35, 41, 43, 45, 48, 49, 50, 54, 58, 64, 68, 106, 110], "summary": {"covered_lines": 31, "num_statements": 49, "percent_covered": 63.265306122448976, "percent_covered_display": "63", "missing_lines": 18, "excluded_lines": 0}, "missing_lines": [38, 80, 81, 83, 84, 85, 87, 90, 91, 92, 93, 95, 96, 97, 103, 121, 122, 123], "excluded_lines": [], "functions": {"set_context": {"executed_lines": [], "summary": {"covered_lines": 0, "num_statements": 1, "percent_covered": 0.0, "percent_covered_display": "0", "missing_lines": 1, "excluded_lines": 0}, "missing_lines": [38], "excluded_lines": []}, "status_command": {"executed_lines": [45], "summary": {"covered_lines": 1, "num_statements": 1, "percent_covered": 100.0, "percent_covered_display": "100", "missing_lines": 0, "excluded_lines": 0}, "missing_lines": [], "excluded_lines": []}, "inspect_test_targets": {"executed_lines": [], "summary": {"covered_lines": 0, "num_statements": 14, "percent_covered": 0.0, "percent_covered_display": "0", "missing_lines": 14, "excluded_lines": 0}, "missing_lines": [80, 81, 83, 84, 85, 87, 90, 91, 92, 93, 95, 96, 97, 103], "excluded_lines": []}, "duplicates_command": {"executed_lines": [], "summary": {"covered_lines": 0, "num_statements": 3, "percent_covered": 0.0, "percent_covered_display": "0", "missing_lines": 3, "excluded_lines": 0}, "missing_lines": [121, 122, 123], "excluded_lines": []}, "": {"executed_lines": [2, 6, 8, 9, 11, 12, 13, 15, 16, 17, 18, 19, 20, 21, 22, 23, 25, 26, 31, 35, 41, 43, 48, 49, 50, 54, 58, 64, 68, 106, 110], "summary": {"covered_lines": 30, "num_statements": 30, "percent_covered": 100.0, "percent_covered_display": "100", "missing_lines": 0, "excluded_lines": 0}, "missing_lines": [], "excluded_lines": []}}, "classes": {"": {"executed_lines": [2, 6, 8, 9, 11, 12, 13, 15, 16, 17, 18, 19, 20, 21, 22, 23, 25, 26, 31, 35, 41, 43, 45, 48, 49, 50, 54, 58, 64, 68, 106, 110], "summary": {"covered_lines": 31, "num_statements": 49, "percent_covered": 63.265306122448976, "percent_covered_display": "63", "missing_lines": 18, "excluded_lines": 0}, "missing_lines": [38, 80, 81, 83, 84, 85, 87, 90, 91, 92, 93, 95, 96, 97, 103, 121, 122, 123], "excluded_lines": []}}}, "src/body/cli/commands/manage.py": {"executed_lines": [2, 6, 8, 9, 11, 12, 16, 17, 18, 19, 24, 25, 26, 27, 28, 29, 30, 31, 32, 33, 37, 38, 43, 45, 48, 49, 50, 51, 52, 55, 60, 68, 70, 75, 80, 88, 90, 91, 92, 93, 94, 96, 99, 100, 103, 105, 115, 117, 126, 128, 137, 139, 142, 143, 146, 151], "summary": {"covered_lines": 55, "num_statements": 72, "percent_covered": 76.38888888888889, "percent_covered_display": "76", "missing_lines": 17, "excluded_lines": 0}, "missing_lines": [65, 85, 111, 112, 122, 123, 133, 134, 155, 158, 159, 160, 161, 162, 163, 164, 167], "excluded_lines": [], "functions": {"migrate_ssot_command": {"executed_lines": [], "summary": {"covered_lines": 0, "num_statements": 1, "percent_covered": 0.0, "percent_covered_display": "0", "missing_lines": 1, "excluded_lines": 0}, "missing_lines": [65], "excluded_lines": []}, "dotenv_sync_command": {"executed_lines": [], "summary": {"covered_lines": 0, "num_statements": 1, "percent_covered": 0.0, "percent_covered_display": "0", "missing_lines": 1, "excluded_lines": 0}, "missing_lines": [85], "excluded_lines": []}, "approve_command_wrapper": {"executed_lines": [], "summary": {"covered_lines": 0, "num_statements": 2, "percent_covered": 0.0, "percent_covered_display": "0", "missing_lines": 2, "excluded_lines": 0}, "missing_lines": [111, 112], "excluded_lines": []}, "micro_apply_command": {"executed_lines": [], "summary": {"covered_lines": 0, "num_statements": 2, "percent_covered": 0.0, "percent_covered_display": "0", "missing_lines": 2, "excluded_lines": 0}, "missing_lines": [122, 123], "excluded_lines": []}, "micro_propose_command": {"executed_lines": [], "summary": {"covered_lines": 0, "num_statements": 2, "percent_covered": 0.0, "percent_covered_display": "0", "missing_lines": 2, "excluded_lines": 0}, "missing_lines": [133, 134], "excluded_lines": []}, "define_symbols_command": {"executed_lines": [], "summary": {"covered_lines": 0, "num_statements": 9, "percent_covered": 0.0, "percent_covered_display": "0", "missing_lines": 9, "excluded_lines": 0}, "missing_lines": [155, 158, 159, 160, 161, 162, 163, 164, 167], "excluded_lines": []}, "": {"executed_lines": [2, 6, 8, 9, 11, 12, 16, 17, 18, 19, 24, 25, 26, 27, 28, 29, 30, 31, 32, 33, 37, 38, 43, 45, 48, 49, 50, 51, 52, 55, 60, 68, 70, 75, 80, 88, 90, 91, 92, 93, 94, 96, 99, 100, 103, 105, 115, 117, 126, 128, 137, 139, 142, 143, 146, 151], "summary": {"covered_lines": 55, "num_statements": 55, "percent_covered": 100.0, "percent_covered_display": "100", "missing_lines": 0, "excluded_lines": 0}, "missing_lines": [], "excluded_lines": []}}, "classes": {"": {"executed_lines": [2, 6, 8, 9, 11, 12, 16, 17, 18, 19, 24, 25, 26, 27, 28, 29, 30, 31, 32, 33, 37, 38, 43, 45, 48, 49, 50, 51, 52, 55, 60, 68, 70, 75, 80, 88, 90, 91, 92, 93, 94, 96, 99, 100, 103, 105, 115, 117, 126, 128, 137, 139, 142, 143, 146, 151], "summary": {"covered_lines": 55, "num_statements": 72, "percent_covered": 76.38888888888889, "percent_covered_display": "76", "missing_lines": 17, "excluded_lines": 0}, "missing_lines": [65, 85, 111, 112, 122, 123, 133, 134, 155, 158, 159, 160, 161, 162, 163, 164, 167], "excluded_lines": []}}}, "src/body/cli/commands/mind.py": {"executed_lines": [2, 6, 8, 10, 12, 14, 19, 24, 36, 40, 49, 53, 62, 66], "summary": {"covered_lines": 13, "num_statements": 18, "percent_covered": 72.22222222222223, "percent_covered_display": "72", "missing_lines": 5, "excluded_lines": 0}, "missing_lines": [33, 46, 59, 68, 69], "excluded_lines": [], "functions": {"snapshot_command": {"executed_lines": [], "summary": {"covered_lines": 0, "num_statements": 1, "percent_covered": 0.0, "percent_covered_display": "0", "missing_lines": 1, "excluded_lines": 0}, "missing_lines": [33], "excluded_lines": []}, "diff_command": {"executed_lines": [], "summary": {"covered_lines": 0, "num_statements": 1, "percent_covered": 0.0, "percent_covered_display": "0", "missing_lines": 1, "excluded_lines": 0}, "missing_lines": [46], "excluded_lines": []}, "import_command": {"executed_lines": [], "summary": {"covered_lines": 0, "num_statements": 1, "percent_covered": 0.0, "percent_covered_display": "0", "missing_lines": 1, "excluded_lines": 0}, "missing_lines": [59], "excluded_lines": []}, "verify_command": {"executed_lines": [], "summary": {"covered_lines": 0, "num_statements": 2, "percent_covered": 0.0, "percent_covered_display": "0", "missing_lines": 2, "excluded_lines": 0}, "missing_lines": [68, 69], "excluded_lines": []}, "": {"executed_lines": [2, 6, 8, 10, 12, 14, 19, 24, 36, 40, 49, 53, 62, 66], "summary": {"covered_lines": 13, "num_statements": 13, "percent_covered": 100.0, "percent_covered_display": "100", "missing_lines": 0, "excluded_lines": 0}, "missing_lines": [], "excluded_lines": []}}, "classes": {"": {"executed_lines": [2, 6, 8, 10, 12, 14, 19, 24, 36, 40, 49, 53, 62, 66], "summary": {"covered_lines": 13, "num_statements": 18, "percent_covered": 72.22222222222223, "percent_covered_display": "72", "missing_lines": 5, "excluded_lines": 0}, "missing_lines": [33, 46, 59, 68, 69], "excluded_lines": []}}}, "src/body/cli/commands/run.py": {"executed_lines": [2, 4, 6, 7, 9, 11, 12, 16, 20, 22, 26, 29, 31, 54, 56], "summary": {"covered_lines": 14, "num_statements": 23, "percent_covered": 60.869565217391305, "percent_covered_display": "61", "missing_lines": 9, "excluded_lines": 0}, "missing_lines": [50, 51, 64, 67, 68, 70, 73, 75, 77], "excluded_lines": [], "functions": {"develop_command": {"executed_lines": [], "summary": {"covered_lines": 0, "num_statements": 2, "percent_covered": 0.0, "percent_covered_display": "0", "missing_lines": 2, "excluded_lines": 0}, "missing_lines": [50, 51], "excluded_lines": []}, "vectorize_command": {"executed_lines": [], "summary": {"covered_lines": 0, "num_statements": 7, "percent_covered": 0.0, "percent_covered_display": "0", "missing_lines": 7, "excluded_lines": 0}, "missing_lines": [64, 67, 68, 70, 73, 75, 77], "excluded_lines": []}, "": {"executed_lines": [2, 4, 6, 7, 9, 11, 12, 16, 20, 22, 26, 29, 31, 54, 56], "summary": {"covered_lines": 14, "num_statements": 14, "percent_covered": 100.0, "percent_covered_display": "100", "missing_lines": 0, "excluded_lines": 0}, "missing_lines": [], "excluded_lines": []}}, "classes": {"": {"executed_lines": [2, 4, 6, 7, 9, 11, 12, 16, 20, 22, 26, 29, 31, 54, 56], "summary": {"covered_lines": 14, "num_statements": 23, "percent_covered": 60.869565217391305, "percent_covered_display": "61", "missing_lines": 9, "excluded_lines": 0}, "missing_lines": [50, 51, 64, 67, 68, 70, 73, 75, 77], "excluded_lines": []}}}, "src/body/cli/commands/search.py": {"executed_lines": [2, 7, 9, 11, 12, 13, 15, 16, 18, 19, 24, 28, 62, 64, 74], "summary": {"covered_lines": 14, "num_statements": 40, "percent_covered": 35.0, "percent_covered_display": "35", "missing_lines": 26, "excluded_lines": 0}, "missing_lines": [31, 32, 35, 36, 37, 38, 39, 40, 42, 43, 44, 45, 46, 47, 48, 49, 52, 53, 54, 55, 56, 57, 59, 69, 70, 71], "excluded_lines": [], "functions": {"search_knowledge_command": {"executed_lines": [], "summary": {"covered_lines": 0, "num_statements": 2, "percent_covered": 0.0, "percent_covered_display": "0", "missing_lines": 2, "excluded_lines": 0}, "missing_lines": [31, 59], "excluded_lines": []}, "search_knowledge_command._run": {"executed_lines": [], "summary": {"covered_lines": 0, "num_statements": 21, "percent_covered": 0.0, "percent_covered_display": "0", "missing_lines": 21, "excluded_lines": 0}, "missing_lines": [32, 35, 36, 37, 38, 39, 40, 42, 43, 44, 45, 46, 47, 48, 49, 52, 53, 54, 55, 56, 57], "excluded_lines": []}, "search_capabilities_wrapper": {"executed_lines": [], "summary": {"covered_lines": 0, "num_statements": 3, "percent_covered": 0.0, "percent_covered_display": "0", "missing_lines": 3, "excluded_lines": 0}, "missing_lines": [69, 70, 71], "excluded_lines": []}, "": {"executed_lines": [2, 7, 9, 11, 12, 13, 15, 16, 18, 19, 24, 28, 62, 64, 74], "summary": {"covered_lines": 14, "num_statements": 14, "percent_covered": 100.0, "percent_covered_display": "100", "missing_lines": 0, "excluded_lines": 0}, "missing_lines": [], "excluded_lines": []}}, "classes": {"": {"executed_lines": [2, 7, 9, 11, 12, 13, 15, 16, 18, 19, 24, 28, 62, 64, 74], "summary": {"covered_lines": 14, "num_statements": 40, "percent_covered": 35.0, "percent_covered_display": "35", "missing_lines": 26, "excluded_lines": 0}, "missing_lines": [31, 32, 35, 36, 37, 38, 39, 40, 42, 43, 44, 45, 46, 47, 48, 49, 52, 53, 54, 55, 56, 57, 59, 69, 70, 71], "excluded_lines": []}}}, "src/body/cli/commands/secrets.py": {"executed_lines": [2, 7, 9, 10, 12, 13, 15, 16, 17, 25, 28, 29, 30, 31, 32, 34, 46, 53, 54, 55, 56, 63, 70, 71, 72, 74, 85, 87, 117, 121, 132, 134, 148, 154, 156, 162, 165, 167, 176, 183, 191, 200, 201, 203, 204, 206, 207, 212, 217, 218, 220, 222, 229, 230, 235, 239, 240, 241, 242, 247, 248, 249, 254, 255, 256, 262, 266, 267, 268, 269, 270, 274, 275, 276, 277, 279, 280, 290, 291, 297, 301, 302, 303, 304, 305], "summary": {"covered_lines": 84, "num_statements": 105, "percent_covered": 80.0, "percent_covered_display": "80", "missing_lines": 21, "excluded_lines": 3}, "missing_lines": [60, 118, 119, 181, 231, 232, 251, 257, 258, 259, 271, 272, 292, 293, 294, 306, 307, 308, 309, 310, 311], "excluded_lines": [75, 76, 77], "functions": {"_run_async": {"executed_lines": [53, 54, 55, 56], "summary": {"covered_lines": 4, "num_statements": 5, "percent_covered": 80.0, "percent_covered_display": "80", "missing_lines": 1, "excluded_lines": 0}, "missing_lines": [60], "excluded_lines": []}, "_safe_cli_run": {"executed_lines": [70, 71, 72, 74], "summary": {"covered_lines": 4, "num_statements": 4, "percent_covered": 100.0, "percent_covered_display": "100", "missing_lines": 0, "excluded_lines": 3}, "missing_lines": [], "excluded_lines": [75, 76, 77]}, "set_secret": {"executed_lines": [117, 121], "summary": {"covered_lines": 2, "num_statements": 4, "percent_covered": 50.0, "percent_covered_display": "50", "missing_lines": 2, "excluded_lines": 0}, "missing_lines": [118, 119], "excluded_lines": []}, "get": {"executed_lines": [148], "summary": {"covered_lines": 1, "num_statements": 1, "percent_covered": 100.0, "percent_covered_display": "100", "missing_lines": 0, "excluded_lines": 0}, "missing_lines": [], "excluded_lines": []}, "list_secrets": {"executed_lines": [162], "summary": {"covered_lines": 1, "num_statements": 1, "percent_covered": 100.0, "percent_covered_display": "100", "missing_lines": 0, "excluded_lines": 0}, "missing_lines": [], "excluded_lines": []}, "delete": {"executed_lines": [176, 183], "summary": {"covered_lines": 2, "num_statements": 3, "percent_covered": 66.66666666666667, "percent_covered_display": "67", "missing_lines": 1, "excluded_lines": 0}, "missing_lines": [181], "excluded_lines": []}, "_set_secret_internal": {"executed_lines": [200, 201, 203, 204, 206, 207, 212, 217, 218, 220, 222, 229, 230], "summary": {"covered_lines": 13, "num_statements": 15, "percent_covered": 86.66666666666667, "percent_covered_display": "87", "missing_lines": 2, "excluded_lines": 0}, "missing_lines": [231, 232], "excluded_lines": []}, "_get_internal": {"executed_lines": [239, 240, 241, 242, 247, 248, 249, 254, 255, 256], "summary": {"covered_lines": 10, "num_statements": 14, "percent_covered": 71.42857142857143, "percent_covered_display": "71", "missing_lines": 4, "excluded_lines": 0}, "missing_lines": [251, 257, 258, 259], "excluded_lines": []}, "_list_secrets_internal": {"executed_lines": [266, 267, 268, 269, 270, 274, 275, 276, 277, 279, 280, 290, 291], "summary": {"covered_lines": 13, "num_statements": 18, "percent_covered": 72.22222222222223, "percent_covered_display": "72", "missing_lines": 5, "excluded_lines": 0}, "missing_lines": [271, 272, 292, 293, 294], "excluded_lines": []}, "_delete_internal": {"executed_lines": [301, 302, 303, 304, 305], "summary": {"covered_lines": 5, "num_statements": 11, "percent_covered": 45.45454545454545, "percent_covered_display": "45", "missing_lines": 6, "excluded_lines": 0}, "missing_lines": [306, 307, 308, 309, 310, 311], "excluded_lines": []}, "": {"executed_lines": [2, 7, 9, 10, 12, 13, 15, 16, 17, 25, 28, 29, 30, 31, 32, 34, 46, 63, 85, 87, 132, 134, 154, 156, 165, 167, 191, 235, 262, 297], "summary": {"covered_lines": 29, "num_statements": 29, "percent_covered": 100.0, "percent_covered_display": "100", "missing_lines": 0, "excluded_lines": 0}, "missing_lines": [], "excluded_lines": []}}, "classes": {"": {"executed_lines": [2, 7, 9, 10, 12, 13, 15, 16, 17, 25, 28, 29, 30, 31, 32, 34, 46, 53, 54, 55, 56, 63, 70, 71, 72, 74, 85, 87, 117, 121, 132, 134, 148, 154, 156, 162, 165, 167, 176, 183, 191, 200, 201, 203, 204, 206, 207, 212, 217, 218, 220, 222, 229, 230, 235, 239, 240, 241, 242, 247, 248, 249, 254, 255, 256, 262, 266, 267, 268, 269, 270, 274, 275, 276, 277, 279, 280, 290, 291, 297, 301, 302, 303, 304, 305], "summary": {"covered_lines": 84, "num_statements": 105, "percent_covered": 80.0, "percent_covered_display": "80", "missing_lines": 21, "excluded_lines": 3}, "missing_lines": [60, 118, 119, 181, 231, 232, 251, 257, 258, 259, 271, 272, 292, 293, 294, 306, 307, 308, 309, 310, 311], "excluded_lines": [75, 76, 77]}}}, "src/body/cli/commands/submit.py": {"executed_lines": [2, 6, 8, 10, 12, 13, 15, 20, 23, 28], "summary": {"covered_lines": 9, "num_statements": 11, "percent_covered": 81.81818181818181, "percent_covered_display": "82", "missing_lines": 2, "excluded_lines": 0}, "missing_lines": [35, 36], "excluded_lines": [], "functions": {"integrate_command": {"executed_lines": [], "summary": {"covered_lines": 0, "num_statements": 2, "percent_covered": 0.0, "percent_covered_display": "0", "missing_lines": 2, "excluded_lines": 0}, "missing_lines": [35, 36], "excluded_lines": []}, "": {"executed_lines": [2, 6, 8, 10, 12, 13, 15, 20, 23, 28], "summary": {"covered_lines": 9, "num_statements": 9, "percent_covered": 100.0, "percent_covered_display": "100", "missing_lines": 0, "excluded_lines": 0}, "missing_lines": [], "excluded_lines": []}}, "classes": {"": {"executed_lines": [2, 6, 8, 10, 12, 13, 15, 20, 23, 28], "summary": {"covered_lines": 9, "num_statements": 11, "percent_covered": 81.81818181818181, "percent_covered_display": "82", "missing_lines": 2, "excluded_lines": 0}, "missing_lines": [35, 36], "excluded_lines": []}}}, "src/body/cli/interactive.py": {"executed_lines": [2, 7, 9, 10, 12, 13, 15, 17, 20, 55, 86, 139, 163, 199], "summary": {"covered_lines": 13, "num_statements": 58, "percent_covered": 22.413793103448278, "percent_covered_display": "22", "missing_lines": 45, "excluded_lines": 0}, "missing_lines": [22, 23, 24, 25, 26, 28, 29, 30, 32, 33, 34, 35, 37, 38, 39, 40, 41, 42, 43, 46, 48, 51, 57, 88, 141, 165, 201, 202, 203, 209, 210, 211, 212, 213, 215, 217, 218, 219, 220, 221, 222, 223, 224, 225, 226], "excluded_lines": [], "functions": {"_show_menu": {"executed_lines": [], "summary": {"covered_lines": 0, "num_statements": 22, "percent_covered": 0.0, "percent_covered_display": "0", "missing_lines": 22, "excluded_lines": 0}, "missing_lines": [22, 23, 24, 25, 26, 28, 29, 30, 32, 33, 34, 35, 37, 38, 39, 40, 41, 42, 43, 46, 48, 51], "excluded_lines": []}, "show_development_menu": {"executed_lines": [], "summary": {"covered_lines": 0, "num_statements": 1, "percent_covered": 0.0, "percent_covered_display": "0", "missing_lines": 1, "excluded_lines": 0}, "missing_lines": [57], "excluded_lines": []}, "show_governance_menu": {"executed_lines": [], "summary": {"covered_lines": 0, "num_statements": 1, "percent_covered": 0.0, "percent_covered_display": "0", "missing_lines": 1, "excluded_lines": 0}, "missing_lines": [88], "excluded_lines": []}, "show_system_menu": {"executed_lines": [], "summary": {"covered_lines": 0, "num_statements": 1, "percent_covered": 0.0, "percent_covered_display": "0", "missing_lines": 1, "excluded_lines": 0}, "missing_lines": [141], "excluded_lines": []}, "show_project_lifecycle_menu": {"executed_lines": [], "summary": {"covered_lines": 0, "num_statements": 1, "percent_covered": 0.0, "percent_covered_display": "0", "missing_lines": 1, "excluded_lines": 0}, "missing_lines": [165], "excluded_lines": []}, "launch_interactive_menu": {"executed_lines": [], "summary": {"covered_lines": 0, "num_statements": 19, "percent_covered": 0.0, "percent_covered_display": "0", "missing_lines": 19, "excluded_lines": 0}, "missing_lines": [201, 202, 203, 209, 210, 211, 212, 213, 215, 217, 218, 219, 220, 221, 222, 223, 224, 225, 226], "excluded_lines": []}, "": {"executed_lines": [2, 7, 9, 10, 12, 13, 15, 17, 20, 55, 86, 139, 163, 199], "summary": {"covered_lines": 13, "num_statements": 13, "percent_covered": 100.0, "percent_covered_display": "100", "missing_lines": 0, "excluded_lines": 0}, "missing_lines": [], "excluded_lines": []}}, "classes": {"": {"executed_lines": [2, 7, 9, 10, 12, 13, 15, 17, 20, 55, 86, 139, 163, 199], "summary": {"covered_lines": 13, "num_statements": 58, "percent_covered": 22.413793103448278, "percent_covered_display": "22", "missing_lines": 45, "excluded_lines": 0}, "missing_lines": [22, 23, 24, 25, 26, 28, 29, 30, 32, 33, 34, 35, 37, 38, 39, 40, 41, 42, 43, 46, 48, 51, 57, 88, 141, 165, 201, 202, 203, 209, 210, 211, 212, 213, 215, 217, 218, 219, 220, 221, 222, 223, 224, 225, 226], "excluded_lines": []}}}, "src/body/cli/logic/__init__.py": {"executed_lines": [2, 7], "summary": {"covered_lines": 1, "num_statements": 1, "percent_covered": 100.0, "percent_covered_display": "100", "missing_lines": 0, "excluded_lines": 0}, "missing_lines": [], "excluded_lines": [], "functions": {"": {"executed_lines": [2, 7], "summary": {"covered_lines": 1, "num_statements": 1, "percent_covered": 100.0, "percent_covered_display": "100", "missing_lines": 0, "excluded_lines": 0}, "missing_lines": [], "excluded_lines": []}}, "classes": {"": {"executed_lines": [2, 7], "summary": {"covered_lines": 1, "num_statements": 1, "percent_covered": 100.0, "percent_covered_display": "100", "missing_lines": 0, "excluded_lines": 0}, "missing_lines": [], "excluded_lines": []}}}, "src/body/cli/logic/agent.py": {"executed_lines": [3, 7, 9, 10, 11, 13, 15, 16, 17, 19, 20, 23, 36, 88, 90, 99, 100, 101, 102, 105, 106], "summary": {"covered_lines": 20, "num_statements": 63, "percent_covered": 31.746031746031747, "percent_covered_display": "32", "missing_lines": 43, "excluded_lines": 0}, "missing_lines": [25, 27, 30, 31, 32, 40, 41, 42, 43, 46, 47, 48, 49, 52, 53, 54, 55, 56, 57, 58, 59, 60, 61, 62, 63, 64, 67, 68, 69, 70, 71, 72, 73, 76, 77, 78, 79, 82, 83, 84, 85, 108, 109], "excluded_lines": [], "functions": {"_extract_json_from_response": {"executed_lines": [], "summary": {"covered_lines": 0, "num_statements": 5, "percent_covered": 0.0, "percent_covered_display": "0", "missing_lines": 5, "excluded_lines": 0}, "missing_lines": [25, 27, 30, 31, 32], "excluded_lines": []}, "scaffold_new_application": {"executed_lines": [], "summary": {"covered_lines": 0, "num_statements": 36, "percent_covered": 0.0, "percent_covered_display": "0", "missing_lines": 36, "excluded_lines": 0}, "missing_lines": [40, 41, 42, 43, 46, 47, 48, 49, 52, 53, 54, 55, 56, 57, 58, 59, 60, 61, 62, 63, 64, 67, 68, 69, 70, 71, 72, 73, 76, 77, 78, 79, 82, 83, 84, 85], "excluded_lines": []}, "agent_scaffold": {"executed_lines": [99, 100, 101, 102, 105, 106], "summary": {"covered_lines": 6, "num_statements": 8, "percent_covered": 75.0, "percent_covered_display": "75", "missing_lines": 2, "excluded_lines": 0}, "missing_lines": [108, 109], "excluded_lines": []}, "": {"executed_lines": [3, 7, 9, 10, 11, 13, 15, 16, 17, 19, 20, 23, 36, 88, 90], "summary": {"covered_lines": 14, "num_statements": 14, "percent_covered": 100.0, "percent_covered_display": "100", "missing_lines": 0, "excluded_lines": 0}, "missing_lines": [], "excluded_lines": []}}, "classes": {"": {"executed_lines": [3, 7, 9, 10, 11, 13, 15, 16, 17, 19, 20, 23, 36, 88, 90, 99, 100, 101, 102, 105, 106], "summary": {"covered_lines": 20, "num_statements": 63, "percent_covered": 31.746031746031747, "percent_covered_display": "32", "missing_lines": 43, "excluded_lines": 0}, "missing_lines": [25, 27, 30, 31, 32, 40, 41, 42, 43, 46, 47, 48, 49, 52, 53, 54, 55, 56, 57, 58, 59, 60, 61, 62, 63, 64, 67, 68, 69, 70, 71, 72, 73, 76, 77, 78, 79, 82, 83, 84, 85, 108, 109], "excluded_lines": []}}}, "src/body/cli/logic/audit.py": {"executed_lines": [2, 6, 8, 9, 11, 12, 13, 14, 16, 17, 18, 19, 21, 24, 27, 59, 106, 162, 173, 179], "summary": {"covered_lines": 19, "num_statements": 90, "percent_covered": 21.11111111111111, "percent_covered_display": "21", "missing_lines": 71, "excluded_lines": 0}, "missing_lines": [29, 34, 35, 36, 37, 39, 45, 46, 47, 48, 50, 56, 61, 64, 65, 66, 67, 68, 69, 71, 76, 77, 78, 79, 81, 88, 94, 95, 102, 103, 108, 109, 110, 112, 113, 115, 116, 117, 118, 119, 120, 122, 125, 126, 128, 129, 130, 131, 134, 136, 138, 139, 140, 141, 142, 143, 144, 145, 147, 148, 149, 151, 152, 153, 155, 157, 158, 164, 167, 175, 196], "excluded_lines": [], "functions": {"_print_verbose_findings": {"executed_lines": [], "summary": {"covered_lines": 0, "num_statements": 12, "percent_covered": 0.0, "percent_covered_display": "0", "missing_lines": 12, "excluded_lines": 0}, "missing_lines": [29, 34, 35, 36, 37, 39, 45, 46, 47, 48, 50, 56], "excluded_lines": []}, "_print_summary_findings": {"executed_lines": [], "summary": {"covered_lines": 0, "num_statements": 18, "percent_covered": 0.0, "percent_covered_display": "0", "missing_lines": 18, "excluded_lines": 0}, "missing_lines": [61, 64, 65, 66, 67, 68, 69, 71, 76, 77, 78, 79, 81, 88, 94, 95, 102, 103], "excluded_lines": []}, "_async_audit": {"executed_lines": [], "summary": {"covered_lines": 0, "num_statements": 37, "percent_covered": 0.0, "percent_covered_display": "0", "missing_lines": 37, "excluded_lines": 0}, "missing_lines": [108, 109, 110, 112, 113, 115, 116, 117, 118, 119, 120, 122, 125, 126, 128, 129, 130, 131, 134, 136, 138, 139, 140, 141, 142, 143, 144, 145, 147, 148, 149, 151, 152, 153, 155, 157, 158], "excluded_lines": []}, "lint": {"executed_lines": [], "summary": {"covered_lines": 0, "num_statements": 2, "percent_covered": 0.0, "percent_covered_display": "0", "missing_lines": 2, "excluded_lines": 0}, "missing_lines": [164, 167], "excluded_lines": []}, "test_system": {"executed_lines": [], "summary": {"covered_lines": 0, "num_statements": 1, "percent_covered": 0.0, "percent_covered_display": "0", "missing_lines": 1, "excluded_lines": 0}, "missing_lines": [175], "excluded_lines": []}, "audit": {"executed_lines": [], "summary": {"covered_lines": 0, "num_statements": 1, "percent_covered": 0.0, "percent_covered_display": "0", "missing_lines": 1, "excluded_lines": 0}, "missing_lines": [196], "excluded_lines": []}, "": {"executed_lines": [2, 6, 8, 9, 11, 12, 13, 14, 16, 17, 18, 19, 21, 24, 27, 59, 106, 162, 173, 179], "summary": {"covered_lines": 19, "num_statements": 19, "percent_covered": 100.0, "percent_covered_display": "100", "missing_lines": 0, "excluded_lines": 0}, "missing_lines": [], "excluded_lines": []}}, "classes": {"": {"executed_lines": [2, 6, 8, 9, 11, 12, 13, 14, 16, 17, 18, 19, 21, 24, 27, 59, 106, 162, 173, 179], "summary": {"covered_lines": 19, "num_statements": 90, "percent_covered": 21.11111111111111, "percent_covered_display": "21", "missing_lines": 71, "excluded_lines": 0}, "missing_lines": [29, 34, 35, 36, 37, 39, 45, 46, 47, 48, 50, 56, 61, 64, 65, 66, 67, 68, 69, 71, 76, 77, 78, 79, 81, 88, 94, 95, 102, 103, 108, 109, 110, 112, 113, 115, 116, 117, 118, 119, 120, 122, 125, 126, 128, 129, 130, 131, 134, 136, 138, 139, 140, 141, 142, 143, 144, 145, 147, 148, 149, 151, 152, 153, 155, 157, 158, 164, 167, 175, 196], "excluded_lines": []}}}, "src/body/cli/logic/audit_capability_domains.py": {"executed_lines": [2, 6, 8, 9, 11, 14, 90], "summary": {"covered_lines": 6, "num_statements": 23, "percent_covered": 26.08695652173913, "percent_covered_display": "26", "missing_lines": 17, "excluded_lines": 0}, "missing_lines": [19, 20, 26, 37, 39, 48, 50, 63, 67, 76, 80, 96, 100, 101, 102, 103, 106], "excluded_lines": [], "functions": {"_audit_queries": {"executed_lines": [], "summary": {"covered_lines": 0, "num_statements": 11, "percent_covered": 0.0, "percent_covered_display": "0", "missing_lines": 11, "excluded_lines": 0}, "missing_lines": [19, 20, 26, 37, 39, 48, 50, 63, 67, 76, 80], "excluded_lines": []}, "audit_capability_domains": {"executed_lines": [], "summary": {"covered_lines": 0,
[...]
src/will/orchestration/__init__.py": {"executed_lines": [2, 4], "summary": {"covered_lines": 1, "num_statements": 1, "percent_covered": 100.0, "percent_covered_display": "100", "missing_lines": 0, "excluded_lines": 0}, "missing_lines": [], "excluded_lines": [], "functions": {"": {"executed_lines": [2, 4], "summary": {"covered_lines": 1, "num_statements": 1, "percent_covered": 100.0, "percent_covered_display": "100", "missing_lines": 0, "excluded_lines": 0}, "missing_lines": [], "excluded_lines": []}}, "classes": {"": {"executed_lines": [2, 4], "summary": {"covered_lines": 1, "num_statements": 1, "percent_covered": 100.0, "percent_covered_display": "100", "missing_lines": 0, "excluded_lines": 0}, "missing_lines": [], "excluded_lines": []}}}, "src/will/orchestration/cognitive_service.py": {"executed_lines": [3, 5, 7, 8, 9, 10, 12, 14, 15, 16, 17, 18, 19, 20, 21, 22, 24, 27, 31, 32, 37, 38, 39, 40, 41, 42, 43, 44, 49, 51, 53, 55, 57, 58, 59, 62, 64, 65, 66, 67, 68, 69, 70, 71, 72, 73, 74, 75, 76, 79, 80, 83, 84, 85, 87, 93, 94, 95, 96, 97, 98, 99, 102, 105, 106, 107, 110, 111, 112, 113, 126, 127, 130, 131, 134, 137, 139, 141, 142, 143, 144, 145, 148, 150, 151, 152, 154, 155, 156, 157, 158, 159, 160, 161, 164, 165, 166, 167, 172, 174, 175, 176, 177, 180, 184, 186, 187, 188, 189, 190, 191, 192, 193], "summary": {"covered_lines": 110, "num_statements": 117, "percent_covered": 94.01709401709402, "percent_covered_display": "94", "missing_lines": 7, "excluded_lines": 2}, "missing_lines": [114, 118, 121, 123, 140, 149, 185], "excluded_lines": [24, 25], "functions": {"CognitiveService.__init__": {"executed_lines": [38, 39, 40, 41, 42, 43, 44, 49], "summary": {"covered_lines": 8, "num_statements": 8, "percent_covered": 100.0, "percent_covered_display": "100", "missing_lines": 0, "excluded_lines": 0}, "missing_lines": [], "excluded_lines": []}, "CognitiveService.qdrant_service": {"executed_lines": [55, 57, 58, 59], "summary": {"covered_lines": 4, "num_statements": 4, "percent_covered": 100.0, "percent_covered_display": "100", "missing_lines": 0, "excluded_lines": 0}, "missing_lines": [], "excluded_lines": []}, "CognitiveService.initialize": {"executed_lines": [64, 65, 66, 67, 68, 69, 70, 71, 72, 73, 74, 75, 76, 79, 80, 83, 84, 85], "summary": {"covered_lines": 18, "num_statements": 18, "percent_covered": 100.0, "percent_covered_display": "100", "missing_lines": 0, "excluded_lines": 0}, "missing_lines": [], "excluded_lines": []}, "CognitiveService._create_provider_for_resource": {"executed_lines": [93, 94, 95, 96, 97, 98, 99, 102, 105, 106, 107, 110, 111, 112, 113, 126, 127, 130, 131, 134], "summary": {"covered_lines": 20, "num_statements": 24, "percent_covered": 83.33333333333333, "percent_covered_display": "83", "missing_lines": 4, "excluded_lines": 0}, "missing_lines": [114, 118, 121, 123], "excluded_lines": []}, "CognitiveService.aget_client_for_role": {"executed_lines": [139, 141, 142, 143, 144, 145, 148, 150, 151, 152, 154, 155, 156, 157, 158, 159, 160, 161, 164, 165, 166, 167], "summary": {"covered_lines": 22, "num_statements": 24, "percent_covered": 91.66666666666667, "percent_covered_display": "92", "missing_lines": 2, "excluded_lines": 0}, "missing_lines": [140, 149], "excluded_lines": []}, "CognitiveService.get_embedding_for_code": {"executed_lines": [174, 175, 176, 177], "summary": {"covered_lines": 4, "num_statements": 4, "percent_covered": 100.0, "percent_covered_display": "100", "missing_lines": 0, "excluded_lines": 0}, "missing_lines": [], "excluded_lines": []}, "CognitiveService.search_capabilities": {"executed_lines": [184, 186, 187, 188, 189, 190, 191, 192, 193], "summary": {"covered_lines": 9, "num_statements": 10, "percent_covered": 90.0, "percent_covered_display": "90", "missing_lines": 1, "excluded_lines": 0}, "missing_lines": [185], "excluded_lines": []}, "": {"executed_lines": [3, 5, 7, 8, 9, 10, 12, 14, 15, 16, 17, 18, 19, 20, 21, 22, 24, 27, 31, 32, 37, 51, 53, 62, 87, 137, 172, 180], "summary": {"covered_lines": 25, "num_statements": 25, "percent_covered": 100.0, "percent_covered_display": "100", "missing_lines": 0, "excluded_lines": 2}, "missing_lines": [], "excluded_lines": [24, 25]}}, "classes": {"CognitiveService": {"executed_lines": [38, 39, 40, 41, 42, 43, 44, 49, 55, 57, 58, 59, 64, 65, 66, 67, 68, 69, 70, 71, 72, 73, 74, 75, 76, 79, 80, 83, 84, 85, 93, 94, 95, 96, 97, 98, 99, 102, 105, 106, 107, 110, 111, 112, 113, 126, 127, 130, 131, 134, 139, 141, 142, 143, 144, 145, 148, 150, 151, 152, 154, 155, 156, 157, 158, 159, 160, 161, 164, 165, 166, 167, 174, 175, 176, 177, 184, 186, 187, 188, 189, 190, 191, 192, 193], "summary": {"covered_lines": 85, "num_statements": 92, "percent_covered": 92.3913043478261, "percent_covered_display": "92", "missing_lines": 7, "excluded_lines": 0}, "missing_lines": [114, 118, 121, 123, 140, 149, 185], "excluded_lines": []}, "": {"executed_lines": [3, 5, 7, 8, 9, 10, 12, 14, 15, 16, 17, 18, 19, 20, 21, 22, 24, 27, 31, 32, 37, 51, 53, 62, 87, 137, 172, 180], "summary": {"covered_lines": 25, "num_statements": 25, "percent_covered": 100.0, "percent_covered_display": "100", "missing_lines": 0, "excluded_lines": 2}, "missing_lines": [], "excluded_lines": [24, 25]}}}, "src/will/orchestration/intent_alignment.py": {"executed_lines": [2, 10, 12, 13, 14, 16, 18, 25, 28, 39, 55, 61], "summary": {"covered_lines": 11, "num_statements": 42, "percent_covered": 26.19047619047619, "percent_covered_display": "26", "missing_lines": 31, "excluded_lines": 0}, "missing_lines": [30, 31, 32, 33, 34, 35, 36, 41, 42, 43, 50, 51, 52, 57, 68, 69, 70, 73, 74, 75, 78, 79, 80, 81, 82, 83, 84, 85, 86, 88, 89], "excluded_lines": [], "functions": {"_read_text_first": {"executed_lines": [], "summary": {"covered_lines": 0, "num_statements": 7, "percent_covered": 0.0, "percent_covered_display": "0", "missing_lines": 7, "excluded_lines": 0}, "missing_lines": [30, 31, 32, 33, 34, 35, 36], "excluded_lines": []}, "_read_blocklist": {"executed_lines": [], "summary": {"covered_lines": 0, "num_statements": 6, "percent_covered": 0.0, "percent_covered_display": "0", "missing_lines": 6, "excluded_lines": 0}, "missing_lines": [41, 42, 43, 50, 51, 52], "excluded_lines": []}, "_tokenize": {"executed_lines": [], "summary": {"covered_lines": 0, "num_statements": 1, "percent_covered": 0.0, "percent_covered_display": "0", "missing_lines": 1, "excluded_lines": 0}, "missing_lines": [57], "excluded_lines": []}, "check_goal_alignment": {"executed_lines": [], "summary": {"covered_lines": 0, "num_statements": 17, "percent_covered": 0.0, "percent_covered_display": "0", "missing_lines": 17, "excluded_lines": 0}, "missing_lines": [68, 69, 70, 73, 74, 75, 78, 79, 80, 81, 82, 83, 84, 85, 86, 88, 89], "excluded_lines": []}, "": {"executed_lines": [2, 10, 12, 13, 14, 16, 18, 25, 28, 39, 55, 61], "summary": {"covered_lines": 11, "num_statements": 11, "percent_covered": 100.0, "percent_covered_display": "100", "missing_lines": 0, "excluded_lines": 0}, "missing_lines": [], "excluded_lines": []}}, "classes": {"": {"executed_lines": [2, 10, 12, 13, 14, 16, 18, 25, 28, 39, 55, 61], "summary": {"covered_lines": 11, "num_statements": 42, "percent_covered": 26.19047619047619, "percent_covered_display": "26", "missing_lines": 31, "excluded_lines": 0}, "missing_lines": [30, 31, 32, 33, 34, 35, 36, 41, 42, 43, 50, 51, 52, 57, 68, 69, 70, 73, 74, 75, 78, 79, 80, 81, 82, 83, 84, 85, 86, 88, 89], "excluded_lines": []}}}, "src/will/orchestration/intent_guard.py": {"executed_lines": [3, 10, 12, 13, 15, 16, 18, 21, 23, 24, 26, 27, 28, 29, 30, 32, 34, 45, 47, 48, 50, 51, 52, 53, 54, 58, 59, 63, 73, 93, 105, 114, 126, 135, 146, 163], "summary": {"covered_lines": 32, "num_statements": 85, "percent_covered": 37.64705882352941, "percent_covered_display": "38", "missing_lines": 53, "excluded_lines": 0}, "missing_lines": [36, 65, 66, 67, 68, 69, 70, 71, 75, 76, 77, 78, 79, 80, 81, 86, 87, 88, 89, 90, 99, 100, 101, 102, 103, 107, 108, 109, 110, 111, 112, 118, 119, 120, 121, 122, 123, 124, 128, 137, 138, 139, 140, 141, 142, 143, 144, 150, 151, 159, 160, 161, 165], "excluded_lines": [], "functions": {"PolicyRule.from_dict": {"executed_lines": [], "summary": {"covered_lines": 0, "num_statements": 1, "percent_covered": 0.0, "percent_covered_display": "0", "missing_lines": 1, "excluded_lines": 0}, "missing_lines": [36], "excluded_lines": []}, "IntentGuard.__init__": {"executed_lines": [], "summary": {"covered_lines": 0, "num_statements": 7, "percent_covered": 0.0, "percent_covered_display": "0", "missing_lines": 7, "excluded_lines": 0}, "missing_lines": [65, 66, 67, 68, 69, 70, 71], "excluded_lines": []}, "IntentGuard._load_policies": {"executed_lines": [], "summary": {"covered_lines": 0, "num_statements": 12, "percent_covered": 0.0, "percent_covered_display": "0", "missing_lines": 12, "excluded_lines": 0}, "missing_lines": [75, 76, 77, 78, 79, 80, 81, 86, 87, 88, 89, 90], "excluded_lines": []}, "IntentGuard.check_transaction": {"executed_lines": [], "summary": {"covered_lines": 0, "num_statements": 5, "percent_covered": 0.0, "percent_covered_display": "0", "missing_lines": 5, "excluded_lines": 0}, "missing_lines": [99, 100, 101, 102, 103], "excluded_lines": []}, "IntentGuard._check_single_path": {"executed_lines": [], "summary": {"covered_lines": 0, "num_statements": 6, "percent_covered": 0.0, "percent_covered_display": "0", "missing_lines": 6, "excluded_lines": 0}, "missing_lines": [107, 108, 109, 110, 111, 112], "excluded_lines": []}, "IntentGuard._check_constitutional_integrity": {"executed_lines": [], "summary": {"covered_lines": 0, "num_statements": 7, "percent_covered": 0.0, "percent_covered_display": "0", "missing_lines": 7, "excluded_lines": 0}, "missing_lines": [118, 119, 120, 121, 122, 123, 124], "excluded_lines": []}, "IntentGuard._create_constitutional_violation": {"executed_lines": [], "summary": {"covered_lines": 0, "num_statements": 1, "percent_covered": 0.0, "percent_covered_display": "0", "missing_lines": 1, "excluded_lines": 0}, "missing_lines": [128], "excluded_lines": []}, "IntentGuard._check_policy_rules": {"executed_lines": [], "summary": {"covered_lines": 0, "num_statements": 8, "percent_covered": 0.0, "percent_covered_display": "0", "missing_lines": 8, "excluded_lines": 0}, "missing_lines": [137, 138, 139, 140, 141, 142, 143, 144], "excluded_lines": []}, "IntentGuard._apply_rule_action": {"executed_lines": [], "summary": {"covered_lines": 0, "num_statements": 5, "percent_covered": 0.0, "percent_covered_display": "0", "missing_lines": 5, "excluded_lines": 0}, "missing_lines": [150, 151, 159, 160, 161], "excluded_lines": []}, "IntentGuard._matches_pattern": {"executed_lines": [], "summary": {"covered_lines": 0, "num_statements": 1, "percent_covered": 0.0, "percent_covered_display": "0", "missing_lines": 1, "excluded_lines": 0}, "missing_lines": [165], "excluded_lines": []}, "": {"executed_lines": [3, 10, 12, 13, 15, 16, 18, 21, 23, 24, 26, 27, 28, 29, 30, 32, 34, 45, 47, 48, 50, 51, 52, 53, 54, 58, 59, 63, 73, 93, 105, 114, 126, 135, 146, 163], "summary": {"covered_lines": 32, "num_statements": 32, "percent_covered": 100.0, "percent_covered_display": "100", "missing_lines": 0, "excluded_lines": 0}, "missing_lines": [], "excluded_lines": []}}, "classes": {"PolicyRule": {"executed_lines": [], "summary": {"covered_lines": 0, "num_statements": 1, "percent_covered": 0.0, "percent_covered_display": "0", "missing_lines": 1, "excluded_lines": 0}, "missing_lines": [36], "excluded_lines": []}, "ViolationReport": {"executed_lines": [], "summary": {"covered_lines": 0, "num_statements": 0, "percent_covered": 100.0, "percent_covered_display": "100", "missing_lines": 0, "excluded_lines": 0}, "missing_lines": [], "excluded_lines": []}, "IntentGuard": {"executed_lines": [], "summary": {"covered_lines": 0, "num_statements": 52, "percent_covered": 0.0, "percent_covered_display": "0", "missing_lines": 52, "excluded_lines": 0}, "missing_lines": [65, 66, 67, 68, 69, 70, 71, 75, 76, 77, 78, 79, 80, 81, 86, 87, 88, 89, 90, 99, 100, 101, 102, 103, 107, 108, 109, 110, 111, 112, 118, 119, 120, 121, 122, 123, 124, 128, 137, 138, 139, 140, 141, 142, 143, 144, 150, 151, 159, 160, 161, 165], "excluded_lines": []}, "": {"executed_lines": [3, 10, 12, 13, 15, 16, 18, 21, 23, 24, 26, 27, 28, 29, 30, 32, 34, 45, 47, 48, 50, 51, 52, 53, 54, 58, 59, 63, 73, 93, 105, 114, 126, 135, 146, 163], "summary": {"covered_lines": 32, "num_statements": 32, "percent_covered": 100.0, "percent_covered_display": "100", "missing_lines": 0, "excluded_lines": 0}, "missing_lines": [], "excluded_lines": []}}}, "src/will/orchestration/prompt_pipeline.py": {"executed_lines": [2, 15, 17, 18, 20, 23, 27, 28, 34, 41, 44, 45, 46, 47, 49, 75, 77, 79, 105, 107, 109, 118, 120, 122, 157, 162, 165, 170, 171, 172, 173, 174], "summary": {"covered_lines": 30, "num_statements": 73, "percent_covered": 41.0958904109589, "percent_covered_display": "41", "missing_lines": 43, "excluded_lines": 0}, "missing_lines": [55, 56, 57, 59, 60, 64, 65, 66, 71, 72, 73, 85, 86, 87, 89, 90, 94, 95, 96, 101, 102, 103, 114, 116, 127, 128, 129, 131, 132, 133, 134, 136, 137, 139, 140, 141, 142, 144, 145, 148, 149, 151, 153], "excluded_lines": [], "functions": {"PromptPipeline.__init__": {"executed_lines": [41, 44, 45, 46, 47], "summary": {"covered_lines": 5, "num_statements": 5, "percent_covered": 100.0, "percent_covered_display": "100", "missing_lines": 0, "excluded_lines": 0}, "missing_lines": [], "excluded_lines": []}, "PromptPipeline._replace_context_match": {"executed_lines": [], "summary": {"covered_lines": 0, "num_statements": 11, "percent_covered": 0.0, "percent_covered_display": "0", "missing_lines": 11, "excluded_lines": 0}, "missing_lines": [55, 56, 57, 59, 60, 64, 65, 66, 71, 72, 73], "excluded_lines": []}, "PromptPipeline._inject_context": {"executed_lines": [77], "summary": {"covered_lines": 1, "num_statements": 1, "percent_covered": 100.0, "percent_covered_display": "100", "missing_lines": 0, "excluded_lines": 0}, "missing_lines": [], "excluded_lines": []}, "PromptPipeline._replace_include_match": {"executed_lines": [], "summary": {"covered_lines": 0, "num_statements": 11, "percent_covered": 0.0, "percent_covered_display": "0", "missing_lines": 11, "excluded_lines": 0}, "missing_lines": [85, 86, 87, 89, 90, 94, 95, 96, 101, 102, 103], "excluded_lines": []}, "PromptPipeline._inject_includes": {"executed_lines": [107], "summary": {"covered_lines": 1, "num_statements": 1, "percent_covered": 100.0, "percent_covered_display": "100", "missing_lines": 0, "excluded_lines": 0}, "missing_lines": [], "excluded_lines": []}, "PromptPipeline._replace_analysis_match": {"executed_lines": [], "summary": {"covered_lines": 0, "num_statements": 2, "percent_covered": 0.0, "percent_covered_display": "0", "missing_lines": 2, "excluded_lines": 0}, "missing_lines": [114, 116], "excluded_lines": []}, "PromptPipeline._inject_analysis": {"executed_lines": [120], "summary": {"covered_lines": 1, "num_statements": 1, "percent_covered": 100.0, "percent_covered_display": "100", "missing_lines": 0, "excluded_lines": 0}, "missing_lines": [], "excluded_lines": []}, "PromptPipeline._replace_manifest_match": {"executed_lines": [], "summary": {"covered_lines": 0, "num_statements": 19, "percent_covered": 0.0, "percent_covered_display": "0", "missing_lines": 19, "excluded_lines": 0}, "missing_lines": [127, 128, 129, 131, 132, 133, 134, 136, 137, 139, 140, 141, 142, 144, 145, 148, 149, 151, 153], "excluded_lines": []}, "PromptPipeline._inject_manifest": {"executed_lines": [162], "summary": {"covered_lines": 1, "num_statements": 1, "percent_covered": 100.0, "percent_covered_display": "100", "missing_lines": 0, "excluded_lines": 0}, "missing_lines": [], "excluded_lines": []}, "PromptPipeline.process": {"executed_lines": [170, 171, 172, 173, 174], "summary": {"covered_lines": 5, "num_statements": 5, "percent_covered": 100.0, "percent_covered_display": "100", "missing_lines": 0, "excluded_lines": 0}, "missing_lines": [], "excluded_lines": []}, "": {"executed_lines": [2, 15, 17, 18, 20, 23, 27, 28, 34, 49, 75, 79, 105, 109, 118, 122, 157, 165], "summary": {"covered_lines": 16, "num_statements": 16, "percent_covered": 100.0, "percent_covered_display": "100", "missing_lines": 0, "excluded_lines": 0}, "missing_lines": [], "excluded_lines": []}}, "classes": {"PromptPipeline": {"executed_lines": [41, 44, 45, 46, 47, 77, 107, 120, 162, 170, 171, 172, 173, 174], "summary": {"covered_lines": 14, "num_statements": 57, "percent_covered": 24.56140350877193, "percent_covered_display": "25", "missing_lines": 43, "excluded_lines": 0}, "missing_lines": [55, 56, 57, 59, 60, 64, 65, 66, 71, 72, 73, 85, 86, 87, 89, 90, 94, 95, 96, 101, 102, 103, 114, 116, 127, 128, 129, 131, 132, 133, 134, 136, 137, 139, 140, 141, 142, 144, 145, 148, 149, 151, 153], "excluded_lines": []}, "": {"executed_lines": [2, 15, 17, 18, 20, 23, 27, 28, 34, 49, 75, 79, 105, 109, 118, 122, 157, 165], "summary": {"covered_lines": 16, "num_statements": 16, "percent_covered": 100.0, "percent_covered_display": "100", "missing_lines": 0, "excluded_lines": 0}, "missing_lines": [], "excluded_lines": []}}}, "src/will/orchestration/self_correction_engine.py": {"executed_lines": [2, 6, 8, 9, 11, 12, 13, 14, 15, 17, 21, 22, 26], "summary": {"covered_lines": 11, "num_statements": 28, "percent_covered": 39.285714285714285, "percent_covered_display": "39", "missing_lines": 17, "excluded_lines": 2}, "missing_lines": [34, 37, 38, 39, 41, 42, 47, 55, 56, 58, 60, 61, 66, 68, 71, 72, 79], "excluded_lines": [17, 18], "functions": {"attempt_correction": {"executed_lines": [], "summary": {"covered_lines": 0, "num_statements": 17, "percent_covered": 0.0, "percent_covered_display": "0", "missing_lines": 17, "excluded_lines": 0}, "missing_lines": [34, 37, 38, 39, 41, 42, 47, 55, 56, 58, 60, 61, 66, 68, 71, 72, 79], "excluded_lines": []}, "": {"executed_lines": [2, 6, 8, 9, 11, 12, 13, 14, 15, 17, 21, 22, 26], "summary": {"covered_lines": 11, "num_statements": 11, "percent_covered": 100.0, "percent_covered_display": "100", "missing_lines": 0, "excluded_lines": 2}, "missing_lines": [], "excluded_lines": [17, 18]}}, "classes": {"": {"executed_lines": [2, 6, 8, 9, 11, 12, 13, 14, 15, 17, 21, 22, 26], "summary": {"covered_lines": 11, "num_statements": 28, "percent_covered": 39.285714285714285, "percent_covered_display": "39", "missing_lines": 17, "excluded_lines": 2}, "missing_lines": [34, 37, 38, 39, 41, 42, 47, 55, 56, 58, 60, 61, 66, 68, 71, 72, 79], "excluded_lines": [17, 18]}}}, "src/will/orchestration/validation_pipeline.py": {"executed_lines": [3, 7, 9, 11, 12, 13, 14, 16, 18, 22], "summary": {"covered_lines": 8, "num_statements": 22, "percent_covered": 36.36363636363637, "percent_covered_display": "36", "missing_lines": 14, "excluded_lines": 2}, "missing_lines": [29, 30, 31, 32, 33, 34, 35, 36, 37, 40, 41, 42, 43, 44], "excluded_lines": [16, 17], "functions": {"validate_code_async": {"executed_lines": [], "summary": {"covered_lines": 0, "num_statements": 14, "percent_covered": 0.0, "percent_covered_display": "0", "missing_lines": 14, "excluded_lines": 0}, "missing_lines": [29, 30, 31, 32, 33, 34, 35, 36, 37, 40, 41, 42, 43, 44], "excluded_lines": []}, "": {"executed_lines": [3, 7, 9, 11, 12, 13, 14, 16, 18, 22], "summary": {"covered_lines": 8, "num_statements": 8, "percent_covered": 100.0, "percent_covered_display": "100", "missing_lines": 0, "excluded_lines": 2}, "missing_lines": [], "excluded_lines": [16, 17]}}, "classes": {"": {"executed_lines": [3, 7, 9, 11, 12, 13, 14, 16, 18, 22], "summary": {"covered_lines": 8, "num_statements": 22, "percent_covered": 36.36363636363637, "percent_covered_display": "36", "missing_lines": 14, "excluded_lines": 2}, "missing_lines": [29, 30, 31, 32, 33, 34, 35, 36, 37, 40, 41, 42, 43, 44], "excluded_lines": [16, 17]}}}}, "totals": {"covered_lines": 5989, "num_statements": 12905, "percent_covered": 46.40836884928322, "percent_covered_display": "46", "missing_lines": 6916, "excluded_lines": 89}}
